<testsuites id="" name="" tests="136" failures="46" skipped="1" errors="0" time="8258.313027">


sults\frontend-tests-integration-ea1a2--email-and-password-fields--GLO-DE\test-finished-1.png]]

[[ATTACHMENT|..\test-results\frontend-tests-integration-ea1a2--email-and-password-fields--GLO-DE\trace.zip]]
]]>
</system-out>
</testcase>
<testcase name="verify login and logout › Verify error message with blanks values " classname="frontend\tests\integration\CEN\regression\Common\loginLogout\loginAndLogout.spec.ts" time="12.652">
<system-out>
<![CDATA[
[[ATTACHMENT|..\test-results\frontend-tests-integration-f2aef-message-with-blanks-values--GLO-DE\test-finished-1.png]]

[[ATTACHMENT|..\test-results\frontend-tests-integration-f2aef-message-with-blanks-values--GLO-DE\trace.zip]]
]]>
</system-out>
</testcase>
<testcase name="verify login and logout › Verify incorrect email format message " classname="frontend\tests\integration\CEN\regression\Common\loginLogout\loginAndLogout.spec.ts" time="10.41">
<system-out>
<![CDATA[
[[ATTACHMENT|..\test-results\frontend-tests-integration-c57a3-rrect-email-format-message--GLO-DE\test-finished-1.png]]

[[ATTACHMENT|..\test-results\frontend-tests-integration-c57a3-rrect-email-format-message--GLO-DE\trace.zip]]
]]>
</system-out>
</testcase>
<testcase name="verify login and logout › Verify incorrect password validation" classname="frontend\tests\integration\CEN\regression\Common\loginLogout\loginAndLogout.spec.ts" time="21.637">
<system-out>
<![CDATA[
[[ATTACHMENT|..\test-results\frontend-tests-integration-f9f21-correct-password-validation-GLO-DE\test-finished-1.png]]

[[ATTACHMENT|..\test-results\frontend-tests-integration-f9f21-correct-password-validation-GLO-DE\trace.zip]]
]]>
</system-out>
</testcase>
<testcase name="verify login and logout › Verify login with valid credentials and logout " classname="frontend\tests\integration\CEN\regression\Common\loginLogout\loginAndLogout.spec.ts" time="32.245">
<system-out>
<![CDATA[
[[ATTACHMENT|..\test-results\frontend-tests-integration-6eaca-lid-credentials-and-logout--GLO-DE\test-finished-1.png]]

[[ATTACHMENT|..\test-results\frontend-tests-integration-6eaca-lid-credentials-and-logout--GLO-DE\trace.zip]]
]]>
</system-out>
</testcase>
</testsuite>
<testsuite name="frontend\tests\integration\CEN\regression\Glo\de\30dayTrial\Trial.spec.ts" timestamp="2026-02-18T15:54:26.256Z" hostname="GLO_DE" tests="1" failures="1" skipped="0" time="190.282" errors="0">
<testcase name="verify 30 days trial › Verify the sending 30 days trial " classname="frontend\tests\integration\CEN\regression\Glo\de\30dayTrial\Trial.spec.ts" time="190.282">
<failure message="Trial.spec.ts:65:9 Verify the sending 30 days trial " type="FAILURE">
<![CDATA[  [GLO_DE] › frontend\tests\integration\CEN\regression\Glo\de\30dayTrial\Trial.spec.ts:65:9 › verify 30 days trial › Verify the sending 30 days trial  @intergration @signup › Click on buy now button 

    TimeoutError: page.waitForSelector: Timeout 80000ms exceeded.
    Call log:
      - waiting for locator('h3[data-test-id=\'order-success-heading\']') to be visible


       at frontend\pages\CEN\checkOutPageObjects\Glo\de\checkoutpageDE.ts:232

      230 |         await this.buyNowButton.scrollIntoViewIfNeeded();
      231 |         await this.buyNowButton.click();
    > 232 |         await this.page.waitForSelector(this.checkOutPageSelectors.orderSuccessMessageLabel);
          |                         ^
      233 |     }
      234 |ing_OrderId_Saved_Credit_Card_Detail_Products_Price_Details_In_Order_History_Page" classname="frontend\tests\integration\CEN\regression\Glo\de\orderPlacement\OrderPlacement_Save_CreditCard_Validation.spec.ts" time="35.449">
<failure message="OrderPlacement_Save_CreditCard_Validation.spec.ts:97:7 Verify_Order_Details_Including_OrderId_Saved_Credit_Card_Detail_Products_Price_Details_In_Order_History_Page" type="FAILURE">
<![CDATA[  [GLO_DE] › frontend\tests\integration\CEN\regression\Glo\de\orderPlacement\OrderPlacement_Save_CreditCard_Validation.spec.ts:97:7 › Validate_Successful_Order_Placement_using_Saved_CreditCard › Verify_Order_Details_Including_OrderId_Saved_Credit_Card_Detail_Products_Price_Details_In_Order_History_Page @integration @orderplacement 

    TypeError: Cannot read properties of undefined (reading 'waitFor')

       at frontend\pages\CEN\miniCartpageObjects\Glo\de\miniCart.ts:167

      165 |         await this.openMinicart();
      166 |         const miniCartTitle = await this.miniCartTitleLabel.all();
    > 167 |         await miniCartTitle[0].waitFor({ state: 'visible' });
          |                                ^
      168 |             let deleteButtons = await this.deleteProductButton.all();
      169 |             let count =0;
      170 |             const cartItemCount = deleteButtons.length;
        at MiniCartDE.emptyMiniCart (C:\Users\2368592\Cen end market test automation practice fix\cen-endmarkets-test\frontend\pages\CEN\miniCartpageObjects\Glo\de\miniCart.ts:167:32)
        at C:\Users\2368592\Cen end market test automation practice fix\cen-endmarkets-test\frontend\tests\integration\CEN\regression\Glo\de\orderPlacement\OrderPlacement_Save_CreditCard_Validation.spec.ts:39:5

    attachment #1: screenshot (image/png) ──────────────────────────────────────────────────────────
    test-results\frontend-tests-integration-6d23b-tails-In-Order-History-Page-GLO-DE\test-failed-1.png
    ────────────────────────────────────────────────────────────────────────────────────────────────

    Error Context: test-results\frontend-tests-integration-6d23b-tails-In-Order-History-Page-GLO-DE\error-context.md

    attachment #3: trace (application/zip) ─────────────────────────────────────────────────────────
    test-results\frontend-tests-integration-6d23b-tails-In-Order-History-Page-GLO-DE\trace.zip
    Usage:

        npx playwright show-trace test-results\frontend-tests-integration-6d23b-tails-In-Order-History-Page-GLO-DE\trace.zip

    ────────────────────────────────────────────────────────────────────────────────────────────────
]]>
</failure>
<system-out>
<![CDATA[
[[ATTACHMENT|..\test-results\frontend-tests-integration-6d23b-tails-In-Order-History-Page-GLO-DE\test-failed-1.png]]

[[ATTACHMENT|..\test-results\frontend-tests-integration-6d23b-tails-In-Order-History-Page-GLO-DE\error-context.md]]

[[ATTACHMENT|..\test-results\frontend-tests-integration-6d23b-tails-In-Order-History-Page-GLO-DE\trace.zip]]
]]>
</system-out>
</testcase>
</testsuite>
<testsuite name="frontend\tests\integration\CEN\regression\Glo\de\orderPlacement\OrderPlacement_WorldPay_Validation.spec.ts" timestamp="2026-02-18T15:54:26.256Z" hostname="GLO_DE" tests="3" failures="3" skipped="0" time="368.63" errors="0">
<testcase name="Validate_Successful_order_Placement_using_PayPal_PaymentMethod › Verify_SummaryDetails_In_Checkout_Page" classname="frontend\tests\integration\CEN\regression\Glo\de\orderPlacement\OrderPlacement_WorldPay_Validation.spec.ts" time="302.396">
<failure message="OrderPlacement_WorldPay_Validation.spec.ts:52:7 Verify_SummaryDetails_In_Checkout_Page" type="FAILURE">
<![CDATA[  [GLO_DE] › frontend\tests\integration\CEN\regression\Glo\de\orderPlacement\OrderPlacement_WorldPay_Validation.spec.ts:52:7 › Validate_Successful_order_Placement_using_PayPal_PaymentMethod › Verify_SummaryDetails_In_Checkout_Page @integration @orderplacement › Verify Tabak Sticks page heading 

    Test timeout of 300000ms exceeded.

    TimeoutError: page.waitForSelector: Timeout 240000ms exceeded.
    Call log:
      - waiting for locator('label[data-test-id=\'select-shipping-address\']') to be visible
        469 × locator resolved to 2 elements. Proceeding with the first one: <label data-bind="click: selectAddress" data-test-id="select-shipping-address">…</label>


       at frontend\pages\CEN\checkOutPageObjects\Glo\de\checkoutpageDE.ts:174

      172 |     async verifyCheckoutPage() {
      173 |         await this.page.waitForLoadState('load');
    > 174 |         await this.page.waitForSelector(this.checkOutPageSelectors.checkedAddressLabel, { timeout: config.timeout });
          |                         ^
      175 |         await expect(this.selectedAddressLabel).toBeVisible({ timeout: config.timeout, visible: true });
      176 |         await expect(this.addressLabel).toBeVisible({ timeout: config.timeout, visible: true });
      177 |         await expect(this.shippingMethod).toBeVisible({ timeout: config.timeout, visible: true });
        at CheckOutPageDE.verifyCheckoutPage (C:\Users\2368592\Cen end market test automation practice fix\cen-endmarkets-test\frontend\pages\CEN\checkOutPageObjects\Glo\de\checkoutpageDE.ts:174:25)
        at C:\Users\2368592\Cen end market test automation practice fix\cen-endmarkets-test\frontend\tests\integration\CEN\regression\Glo\de\orderPlacement\OrderPlacement_WorldPay_Validation.spec.ts:54:7

    attachment #1: screenshot (image/png) ──────────────────────────────────────────────────────────
    test-results\frontend-tests-integration-94809-aryDetails-In-Checkout-Page-GLO-DE\test-failed-1.png
    ────────────────────────────────────────────────────────────────────────────────────────────────

    Error Context: test-results\frontend-tests-integration-94809-aryDetails-In-Checkout-Page-GLO-DE\error-context.md

    attachment #3: trace (application/zip) ─────────────────────────────────────────────────────────
    test-results\frontend-tests-integration-94809-aryDetails-In-Checkout-Page-GLO-DE\trace.zip
    Usage:

        npx playwright show-trace test-results\frontend-tests-integration-94809-aryDetails-In-Checkout-Page-GLO-DE\trace.zip

    ────────────────────────────────────────────────────────────────────────────────────────────────
]]>
</failure>
<system-out>
<![CDATA[
[[ATTACHMENT|..\test-results\frontend-tests-integration-94809-aryDetails-In-Checkout-Page-GLO-DE\test-failed-1.png]]

[[ATTACHMENT|..\test-results\frontend-tests-integration-94809-aryDetails-In-Checkout-Page-GLO-DE\error-context.md]]

[[ATTACHMENT|..\test-results\frontend-tests-integration-94809-aryDetails-In-Checkout-Page-GLO-DE\trace.zip]]
]]>
</system-out>
</testcase>
<testcase name="Validate_Successful_order_Placement_using_PayPal_PaymentMethod › Verify_Order_Details_Including_Products_Price_Details_In_Order_Confirmation_With_Paypal" classname="frontend\tests\integration\CEN\regression\Glo\de\orderPlacement\OrderPlacement_WorldPay_Validation.spec.ts" time="33.564">
<failure message="OrderPlacement_WorldPay_Validation.spec.ts:62:7 Verify_Order_Details_Including_Products_Price_Details_In_Order_Confirmation_With_Paypal" type="FAILURE">
<![CDATA[  [GLO_DE] › frontend\tests\integration\CEN\regression\Glo\de\orderPlacement\OrderPlacement_WorldPay_Validation.spec.ts:62:7 › Validate_Successful_order_Placement_using_PayPal_PaymentMethod › Verify_Order_Details_Including_Products_Price_Details_In_Order_Confirmation_With_Paypal @integration @orderplacement 

    TypeError: Cannot read properties of undefined (reading 'waitFor')

       at frontend\pages\CEN\miniCartpageObjects\Glo\de\miniCart.ts:167

      165 |         await this.openMinicart();
      166 |         const miniCartTitle = await this.miniCartTitleLabel.all();
    > 167 |         await miniCartTitle[0].waitFor({ state: 'visible' });
          |                                ^
      168 |             let deleteButtons = await this.deleteProductButton.all();
      169 |             let count =0;
      170 |             const cartItemCount = deleteButtons.length;
        at MiniCartDE.emptyMiniCart (C:\Users\2368592\Cen end market test automation practice fix\cen-endmarkets-test\frontend\pages\CEN\miniCartpageObjects\Glo\de\miniCart.ts:167:32)
        at C:\Users\2368592\Cen end market test automation practice fix\cen-endmarkets-test\frontend\tests\integration\CEN\regression\Glo\de\orderPlacement\OrderPlacement_WorldPay_Validation.spec.ts:30:5

    attachment #1: screenshot (image/png) ──────────────────────────────────────────────────────────
    test-results\frontend-tests-integration-74009-er-Confirmation-With-Paypal-GLO-DE\test-failed-1.png
    ────────────────────────────────────────────────────────────────────────────────────────────────

    Error Context: test-results\frontend-tests-integration-74009-er-Confirmation-With-Paypal-GLO-DE\error-context.md

    attachment #3: trace (application/zip) ─────────────────────────────────────────────────────────
    test-results\frontend-tests-integration-74009-er-Confirmation-With-Paypal-GLO-DE\trace.zip
    Usage:

        npx playwright show-trace test-results\frontend-tests-integration-74009-er-Confirmation-With-Paypal-GLO-DE\trace.zip

    ────────────────────────────────────────────────────────────────────────────────────────────────
]]>
</failure>
<system-out>
<![CDATA[
[[ATTACHMENT|..\test-results\frontend-tests-integration-74009-er-Confirmation-With-Paypal-GLO-DE\test-failed-1.png]]

[[ATTACHMENT|..\test-results\frontend-tests-integration-74009-er-Confirmation-With-Paypal-GLO-DE\error-context.md]]

[[ATTACHMENT|..\test-results\frontend-tests-integration-74009-er-Confirmation-With-Paypal-GLO-DE\trace.zip]]
]]>
</system-out>
</testcase>
<testcase name="Validate_Successful_order_Placement_using_PayPal_PaymentMethod › Verify_Order_Details_Including_OrderId_Payment_Method_Products_Price_Details_In_Order_History_Page" classname="frontend\tests\integration\CEN\regression\Glo\de\orderPlacement\OrderPlacement_WorldPay_Validation.spec.ts" time="32.67">
<failure message="OrderPlacement_WorldPay_Validation.spec.ts:102:7 Verify_Order_Details_Including_OrderId_Payment_Method_Products_Price_Details_In_Order_History_Page" type="FAILURE">
<![CDATA[  [GLO_DE] › frontend\tests\integration\CEN\regression\Glo\de\orderPlacement\OrderPlacement_WorldPay_Validation.spec.ts:102:7 › Validate_Successful_order_Placement_using_PayPal_PaymentMethod › Verify_Order_Details_Including_OrderId_Payment_Method_Products_Price_Details_In_Order_History_Page @integration @orderplacement 

    TypeError: Cannot read properties of undefined (reading 'waitFor')

       at frontend\pages\CEN\miniCartpageObjects\Glo\de\miniCart.ts:167

      165 |         await this.openMinicart();
      166 |         const miniCartTitle = await this.miniCartTitleLabel.all();
    > 167 |         await miniCartTitle[0].waitFor({ state: 'visible' });
          |                                ^
      168 |             let deleteButtons = await this.deleteProductButton.all();
      169 |             let count =0;
      170 |             const cartItemCount = deleteButtons.length;
        at MiniCartDE.emptyMiniCart (C:\Users\2368592\Cen end market test automation practice fix\cen-endmarkets-test\frontend\pages\CEN\miniCartpageObjects\Glo\de\miniCart.ts:167:32)
        at C:\Users\2368592\Cen end market test automation practice fix\cen-endmarkets-test\frontend\tests\integration\CEN\regression\Glo\de\orderPlacement\OrderPlacement_WorldPay_Validation.spec.ts:30:5

    attachment #1: screenshot (image/png) ──────────────────────────────────────────────────────────
    test-results\frontend-tests-integration-47a80-tails-In-Order-History-Page-GLO-DE\test-failed-1.png
    ────────────────────────────────────────────────────────────────────────────────────────────────

    Error Context: test-results\frontend-tests-integration-47a80-tails-In-Order-History-Page-GLO-DE\error-context.md

    attachment #3: trace (application/zip) ─────────────────────────────────────────────────────────
    test-results\frontend-tests-integration-47a80-tails-In-Order-History-Page-GLO-DE\trace.zip
    Usage:

        npx playwright show-trace test-results\frontend-tests-integration-47a80-tails-In-Order-History-Page-GLO-DE\trace.zip

    ────────────────────────────────────────────────────────────────────────────────────────────────
]]>
</failure>
<system-out>
<![CDATA[
[[ATTACHMENT|..\test-results\frontend-tests-integration-47a80-tails-In-Order-History-Page-GLO-DE\test-failed-1.png]]

[[ATTACHMENT|..\test-results\frontend-tests-integration-47a80-tails-In-Order-History-Page-GLO-DE\error-context.md]]

[[ATTACHMENT|..\test-results\frontend-tests-integration-47a80-tails-In-Order-History-Page-GLO-DE\trace.zip]]
]]>
</system-out>
</testcase>
</testsuite>
<testsuite name="frontend\tests\integration\CEN\regression\Glo\de\orderPlacement\ReOrder.spec.ts" timestamp="2026-02-18T15:54:26.256Z" hostname="GLO_DE" tests="1" failures="1" skipped="0" time="126.778" errors="0">
<testcase name="Verify header buttons › Verify ReOrder Functionality" classname="frontend\tests\integration\CEN\regression\Glo\de\orderPlacement\ReOrder.spec.ts" time="126.778">
<failure message="ReOrder.spec.ts:27:5 Verify ReOrder Functionality" type="FAILURE">
<![CDATA[  [GLO_DE] › frontend\tests\integration\CEN\regression\Glo\de\orderPlacement\ReOrder.spec.ts:27:5 › Verify header buttons › Verify ReOrder Functionality @delta 

    TimeoutError: page.waitForSelector: Timeout 80000ms exceeded.
    Call log:
      - waiting for locator('h3[data-test-id=\'order-success-heading\']') to be visible


       at frontend\pages\CEN\checkOutPageObjects\Glo\de\checkoutpageDE.ts:232

      230 |         await this.buyNowButton.scrollIntoViewIfNeeded();
      231 |         await this.buyNowButton.click();
    > 232 |         await this.page.waitForSelector(this.checkOutPageSelectors.orderSuccessMessageLabel);
          |                         ^
      233 |     }
      234 |
      235 |     async acceptTrialCondition() {
        at CheckOutPageDE.clickOnBuyNowButton (C:\Users\2368592\Cen end market test automation practice fix\cen-endmarkets-test\frontend\pages\CEN\checkOutPageObjects\Glo\de\checkoutpageDE.ts:232:25)
        at C:\Users\2368592\Cen end market test automation practice fix\cen-endmarkets-test\frontend\tests\integration\CEN\regression\Glo\de\orderPlacement\ReOrder.spec.ts:33:5

    attachment #1: screenshot (image/png) ──────────────────────────────────────────────────────────
    test-results\frontend-tests-integration-ac2f0-erify-ReOrder-Functionality-GLO-DE\test-failed-1.png
    ────────────────────────────────────────────────────────────────────────────────────────────────

    Error Context: test-results\frontend-tests-integration-ac2f0-erify-ReOrder-Functionality-GLO-DE\error-context.md

    attachment #3: trace (application/zip) ─────────────────────────────────────────────────────────
    test-results\frontend-tests-integration-ac2f0-erify-ReOrder-Functionality-GLO-DE\trace.zip
    Usage:

        npx playwright show-trace test-results\frontend-tests-integration-ac2f0-erify-ReOrder-Functionality-GLO-DE\trace.zip

    ────────────────────────────────────────────────────────────────────────────────────────────────
]]>
</failure>
<system-out>
<![CDATA[
[[ATTACHMENT|..\test-results\frontend-tests-integration-ac2f0-erify-ReOrder-Functionality-GLO-DE\test-failed-1.png]]

[[ATTACHMENT|..\test-results\frontend-tests-integration-ac2f0-erify-ReOrder-Functionality-GLO-DE\error-context.md]]

[[ATTACHMENT|..\test-results\frontend-tests-integration-ac2f0-erify-ReOrder-Functionality-GLO-DE\trace.zip]]
]]>
</system-out>
</testcase>
</testsuite>
<testsuite name="frontend\tests\integration\CEN\regression\Glo\de\pdp\Heater_PDP_Page_Validation.spec.ts" timestamp="2026-02-18T15:54:26.256Z" hostname="GLO_DE" tests="4" failures="3" skipped="0" time="183.736" errors="0">
<testcase name="Validate_ProductDetails_On_Heater_PDP_And_Successful_AddToCart_Functionality › Verify_Product_Has_Image_Name_Description_Price_Review_Button_To_Add_To_Cart" classname="frontend\tests\integration\CEN\regression\Glo\de\pdp\Heater_PDP_Page_Validation.spec.ts" time="26.429">
<failure message="Heater_PDP_Page_Validation.spec.ts:25:7 Verify_Product_Has_Image_Name_Description_Price_Review_Button_To_Add_To_Cart" type="FAILURE">
<![CDATA[  [GLO_DE] › frontend\tests\integration\CEN\regression\Glo\de\pdp\Heater_PDP_Page_Validation.spec.ts:25:7 › Validate_ProductDetails_On_Heater_PDP_And_Successful_AddToCart_Functionality › Verify_Product_Has_Image_Name_Description_Price_Review_Button_To_Add_To_Cart @integration @pdp @pass › Verify PDP page has Heading, Description, Rating, Color swatch, Quantity section, Price and Add to cart button 

    Error: expect(locator).toBeVisible() failed

    Locator: locator('//div[@class=\'swatch-option color selected\']|//div[@class=\'swatch-option color clickTrigger selected\']')
    Expected: visible
    Timeout: 5000ms
    Error: element(s) not found

    Call log:
      - Expect "toBeVisible" with timeout 5000ms
      - waiting for locator('//div[@class=\'swatch-option color selected\']|//div[@class=\'swatch-option color clickTrigger selected\']')


      28 |       await expect(pdpPage.pdpPageCommon.descriptionLabel).toBeVisible();
      29 |       await expect(pdpPage.pdpPageCommon.ratingsLabel).toBeVisible();
    > 30 |       await expect(pdpPage.pdpPageCommon.colourSwatchSelected).toBeVisible();
         |                                                                ^
      31 |       (await pdpPage.pdpPageCommon.colourSwatchSelected.all()).map(async (colourSwatch) => {
      32 |         await expect(colourSwatch).toBeVisible();
      33 |       });
        at C:\Users\2368592\Cen end market test automation practice fix\cen-endmarkets-test\frontend\tests\integration\CEN\regression\Glo\de\pdp\Heater_PDP_Page_Validation.spec.ts:30:64

    attachment #1: screenshot (image/png) ──────────────────────────────────────────────────────────
    test-results\frontend-tests-integration-a892e-eview-Button-To-Add-To-Cart-GLO-DE\test-failed-1.png
    ────────────────────────────────────────────────────────────────────────────────────────────────

    Error Context: test-results\frontend-tests-integration-a892e-eview-Button-To-Add-To-Cart-GLO-DE\error-context.md

    attachment #3: trace (application/zip) ─────────────────────────────────────────────────────────
    test-results\frontend-tests-integration-a892e-eview-Button-To-Add-To-Cart-GLO-DE\trace.zip
    Usage:

        npx playwright show-trace test-results\frontend-tests-integration-a892e-eview-Button-To-Add-To-Cart-GLO-DE\trace.zip

    ────────────────────────────────────────────────────────────────────────────────────────────────
]]>
</failure>
<system-out>
<![CDATA[
[[ATTACHMENT|..\test-results\frontend-tests-integration-a892e-eview-Button-To-Add-To-Cart-GLO-DE\test-failed-1.png]]

[[ATTACHMENT|..\test-results\frontend-tests-integration-a892e-eview-Button-To-Add-To-Cart-GLO-DE\error-context.md]]

[[ATTACHMENT|..\test-results\frontend-tests-integration-a892e-eview-Button-To-Add-To-Cart-GLO-DE\trace.zip]]
]]>
</system-out>
</testcase>
<testcase name="Validate_ProductDetails_On_Heater_PDP_And_Successful_AddToCart_Functionality › Verify_Increase_Or_Decrease_Quantity_From_PDP_Page" classname="frontend\tests\integration\CEN\regression\Glo\de\pdp\Heater_PDP_Page_Validation.spec.ts" time="33.511">
<system-out>
<![CDATA[
[[ATTACHMENT|..\test-results\frontend-tests-integration-4a799-ease-Quantity-From-PDP-Page-GLO-DE\test-finished-1.png]]

[[ATTACHMENT|..\test-results\frontend-tests-integration-4a799-ease-Quantity-From-PDP-Page-GLO-DE\trace.zip]]
]]>
</system-out>
</testcase>
<testcase name="Validate_ProductDetails_On_Heater_PDP_And_Successful_AddToCart_Functionality › Verify_Adding_Similar_Products_To_Cart" classname="frontend\tests\integration\CEN\regression\Glo\de\pdp\Heater_PDP_Page_Validation.spec.ts" time="21.247">
<failure message="Heater_PDP_Page_Validation.spec.ts:78:7 Verify_Adding_Similar_Products_To_Cart" type="FAILURE">
<![CDATA[  [GLO_DE] › frontend\tests\integration\CEN\regression\Glo\de\pdp\Heater_PDP_Page_Validation.spec.ts:78:7 › Validate_ProductDetails_On_Heater_PDP_And_Successful_AddToCart_Functionality › Verify_Adding_Similar_Products_To_Cart @integration @pdp › Verify similar products are displayed below  

    Error: expect(locator).toBeVisible() failed

    Locator: locator('span[data-test-id=\'Ähnliche Produkte-heading\'], li[class=\'item product product-item\']')
    Expected: visible
    Error: strict mode violation: locator('span[data-test-id=\'Ähnliche Produkte-heading\'], li[class=\'item product product-item\']') resolved to 6 elements:
        1) <span role="heading" aria-level="2" id="block-related-heading" data-test-id="Ähnliche Produkte-heading">Ähnliche Produkte</span> aka locator('[data-test-id="Ähnliche Produkte-heading"]')
        2) <li data-shuffle-group="" id="product-item_6206" class="item product product-item">…</li> aka locator('#product-item_6206')
        3) <li data-shuffle-group="" id="product-item_6323" class="item product product-item">…</li> aka locator('#product-item_6323')
        4) <li data-shuffle-group="" id="product-item_6205" class="item product product-item">…</li> aka locator('#product-item_6205')
        5) <li data-shuffle-group="" id="product-item_6189" class="item product product-item">…</li> aka locator('#product-item_6189')
        6) <li data-shuffle-group="" id="product-item_6324" class="item product product-item">…</li> aka locator('#product-item_6324')

    Call log:
      - Expect "toBeVisible" with timeout 5000ms
      - waiting for locator('span[data-test-id=\'Ähnliche Produkte-heading\'], li[class=\'item product product-item\']')


      86 |     await allure.step('Verify similar products are displayed below ', async () => {
      87 |       await expect(pdpPage.pdpPageCommon.relatedProductsLabel).toHaveText(Constants.PDPPage.Related_Products_Heading);
    > 88 |       await expect(pdpPage.pdpPageCommon.relatedProductsList).toBeVisible();
         |                                                               ^
      89 |     });
      90 |
      91 |     await allure.step('Verify adding similar products to cart', async () => {
        at C:\Users\2368592\Cen end market test automation practice fix\cen-endmarkets-test\frontend\tests\integration\CEN\regression\Glo\de\pdp\Heater_PDP_Page_Validation.spec.ts:88:63

    attachment #1: screenshot (image/png) ──────────────────────────────────────────────────────────
    test-results\frontend-tests-integration-628a3-ng-Similar-Products-To-Cart-GLO-DE\test-failed-1.png
    ────────────────────────────────────────────────────────────────────────────────────────────────

    Error Context: test-results\frontend-tests-integration-628a3-ng-Similar-Products-To-Cart-GLO-DE\error-context.md

    attachment #3: trace (application/zip) ─────────────────────────────────────────────────────────
    test-results\frontend-tests-integration-628a3-ng-Similar-Products-To-Cart-GLO-DE\trace.zip
    Usage:

        npx playwright show-trace test-results\frontend-tests-integration-628a3-ng-Similar-Products-To-Cart-GLO-DE\trace.zip

    ────────────────────────────────────────────────────────────────────────────────────────────────
]]>
</failure>
<system-out>
<![CDATA[
[[ATTACHMENT|..\test-results\frontend-tests-integration-628a3-ng-Similar-Products-To-Cart-GLO-DE\test-failed-1.png]]

[[ATTACHMENT|..\test-results\frontend-tests-integration-628a3-ng-Similar-Products-To-Cart-GLO-DE\error-context.md]]

[[ATTACHMENT|..\test-results\frontend-tests-integration-628a3-ng-Similar-Products-To-Cart-GLO-DE\trace.zip]]
]]>
</system-out>
</testcase>
<testcase name="Validate_ProductDetails_On_Heater_PDP_And_Successful_AddToCart_Functionality › Verify Sticky bar_is_Displayed_With_Product_Name_Price" classname="frontend\tests\integration\CEN\regression\Glo\de\pdp\Heater_PDP_Page_Validation.spec.ts" time="102.549">
<failure message="Heater_PDP_Page_Validation.spec.ts:102:7 Verify Sticky bar_is_Displayed_With_Product_Name_Price" type="FAILURE">
<![CDATA[  [GLO_DE] › frontend\tests\integration\CEN\regression\Glo\de\pdp\Heater_PDP_Page_Validation.spec.ts:102:7 › Validate_ProductDetails_On_Heater_PDP_And_Successful_AddToCart_Functionality › Verify Sticky bar_is_Displayed_With_Product_Name_Price @integration @pdp @pass › Verify Review section is displayed in bottom 

    TimeoutError: locator.scrollIntoViewIfNeeded: Timeout 80000ms exceeded.
    Call log:
      - waiting for locator('span[data-test-id=\'Ähnliche Produkte-heading\'],strong[class=\'related-products-title\']')


       at frontend\pages\CEN\pdpPageObjects\common\pdpPageObject.ts:258

      256 |     async scrollToRelatedProducts(){
      257 |         await this.page.waitForTimeout(config.threesecTimeOut);
    > 258 |         await this.relatedProductsLabel.scrollIntoViewIfNeeded();
          |                                         ^
      259 |     }
      260 |
      261 |     async scrollToFAQ(){
        at PDPPageCommon.scrollToRelatedProducts (C:\Users\2368592\Cen end market test automation practice fix\cen-endmarkets-test\frontend\pages\CEN\pdpPageObjects\common\pdpPageObject.ts:258:41)
        at C:\Users\2368592\Cen end market test automation practice fix\cen-endmarkets-test\frontend\tests\integration\CEN\regression\Glo\de\pdp\Heater_PDP_Page_Validation.spec.ts:104:7

    attachment #1: screenshot (image/png) ──────────────────────────────────────────────────────────
    test-results\frontend-tests-integration-b2b78-yed-With-Product-Name-Price-GLO-DE\test-failed-1.png
    ────────────────────────────────────────────────────────────────────────────────────────────────

    Error Context: test-results\frontend-tests-integration-b2b78-yed-With-Product-Name-Price-GLO-DE\error-context.md

    attachment #3: trace (application/zip) ─────────────────────────────────────────────────────────
    test-results\frontend-tests-integration-b2b78-yed-With-Product-Name-Price-GLO-DE\trace.zip
    Usage:

        npx playwright show-trace test-results\frontend-tests-integration-b2b78-yed-With-Product-Name-Price-GLO-DE\trace.zip

    ────────────────────────────────────────────────────────────────────────────────────────────────
]]>
</failure>
<system-out>
<![CDATA[
[[ATTACHMENT|..\test-results\frontend-tests-integration-b2b78-yed-With-Product-Name-Price-GLO-DE\test-failed-1.png]]

[[ATTACHMENT|..\test-results\frontend-tests-integration-b2b78-yed-With-Product-Name-Price-GLO-DE\error-context.md]]

[[ATTACHMENT|..\test-results\frontend-tests-integration-b2b78-yed-With-Product-Name-Price-GLO-DE\trace.zip]]
]]>
</system-out>
</testcase>
</testsuite>
<testsuite name="frontend\tests\integration\CEN\regression\Glo\de\pdp\Tabak_Sticks_PDP_Page_Validation.spec.ts" timestamp="2026-02-18T15:54:26.256Z" hostname="GLO_DE" tests="6" failures="2" skipped="0" time="363.436" errors="0">
<testcase name="Validate_ProductDetails_On_Tabak_Sticks_PDP_And_Successful_AddToCart_Functionality › Verify_Tabak_Sticks_Product_Has_Image_Name_Description_Price_Review_Button_To_Add_To_Cart_For_Single_Pack_Product" classname="frontend\tests\integration\CEN\regression\Glo\de\pdp\Tabak_Sticks_PDP_Page_Validation.spec.ts" time="35.185">
<system-out>
<![CDATA[
[[ATTACHMENT|..\test-results\frontend-tests-integration-7cde5-art-For-Single-Pack-Product-GLO-DE\test-finished-1.png]]

[[ATTACHMENT|..\test-results\frontend-tests-integration-7cde5-art-For-Single-Pack-Product-GLO-DE\trace.zip]]
]]>
</system-out>
</testcase>
<testcase name="Validate_ProductDetails_On_Tabak_Sticks_PDP_And_Successful_AddToCart_Functionality › Verify_Increase_Or_Decrease_Quantity_For_Tabak_Sticks_From_PDP_Page_for_Single_Pack_Product" classname="frontend\tests\integration\CEN\regression\Glo\de\pdp\Tabak_Sticks_PDP_Page_Validation.spec.ts" time="37.248">
<system-out>
<![CDATA[
[[ATTACHMENT|..\test-results\frontend-tests-integration-64802-age-for-Single-Pack-Product-GLO-DE\test-finished-1.png]]

[[ATTACHMENT|..\test-results\frontend-tests-integration-64802-age-for-Single-Pack-Product-GLO-DE\trace.zip]]
]]>
</system-out>
</testcase>
<testcase name="Validate_ProductDetails_On_Tabak_Sticks_PDP_And_Successful_AddToCart_Functionality › Verify Sticky bar_is_Displayed_With_Product_Name_Price_For_Tabak_Sticks_Single_Pack_Product" classname="frontend\tests\integration\CEN\regression\Glo\de\pdp\Tabak_Sticks_PDP_Page_Validation.spec.ts" time="101.816">
<failure message="Tabak_Sticks_PDP_Page_Validation.spec.ts:81:7 Verify Sticky bar_is_Displayed_With_Product_Name_Price_For_Tabak_Sticks_Single_Pack_Product" type="FAILURE">
<![CDATA[  [GLO_DE] › frontend\tests\integration\CEN\regression\Glo\de\pdp\Tabak_Sticks_PDP_Page_Validation.spec.ts:81:7 › Validate_ProductDetails_On_Tabak_Sticks_PDP_And_Successful_AddToCart_Functionality › Verify Sticky bar_is_Displayed_With_Product_Name_Price_For_Tabak_Sticks_Single_Pack_Product @integration @pdp @pass › Verify Review section is displayed in bottom 

    TimeoutError: locator.scrollIntoViewIfNeeded: Timeout 80000ms exceeded.
    Call log:
      - waiting for locator('p[data-test-id=\'contact-service-text;\']')


       at frontend\pages\CEN\pdpPageObjects\common\pdpPageObject.ts:268

      266 |
      267 |     async scrollToWeAreLooking(){
    > 268 |         await this.weAreLookingLabel.scrollIntoViewIfNeeded();
          |                                      ^
      269 |     }
      270 |     async verifyStickybar(productDetails :ProductDetailsDTO|undefined){
      271 |         if(productDetails!==undefined){
        at PDPPageCommon.scrollToWeAreLooking (C:\Users\2368592\Cen end market test automation practice fix\cen-endmarkets-test\frontend\pages\CEN\pdpPageObjects\common\pdpPageObject.ts:268:38)
        at body (C:\Users\2368592\Cen end market test automation practice fix\cen-endmarkets-test\frontend\tests\integration\CEN\regression\Glo\de\pdp\Tabak_Sticks_PDP_Page_Validation.spec.ts:88:35)
        at body (C:\Users\2368592\Cen end market test automation practice fix\cen-endmarkets-test\node_modules\allure-js-commons\src\facade.ts:113:48)
        at call (C:\Users\2368592\Cen end market test automation practice fix\cen-endmarkets-test\node_modules\allure-playwright\src\runtime.ts:13:56)
        at Generator._invoke (C:\Users\2368592\Cen end market test automation practice fix\cen-endmarkets-test\node_modules\allure-playwright\src\runtime.ts:2:1)
        at Generator.next (C:\Users\2368592\Cen end market test automation practice fix\cen-endmarkets-test\node_modules\allure-playwright\src\runtime.ts:2:1)
        at asyncGeneratorStep (C:\Users\2368592\Cen end market test automation practice fix\cen-endmarkets-test\node_modules\allure-playwright\src\runtime.ts:2:1)
        at _next (C:\Users\2368592\Cen end market test automation practice fix\cen-endmarkets-test\node_modules\allure-playwright\src\runtime.ts:2:1)
        at C:\Users\2368592\Cen end market test automation practice fix\cen-endmarkets-test\node_modules\allure-playwright\src\runtime.ts:2:1
        at C:\Users\2368592\Cen end market test automation practice fix\cen-endmarkets-test\node_modules\allure-playwright\src\runtime.ts:2:1
        at call (C:\Users\2368592\Cen end market test automation practice fix\cen-endmarkets-test\node_modules\allure-playwright\src\runtime.ts:13:23)
        at Generator._invoke (C:\Users\2368592\Cen end market test automation practice fix\cen-endmarkets-test\node_modules\allure-playwright\src\runtime.ts:2:1)
        at Generator.next (C:\Users\2368592\Cen end market test automation practice fix\cen-endmarkets-test\node_modules\allure-playwright\src\runtime.ts:2:1)
        at asyncGeneratorStep (C:\Users\2368592\Cen end market test automation practice fix\cen-endmarkets-test\node_modules\allure-playwright\src\runtime.ts:2:1)
        at _next (C:\Users\2368592\Cen end market test automation practice fix\cen-endmarkets-test\node_modules\allure-playwright\src\runtime.ts:2:1)
        at C:\Users\2368592\Cen end market test automation practice fix\cen-endmarkets-test\node_modules\allure-playwright\src\runtime.ts:2:1
        at AllurePlaywrightTestRuntime.apply (C:\Users\2368592\Cen end market test automation practice fix\cen-endmarkets-test\node_modules\allure-playwright\src\runtime.ts:2:1)
        at AllurePlaywrightTestRuntime.step (C:\Users\2368592\Cen end market test automation practice fix\cen-endmarkets-test\node_modules\allure-playwright\src\runtime.ts:12:13)
        at callRuntimeMethod (C:\Users\2368592\Cen end market test automation practice fix\cen-endmarkets-test\node_modules\allure-js-commons\src\facade.ts:21:27)
        at Object.step (C:\Users\2368592\Cen end market test automation practice fix\cen-endmarkets-test\node_modules\allure-js-commons\src\facade.ts:113:10)
        at Object.step (C:\Users\2368592\Cen end market test automation practice fix\cen-endmarkets-test\node_modules\allure-playwright\src\legacy.ts:147:48)
        at C:\Users\2368592\Cen end market test automation practice fix\cen-endmarkets-test\frontend\tests\integration\CEN\regression\Glo\de\pdp\Tabak_Sticks_PDP_Page_Validation.spec.ts:87:18

    attachment #1: screenshot (image/png) ──────────────────────────────────────────────────────────
    test-results\frontend-tests-integration-97f9d--Sticks-Single-Pack-Product-GLO-DE\test-failed-1.png
    ────────────────────────────────────────────────────────────────────────────────────────────────

    Error Context: test-results\frontend-tests-integration-97f9d--Sticks-Single-Pack-Product-GLO-DE\error-context.md

    attachment #3: trace (application/zip) ─────────────────────────────────────────────────────────
    test-results\frontend-tests-integration-97f9d--Sticks-Single-Pack-Product-GLO-DE\trace.zip
    Usage:

        npx playwright show-trace test-results\frontend-tests-integration-97f9d--Sticks-Single-Pack-Product-GLO-DE\trace.zip

    ────────────────────────────────────────────────────────────────────────────────────────────────
]]>
</failure>
<system-out>
<![CDATA[
[[ATTACHMENT|..\test-results\frontend-tests-integration-97f9d--Sticks-Single-Pack-Product-GLO-DE\test-failed-1.png]]

[[ATTACHMENT|..\test-results\frontend-tests-integration-97f9d--Sticks-Single-Pack-Product-GLO-DE\error-context.md]]

[[ATTACHMENT|..\test-results\frontend-tests-integration-97f9d--Sticks-Single-Pack-Product-GLO-DE\trace.zip]]
]]>
</system-out>
</testcase>
<testcase name="Validate_ProductDetails_On_Tabak_Sticks_PDP_And_Successful_AddToCart_Functionality › Verify_Tabak_Sticks_Product_Has_Image_Name_Description_Price_Review_Button_To_Add_To_Cart_For_Single_Cotainer_Product" classname="frontend\tests\integration\CEN\regression\Glo\de\pdp\Tabak_Sticks_PDP_Page_Validation.spec.ts" time="36.759">
<system-out>
<![CDATA[
[[ATTACHMENT|..\test-results\frontend-tests-integration-bfb4c-For-Single-Cotainer-Product-GLO-DE\test-finished-1.png]]

[[ATTACHMENT|..\test-results\frontend-tests-integration-bfb4c-For-Single-Cotainer-Product-GLO-DE\trace.zip]]
]]>
</system-out>
</testcase>
<testcase name="Validate_ProductDetails_On_Tabak_Sticks_PDP_And_Successful_AddToCart_Functionality › Verify_Increase_Or_Decrease_Quantity_From_PDP_Page_for_Tabak_Sticks_Container_Pack_Product" classname="frontend\tests\integration\CEN\regression\Glo\de\pdp\Tabak_Sticks_PDP_Page_Validation.spec.ts" time="42.449">
<system-out>
<![CDATA[
[[ATTACHMENT|..\test-results\frontend-tests-integration-6cd34-icks-Container-Pack-Product-GLO-DE\test-finished-1.png]]

[[ATTACHMENT|..\test-results\frontend-tests-integration-6cd34-icks-Container-Pack-Product-GLO-DE\trace.zip]]
]]>
</system-out>
</testcase>
<testcase name="Validate_ProductDetails_On_Tabak_Sticks_PDP_And_Successful_AddToCart_Functionality › Verify Sticky bar_is_Displayed_With_Tabak_Sticks_Product_Name_Price_For_Single_Container_Product" classname="frontend\tests\integration\CEN\regression\Glo\de\pdp\Tabak_Sticks_PDP_Page_Validation.spec.ts" time="109.979">
<failure message="Tabak_Sticks_PDP_Page_Validation.spec.ts:161:7 Verify Sticky bar_is_Displayed_With_Tabak_Sticks_Product_Name_Price_For_Single_Container_Product" type="FAILURE">
<![CDATA[  [GLO_DE] › frontend\tests\integration\CEN\regression\Glo\de\pdp\Tabak_Sticks_PDP_Page_Validation.spec.ts:161:7 › Validate_ProductDetails_On_Tabak_Sticks_PDP_And_Successful_AddToCart_Functionality › Verify Sticky bar_is_Displayed_With_Tabak_Sticks_Product_Name_Price_For_Single_Container_Product @integration @pdp @pass › Verify Review section is displayed in bottom 

    TimeoutError: locator.scrollIntoViewIfNeeded: Timeout 80000ms exceeded.
    Call log:
      - waiting for locator('p[data-test-id=\'contact-service-text;\']')


       at frontend\pages\CEN\pdpPageObjects\common\pdpPageObject.ts:268

      266 |
      267 |     async scrollToWeAreLooking(){
    > 268 |         await this.weAreLookingLabel.scrollIntoViewIfNeeded();
          |                                      ^
      269 |     }
      270 |     async verifyStickybar(productDetails :ProductDetailsDTO|undefined){
      271 |         if(productDetails!==undefined){
        at PDPPageCommon.scrollToWeAreLooking (C:\Users\2368592\Cen end market test automation practice fix\cen-endmarkets-test\frontend\pages\CEN\pdpPageObjects\common\pdpPageObject.ts:268:38)
        at body (C:\Users\2368592\Cen end market test automation practice fix\cen-endmarkets-test\frontend\tests\integration\CEN\regression\Glo\de\pdp\Tabak_Sticks_PDP_Page_Validation.spec.ts:172:35)
        at body (C:\Users\2368592\Cen end market test automation practice fix\cen-endmarkets-test\node_modules\allure-js-commons\src\facade.ts:113:48)
        at call (C:\Users\2368592\Cen end market test automation practice fix\cen-endmarkets-test\node_modules\allure-playwright\src\runtime.ts:13:56)
        at Generator._invoke (C:\Users\2368592\Cen end market test automation practice fix\cen-endmarkets-test\node_modules\allure-playwright\src\runtime.ts:2:1)
        at Generator.next (C:\Users\2368592\Cen end market test automation practice fix\cen-endmarkets-test\node_modules\allure-playwright\src\runtime.ts:2:1)
        at asyncGeneratorStep (C:\Users\2368592\Cen end market test automation practice fix\cen-endmarkets-test\node_modules\allure-playwright\src\runtime.ts:2:1)
        at _next (C:\Users\2368592\Cen end market test automation practice fix\cen-endmarkets-test\node_modules\allure-playwright\src\runtime.ts:2:1)
        at C:\Users\2368592\Cen end market test automation practice fix\cen-endmarkets-test\node_modules\allure-playwright\src\runtime.ts:2:1
        at C:\Users\2368592\Cen end market test automation practice fix\cen-endmarkets-test\node_modules\allure-playwright\src\runtime.ts:2:1
        at call (C:\Users\2368592\Cen end market test automation practice fix\cen-endmarkets-test\node_modules\allure-playwright\src\runtime.ts:13:23)
        at Generator._invoke (C:\Users\2368592\Cen end market test automation practice fix\cen-endmarkets-test\node_modules\allure-playwright\src\runtime.ts:2:1)
        at Generator.next (C:\Users\2368592\Cen end market test automation practice fix\cen-endmarkets-test\node_modules\allure-playwright\src\runtime.ts:2:1)
        at asyncGeneratorStep (C:\Users\2368592\Cen end market test automation practice fix\cen-endmarkets-test\node_modules\allure-playwright\src\runtime.ts:2:1)
        at _next (C:\Users\2368592\Cen end market test automation practice fix\cen-endmarkets-test\node_modules\allure-playwright\src\runtime.ts:2:1)
        at C:\Users\2368592\Cen end market test automation practice fix\cen-endmarkets-test\node_modules\allure-playwright\src\runtime.ts:2:1
        at AllurePlaywrightTestRuntime.apply (C:\Users\2368592\Cen end market test automation practice fix\cen-endmarkets-test\node_modules\allure-playwright\src\runtime.ts:2:1)
        at AllurePlaywrightTestRuntime.step (C:\Users\2368592\Cen end market test automation practice fix\cen-endmarkets-test\node_modules\allure-playwright\src\runtime.ts:12:13)
        at callRuntimeMethod (C:\Users\2368592\Cen end market test automation practice fix\cen-endmarkets-test\node_modules\allure-js-commons\src\facade.ts:21:27)
        at Object.step (C:\Users\2368592\Cen end market test automation practice fix\cen-endmarkets-test\node_modules\allure-js-commons\src\facade.ts:113:10)
        at Object.step (C:\Users\2368592\Cen end market test automation practice fix\cen-endmarkets-test\node_modules\allure-playwright\src\legacy.ts:147:48)
        at C:\Users\2368592\Cen end market test automation practice fix\cen-endmarkets-test\frontend\tests\integration\CEN\regression\Glo\de\pdp\Tabak_Sticks_PDP_Page_Validation.spec.ts:171:18

    attachment #1: screenshot (image/png) ──────────────────────────────────────────────────────────
    test-results\frontend-tests-integration-84728-or-Single-Container-Product-GLO-DE\test-failed-1.png
    ────────────────────────────────────────────────────────────────────────────────────────────────

    Error Context: test-results\frontend-tests-integration-84728-or-Single-Container-Product-GLO-DE\error-context.md

    attachment #3: trace (application/zip) ─────────────────────────────────────────────────────────
    test-results\frontend-tests-integration-84728-or-Single-Container-Product-GLO-DE\trace.zip
    Usage:

        npx playwright show-trace test-results\frontend-tests-integration-84728-or-Single-Container-Product-GLO-DE\trace.zip

    ────────────────────────────────────────────────────────────────────────────────────────────────
]]>
</failure>
<system-out>
<![CDATA[
[[ATTACHMENT|..\test-results\frontend-tests-integration-84728-or-Single-Container-Product-GLO-DE\test-failed-1.png]]

[[ATTACHMENT|..\test-results\frontend-tests-integration-84728-or-Single-Container-Product-GLO-DE\error-context.md]]

[[ATTACHMENT|..\test-results\frontend-tests-integration-84728-or-Single-Container-Product-GLO-DE\trace.zip]]
]]>
</system-out>
</testcase>
</testsuite>
<testsuite name="frontend\tests\integration\CEN\regression\Glo\de\pdp\Veo_Sticks_PDP_Page_Validation.spec.ts" timestamp="2026-02-18T15:54:26.256Z" hostname="GLO_DE" tests="6" failures="2" skipped="0" time="374.978" errors="0">
<testcase name="Validate_ProductDetails_On_Veo_Sticks_PDP_And_Successful_AddToCart_Functionality › Verify_Veo_Sticks_Product_Has_Image_Name_Description_Price_Review_Button_To_Add_To_Cart_For_Single_Pack_Product" classname="frontend\tests\integration\CEN\regression\Glo\de\pdp\Veo_Sticks_PDP_Page_Validation.spec.ts" time="36.52">
<system-out>
<![CDATA[
[[ATTACHMENT|..\test-results\frontend-tests-integration-284a0-art-For-Single-Pack-Product-GLO-DE\test-finished-1.png]]

[[ATTACHMENT|..\test-results\frontend-tests-integration-284a0-art-For-Single-Pack-Product-GLO-DE\trace.zip]]
]]>
</system-out>
</testcase>
<testcase name="Validate_ProductDetails_On_Veo_Sticks_PDP_And_Successful_AddToCart_Functionality › Verify_Increase_Or_Decrease_Quantity_For_Veo_Sticks_From_PDP_Page_for_Single_Pack_Product" classname="frontend\tests\integration\CEN\regression\Glo\de\pdp\Veo_Sticks_PDP_Page_Validation.spec.ts" time="37.902">
<system-out>
<![CDATA[
[[ATTACHMENT|..\test-results\frontend-tests-integration-af042-age-for-Single-Pack-Product-GLO-DE\test-finished-1.png]]

[[ATTACHMENT|..\test-results\frontend-tests-integration-af042-age-for-Single-Pack-Product-GLO-DE\trace.zip]]
]]>
</system-out>
</testcase>
<testcase name="Validate_ProductDetails_On_Veo_Sticks_PDP_And_Successful_AddToCart_Functionality › Verify Sticky bar_is_Displayed_With_Product_Name_Price_For_Veo_Sticks_Single_Pack_Product" classname="frontend\tests\integration\CEN\regression\Glo\de\pdp\Veo_Sticks_PDP_Page_Validation.spec.ts" time="104.966">
<failure message="Veo_Sticks_PDP_Page_Validation.spec.ts:75:7 Verify Sticky bar_is_Displayed_With_Product_Name_Price_For_Veo_Sticks_Single_Pack_Product" type="FAILURE">
<![CDATA[  [GLO_DE] › frontend\tests\integration\CEN\regression\Glo\de\pdp\Veo_Sticks_PDP_Page_Validation.spec.ts:75:7 › Validate_ProductDetails_On_Veo_Sticks_PDP_And_Successful_AddToCart_Functionality › Verify Sticky bar_is_Displayed_With_Product_Name_Price_For_Veo_Sticks_Single_Pack_Product @integration @pdp @pass › Verify Review section is displayed in bottom 

    TimeoutError: locator.scrollIntoViewIfNeeded: Timeout 80000ms exceeded.
    Call log:
      - waiting for locator('p[data-test-id=\'contact-service-text;\']')


       at frontend\pages\CEN\pdpPageObjects\common\pdpPageObject.ts:268

      266 |
      267 |     async scrollToWeAreLooking(){
    > 268 |         await this.weAreLookingLabel.scrollIntoViewIfNeeded();
          |                                      ^
      269 |     }
      270 |     async verifyStickybar(productDetails :ProductDetailsDTO|undefined){
      271 |         if(productDetails!==undefined){
        at PDPPageCommon.scrollToWeAreLooking (C:\Users\2368592\Cen end market test automation practice fix\cen-endmarkets-test\frontend\pages\CEN\pdpPageObjects\common\pdpPageObject.ts:268:38)
        at body (C:\Users\2368592\Cen end market test automation practice fix\cen-endmarkets-test\frontend\tests\integration\CEN\regression\Glo\de\pdp\Veo_Sticks_PDP_Page_Validation.spec.ts:81:35)
        at body (C:\Users\2368592\Cen end market test automation practice fix\cen-endmarkets-test\node_modules\allure-js-commons\src\facade.ts:113:48)
        at call (C:\Users\2368592\Cen end market test automation practice fix\cen-endmarkets-test\node_modules\allure-playwright\src\runtime.ts:13:56)
        at Generator._invoke (C:\Users\2368592\Cen end market test automation practice fix\cen-endmarkets-test\node_modules\allure-playwright\src\runtime.ts:2:1)
        at Generator.next (C:\Users\2368592\Cen end market test automation practice fix\cen-endmarkets-test\node_modules\allure-playwright\src\runtime.ts:2:1)
        at asyncGeneratorStep (C:\Users\2368592\Cen end market test automation practice fix\cen-endmarkets-test\node_modules\allure-playwright\src\runtime.ts:2:1)
        at _next (C:\Users\2368592\Cen end market test automation practice fix\cen-endmarkets-test\node_modules\allure-playwright\src\runtime.ts:2:1)
        at C:\Users\2368592\Cen end market test automation practice fix\cen-endmarkets-test\node_modules\allure-playwright\src\runtime.ts:2:1
        at C:\Users\2368592\Cen end market test automation practice fix\cen-endmarkets-test\node_modules\allure-playwright\src\runtime.ts:2:1
        at call (C:\Users\2368592\Cen end market test automation practice fix\cen-endmarkets-test\node_modules\allure-playwright\src\runtime.ts:13:23)
        at Generator._invoke (C:\Users\2368592\Cen end market test automation practice fix\cen-endmarkets-test\node_modules\allure-playwright\src\runtime.ts:2:1)
        at Generator.next (C:\Users\2368592\Cen end market test automation practice fix\cen-endmarkets-test\node_modules\allure-playwright\src\runtime.ts:2:1)
        at asyncGeneratorStep (C:\Users\2368592\Cen end market test automation practice fix\cen-endmarkets-test\node_modules\allure-playwright\src\runtime.ts:2:1)
        at _next (C:\Users\2368592\Cen end market test automation practice fix\cen-endmarkets-test\node_modules\allure-playwright\src\runtime.ts:2:1)
        at C:\Users\2368592\Cen end market test automation practice fix\cen-endmarkets-test\node_modules\allure-playwright\src\runtime.ts:2:1
        at AllurePlaywrightTestRuntime.apply (C:\Users\2368592\Cen end market test automation practice fix\cen-endmarkets-test\node_modules\allure-playwright\src\runtime.ts:2:1)
        at AllurePlaywrightTestRuntime.step (C:\Users\2368592\Cen end market test automation practice fix\cen-endmarkets-test\node_modules\allure-playwright\src\runtime.ts:12:13)
        at callRuntimeMethod (C:\Users\2368592\Cen end market test automation practice fix\cen-endmarkets-test\node_modules\allure-js-commons\src\facade.ts:21:27)
        at Object.step (C:\Users\2368592\Cen end market test automation practice fix\cen-endmarkets-test\node_modules\allure-js-commons\src\facade.ts:113:10)
        at Object.step (C:\Users\2368592\Cen end market test automation practice fix\cen-endmarkets-test\node_modules\allure-playwright\src\legacy.ts:147:48)
        at C:\Users\2368592\Cen end market test automation practice fix\cen-endmarkets-test\frontend\tests\integration\CEN\regression\Glo\de\pdp\Veo_Sticks_PDP_Page_Validation.spec.ts:80:18

    attachment #1: screenshot (image/png) ──────────────────────────────────────────────────────────
    test-results\frontend-tests-integration-d383e--Sticks-Single-Pack-Product-GLO-DE\test-failed-1.png
    ────────────────────────────────────────────────────────────────────────────────────────────────

    Error Context: test-results\frontend-tests-integration-d383e--Sticks-Single-Pack-Product-GLO-DE\error-context.md

    attachment #3: trace (application/zip) ─────────────────────────────────────────────────────────
    test-results\frontend-tests-integration-d383e--Sticks-Single-Pack-Product-GLO-DE\trace.zip
    Usage:

        npx playwright show-trace test-results\frontend-tests-integration-d383e--Sticks-Single-Pack-Product-GLO-DE\trace.zip

    ────────────────────────────────────────────────────────────────────────────────────────────────
]]>
</failure>
<system-out>
<![CDATA[
[[ATTACHMENT|..\test-results\frontend-tests-integration-d383e--Sticks-Single-Pack-Product-GLO-DE\test-failed-1.png]]

[[ATTACHMENT|..\test-results\frontend-tests-integration-d383e--Sticks-Single-Pack-Product-GLO-DE\error-context.md]]

[[ATTACHMENT|..\test-results\frontend-tests-integration-d383e--Sticks-Single-Pack-Product-GLO-DE\trace.zip]]
]]>
</system-out>
</testcase>
<testcase name="Validate_ProductDetails_On_Veo_Sticks_PDP_And_Successful_AddToCart_Functionality › Verify_Veo_Sticks_Product_Has_Image_Name_Description_Price_Review_Button_To_Add_To_Cart_For_Single_Cotainer_Product" classname="frontend\tests\integration\CEN\regression\Glo\de\pdp\Veo_Sticks_PDP_Page_Validation.spec.ts" time="37.06">
<system-out>
<![CDATA[
[[ATTACHMENT|..\test-results\frontend-tests-integration-fe2a0-For-Single-Cotainer-Product-GLO-DE\test-finished-1.png]]

[[ATTACHMENT|..\test-results\frontend-tests-integration-fe2a0-For-Single-Cotainer-Product-GLO-DE\trace.zip]]
]]>
</system-out>
</testcase>
<testcase name="Validate_ProductDetails_On_Veo_Sticks_PDP_And_Successful_AddToCart_Functionality › Verify_Increase_Or_Decrease_Quantity_From_PDP_Page_for_Veo_Sticks_Container_Pack_Product" classname="frontend\tests\integration\CEN\regression\Glo\de\pdp\Veo_Sticks_PDP_Page_Validation.spec.ts" time="47.055">
<system-out>
<![CDATA[
[[ATTACHMENT|..\test-results\frontend-tests-integration-7f430-icks-Container-Pack-Product-GLO-DE\test-finished-1.png]]

[[ATTACHMENT|..\test-results\frontend-tests-integration-7f430-icks-Container-Pack-Product-GLO-DE\trace.zip]]
]]>
</system-out>
</testcase>
<testcase name="Validate_ProductDetails_On_Veo_Sticks_PDP_And_Successful_AddToCart_Functionality › Verify Sticky bar_is_Displayed_With_Veo_Sticks_Product_Name_Price_For_Single_Container_Product" classname="frontend\tests\integration\CEN\regression\Glo\de\pdp\Veo_Sticks_PDP_Page_Validation.spec.ts" time="111.475">
<failure message="Veo_Sticks_PDP_Page_Validation.spec.ts:151:7 Verify Sticky bar_is_Displayed_With_Veo_Sticks_Product_Name_Price_For_Single_Container_Product" type="FAILURE">
<![CDATA[  [GLO_DE] › frontend\tests\integration\CEN\regression\Glo\de\pdp\Veo_Sticks_PDP_Page_Validation.spec.ts:151:7 › Validate_ProductDetails_On_Veo_Sticks_PDP_And_Successful_AddToCart_Functionality › Verify Sticky bar_is_Displayed_With_Veo_Sticks_Product_Name_Price_For_Single_Container_Product @integration @pdp @pass › Verify Review section is displayed in bottom 

    TimeoutError: locator.scrollIntoViewIfNeeded: Timeout 80000ms exceeded.
    Call log:
      - waiting for locator('p[data-test-id=\'contact-service-text;\']')


       at frontend\pages\CEN\pdpPageObjects\common\pdpPageObject.ts:268

      266 |
      267 |     async scrollToWeAreLooking(){
    > 268 |         await this.weAreLookingLabel.scrollIntoViewIfNeeded();
          |                                      ^
      269 |     }
      270 |     async verifyStickybar(productDetails :ProductDetailsDTO|undefined){
      271 |         if(productDetails!==undefined){
        at PDPPageCommon.scrollToWeAreLooking (C:\Users\2368592\Cen end market test automation practice fix\cen-endmarkets-test\frontend\pages\CEN\pdpPageObjects\common\pdpPageObject.ts:268:38)
        at body (C:\Users\2368592\Cen end market test automation practice fix\cen-endmarkets-test\frontend\tests\integration\CEN\regression\Glo\de\pdp\Veo_Sticks_PDP_Page_Validation.spec.ts:161:35)
        at body (C:\Users\2368592\Cen end market test automation practice fix\cen-endmarkets-test\node_modules\allure-js-commons\src\facade.ts:113:48)
        at call (C:\Users\2368592\Cen end market test automation practice fix\cen-endmarkets-test\node_modules\allure-playwright\src\runtime.ts:13:56)
        at Generator._invoke (C:\Users\2368592\Cen end market test automation practice fix\cen-endmarkets-test\node_modules\allure-playwright\src\runtime.ts:2:1)
        at Generator.next (C:\Users\2368592\Cen end market test automation practice fix\cen-endmarkets-test\node_modules\allure-playwright\src\runtime.ts:2:1)
        at asyncGeneratorStep (C:\Users\2368592\Cen end market test automation practice fix\cen-endmarkets-test\node_modules\allure-playwright\src\runtime.ts:2:1)
        at _next (C:\Users\2368592\Cen end market test automation practice fix\cen-endmarkets-test\node_modules\allure-playwright\src\runtime.ts:2:1)
        at C:\Users\2368592\Cen end market test automation practice fix\cen-endmarkets-test\node_modules\allure-playwright\src\runtime.ts:2:1
        at C:\Users\2368592\Cen end market test automation practice fix\cen-endmarkets-test\node_modules\allure-playwright\src\runtime.ts:2:1
        at call (C:\Users\2368592\Cen end market test automation practice fix\cen-endmarkets-test\node_modules\allure-playwright\src\runtime.ts:13:23)
        at Generator._invoke (C:\Users\2368592\Cen end market test automation practice fix\cen-endmarkets-test\node_modules\allure-playwright\src\runtime.ts:2:1)
        at Generator.next (C:\Users\2368592\Cen end market test automation practice fix\cen-endmarkets-test\node_modules\allure-playwright\src\runtime.ts:2:1)
        at asyncGeneratorStep (C:\Users\2368592\Cen end market test automation practice fix\cen-endmarkets-test\node_modules\allure-playwright\src\runtime.ts:2:1)
        at _next (C:\Users\2368592\Cen end market test automation practice fix\cen-endmarkets-test\node_modules\allure-playwright\src\runtime.ts:2:1)
        at C:\Users\2368592\Cen end market test automation practice fix\cen-endmarkets-test\node_modules\allure-playwright\src\runtime.ts:2:1
        at AllurePlaywrightTestRuntime.apply (C:\Users\2368592\Cen end market test automation practice fix\cen-endmarkets-test\node_modules\allure-playwright\src\runtime.ts:2:1)
        at AllurePlaywrightTestRuntime.step (C:\Users\2368592\Cen end market test automation practice fix\cen-endmarkets-test\node_modules\allure-playwright\src\runtime.ts:12:13)
        at callRuntimeMethod (C:\Users\2368592\Cen end market test automation practice fix\cen-endmarkets-test\node_modules\allure-js-commons\src\facade.ts:21:27)
        at Object.step (C:\Users\2368592\Cen end market test automation practice fix\cen-endmarkets-test\node_modules\allure-js-commons\src\facade.ts:113:10)
        at Object.step (C:\Users\2368592\Cen end market test automation practice fix\cen-endmarkets-test\node_modules\allure-playwright\src\legacy.ts:147:48)
        at C:\Users\2368592\Cen end market test automation practice fix\cen-endmarkets-test\frontend\tests\integration\CEN\regression\Glo\de\pdp\Veo_Sticks_PDP_Page_Validation.spec.ts:160:18

    attachment #1: screenshot (image/png) ──────────────────────────────────────────────────────────
    test-results\frontend-tests-integration-4899c-or-Single-Container-Product-GLO-DE\test-failed-1.png
    ────────────────────────────────────────────────────────────────────────────────────────────────

    Error Context: test-results\frontend-tests-integration-4899c-or-Single-Container-Product-GLO-DE\error-context.md

    attachment #3: trace (application/zip) ─────────────────────────────────────────────────────────
    test-results\frontend-tests-integration-4899c-or-Single-Container-Product-GLO-DE\trace.zip
    Usage:

        npx playwright show-trace test-results\frontend-tests-integration-4899c-or-Single-Container-Product-GLO-DE\trace.zip

    ────────────────────────────────────────────────────────────────────────────────────────────────
]]>
</failure>
<system-out>
<![CDATA[
[[ATTACHMENT|..\test-results\frontend-tests-integration-4899c-or-Single-Container-Product-GLO-DE\test-failed-1.png]]

[[ATTACHMENT|..\test-results\frontend-tests-integration-4899c-or-Single-Container-Product-GLO-DE\error-context.md]]

[[ATTACHMENT|..\test-results\frontend-tests-integration-4899c-or-Single-Container-Product-GLO-DE\trace.zip]]
]]>
</system-out>
</testcase>
</testsuite>
<testsuite name="frontend\tests\integration\CEN\regression\Glo\de\pdp\Zubehor_PDP_Page_Validation.spec.ts" timestamp="2026-02-18T15:54:26.256Z" hostname="GLO_DE" tests="3" failures="1" skipped="0" time="165.397" errors="0">
<testcase name="Validate_ProductDetails_On_Zubehor_PDP_And_Successful_AddToCart_Functionality › Verify_Zubehor_Product_Has_Image_Name_Description_Price_Review_Button_To_Add_To_Cart" classname="frontend\tests\integration\CEN\regression\Glo\de\pdp\Zubehor_PDP_Page_Validation.spec.ts" time="28.502">
<system-out>
<![CDATA[
[[ATTACHMENT|..\test-results\frontend-tests-integration-a9fb1-eview-Button-To-Add-To-Cart-GLO-DE\test-finished-1.png]]

[[ATTACHMENT|..\test-results\frontend-tests-integration-a9fb1-eview-Button-To-Add-To-Cart-GLO-DE\trace.zip]]
]]>
</system-out>
</testcase>
<testcase name="Validate_ProductDetails_On_Zubehor_PDP_And_Successful_AddToCart_Functionality › Verify_Increase_Or_Decrease_Quantity_From_Zubehor_PDP_Page" classname="frontend\tests\integration\CEN\regression\Glo\de\pdp\Zubehor_PDP_Page_Validation.spec.ts" time="33.04">
<system-out>
<![CDATA[
[[ATTACHMENT|..\test-results\frontend-tests-integration-c1cd2-ntity-From-Zubehor-PDP-Page-GLO-DE\test-finished-1.png]]

[[ATTACHMENT|..\test-results\frontend-tests-integration-c1cd2-ntity-From-Zubehor-PDP-Page-GLO-DE\trace.zip]]
]]>
</system-out>
</testcase>
<testcase name="Validate_ProductDetails_On_Zubehor_PDP_And_Successful_AddToCart_Functionality › Verify_Sticky_Bar_Is_Displayed_With_Zubehor_Product_Name_Price" classname="frontend\tests\integration\CEN\regression\Glo\de\pdp\Zubehor_PDP_Page_Validation.spec.ts" time="103.855">
<failure message="Zubehor_PDP_Page_Validation.spec.ts:73:7 Verify_Sticky_Bar_Is_Displayed_With_Zubehor_Product_Name_Price" type="FAILURE">
<![CDATA[  [GLO_DE] › frontend\tests\integration\CEN\regression\Glo\de\pdp\Zubehor_PDP_Page_Validation.spec.ts:73:7 › Validate_ProductDetails_On_Zubehor_PDP_And_Successful_AddToCart_Functionality › Verify_Sticky_Bar_Is_Displayed_With_Zubehor_Product_Name_Price @integration @pdp @pass › Verify Review section is displayed in bottom 

    TimeoutError: locator.scrollIntoViewIfNeeded: Timeout 80000ms exceeded.
    Call log:
      - waiting for locator('a[data-test-name=\'faq-footer-link;\']')


       at frontend\pages\CEN\pdpPageObjects\common\pdpPageObject.ts:263

      261 |     async scrollToFAQ(){
      262 |         await this.page.waitForTimeout(config.threesecTimeOut);
    > 263 |         await this.faqLabel.scrollIntoViewIfNeeded();
          |                             ^
      264 |     }
      265 |
      266 |
        at PDPPageCommon.scrollToFAQ (C:\Users\2368592\Cen end market test automation practice fix\cen-endmarkets-test\frontend\pages\CEN\pdpPageObjects\common\pdpPageObject.ts:263:29)
        at C:\Users\2368592\Cen end market test automation practice fix\cen-endmarkets-test\frontend\tests\integration\CEN\regression\Glo\de\pdp\Zubehor_PDP_Page_Validation.spec.ts:79:7

    attachment #1: screenshot (image/png) ──────────────────────────────────────────────────────────
    test-results\frontend-tests-integration-9fa55--Zubehor-Product-Name-Price-GLO-DE\test-failed-1.png
    ────────────────────────────────────────────────────────────────────────────────────────────────

    Error Context: test-results\frontend-tests-integration-9fa55--Zubehor-Product-Name-Price-GLO-DE\error-context.md

    attachment #3: trace (application/zip) ─────────────────────────────────────────────────────────
    test-results\frontend-tests-integration-9fa55--Zubehor-Product-Name-Price-GLO-DE\trace.zip
    Usage:

        npx playwright show-trace test-results\frontend-tests-integration-9fa55--Zubehor-Product-Name-Price-GLO-DE\trace.zip

    ────────────────────────────────────────────────────────────────────────────────────────────────
]]>
</failure>
<system-out>
<![CDATA[
[[ATTACHMENT|..\test-results\frontend-tests-integration-9fa55--Zubehor-Product-Name-Price-GLO-DE\test-failed-1.png]]

[[ATTACHMENT|..\test-results\frontend-tests-integration-9fa55--Zubehor-Product-Name-Price-GLO-DE\error-context.md]]

[[ATTACHMENT|..\test-results\frontend-tests-integration-9fa55--Zubehor-Product-Name-Price-GLO-DE\trace.zip]]
]]>
</system-out>
</testcase>
</testsuite>
<testsuite name="frontend\tests\integration\CEN\regression\Glo\de\plp\HeaterPage_Validation.spec.ts" timestamp="2026-02-18T15:54:26.256Z" hostname="GLO_DE" tests="3" failures="1" skipped="0" time="94.217" errors="0">
<testcase name="Validate_ProductDetails_On_Heater_PLP_And_Successful_AddToCart_Functionality › Verify_Heater_Page_Heading_Description_ProductList_Description_Price_Review" classname="frontend\tests\integration\CEN\regression\Glo\de\plp\HeaterPage_Validation.spec.ts" time="21.072">
<system-out>
<![CDATA[
[[ATTACHMENT|..\test-results\frontend-tests-integration-1b941-st-Description-Price-Review-GLO-DE\test-finished-1.png]]

[[ATTACHMENT|..\test-results\frontend-tests-integration-1b941-st-Description-Price-Review-GLO-DE\trace.zip]]
]]>
</system-out>
</testcase>
<testcase name="Validate_ProductDetails_On_Heater_PLP_And_Successful_AddToCart_Functionality › Verify_Product_Added_To_Cart_Is_Available_In_Minicart_With_Correct_Quantity" classname="frontend\tests\integration\CEN\regression\Glo\de\plp\HeaterPage_Validation.spec.ts" time="32.216">
<system-out>
<![CDATA[
[[ATTACHMENT|..\test-results\frontend-tests-integration-fb409-icart-With-Correct-Quantity-GLO-DE\test-finished-1.png]]

[[ATTACHMENT|..\test-results\frontend-tests-integration-fb409-icart-With-Correct-Quantity-GLO-DE\trace.zip]]
]]>
</system-out>
</testcase>
<testcase name="Validate_ProductDetails_On_Heater_PLP_And_Successful_AddToCart_Functionality › Verify_Switching_Different_Colors_Verify_Product_Image_In_PLP_Page_Changes_Accordingly_On_Heater_PLP" classname="frontend\tests\integration\CEN\regression\Glo\de\plp\HeaterPage_Validation.spec.ts" time="40.929">
<failure message="HeaterPage_Validation.spec.ts:56:7 Verify_Switching_Different_Colors_Verify_Product_Image_In_PLP_Page_Changes_Accordingly_On_Heater_PLP" type="FAILURE">
<![CDATA[  [GLO_DE] › frontend\tests\integration\CEN\regression\Glo\de\plp\HeaterPage_Validation.spec.ts:56:7 › Validate_ProductDetails_On_Heater_PLP_And_Successful_AddToCart_Functionality › Verify_Switching_Different_Colors_Verify_Product_Image_In_PLP_Page_Changes_Accordingly_On_Heater_PLP @integration @plp @pass › Verify the ProductList in BestSeller section 

    Error: expect(locator).not.toHaveAttribute(expected) failed

    Locator:  locator('//a[contains(text(),\'glo™ Hyper Pro\')]/ancestor::div[@class=\'product-item-info\']//img').first()
    Expected: not "https://content-cen-mc-uat.non-prod.marketing.bat.net/media/nextgenimages//packshot_desktop_mobile_840x1341_amber_2_5.webp"
    Received: "https://content-cen-mc-uat.non-prod.marketing.bat.net/media/nextgenimages//packshot_desktop_mobile_840x1341_amber_2_5.webp"
    Timeout:  5000ms

    Call log:
      - Expect "not toHaveAttribute" with timeout 5000ms
      - waiting for locator('//a[contains(text(),\'glo™ Hyper Pro\')]/ancestor::div[@class=\'product-item-info\']//img').first()
        9 × locator resolved to <img data-loaded="true" data-pic="data-pic" data-mf-lazy-picture-img="1" data-aspect-ratio-reset="true" class="product-image-photo no-origin-webp-img" src="https://content-cen-mc-uat.non-prod.marketing.bat.net/media/nextgenimages//packshot_desktop_mobile_840x1341_amber_2_5.webp" data-src="https://content-cen-mc-uat.non-prod.marketing.bat.net/media/catalog/product/cache/b5ac3423f8ed5b3f1b22a4e9c04e672e/g/l/glo_hyper_black.jpg"/>
          - unexpected value "https://content-cen-mc-uat.non-prod.marketing.bat.net/media/nextgenimages//packshot_desktop_mobile_840x1341_amber_2_5.webp"


       at frontend\pages\CEN\plpPageObjects\Glo\de\heaterZubehorPageObject.ts:168

      166 |                 await this.page.waitForTimeout(3000);  // static wait
      167 |                 const productImageLocator = (await this.getProductImageLocator(productName === undefined ? ' ' : productName)).first();;
    > 168 |                 expect(productImageLocator).not.toHaveAttribute('src', inSRC)
          |                                                 ^
      169 |                 const newSrc = await productImageLocator.getAttribute('src');
      170 |                 intialSrc = newSrc;
      171 |               }
        at HeaterZubehorPageObject.verifyproductImageChages (C:\Users\2368592\Cen end market test automation practice fix\cen-endmarkets-test\frontend\pages\CEN\plpPageObjects\Glo\de\heaterZubehorPageObject.ts:168:49)
        at C:\Users\2368592\Cen end market test automation practice fix\cen-endmarkets-test\frontend\tests\integration\CEN\regression\Glo\de\plp\HeaterPage_Validation.spec.ts:58:7

    Error: page.waitForTimeout: Test ended.

       at frontend\pages\CEN\plpPageObjects\Glo\de\heaterZubehorPageObject.ts:166

      164 |                 const inSRC = intialSrc === null? '':intialSrc;
      165 |                 await getoptions[j].click();
    > 166 |                 await this.page.waitForTimeout(3000);  // static wait
          |                                 ^
      167 |                 const productImageLocator = (await this.getProductImageLocator(productName === undefined ? ' ' : productName)).first();;
      168 |                 expect(productImageLocator).not.toHaveAttribute('src', inSRC)
      169 |                 const newSrc = await productImageLocator.getAttribute('src');
        at HeaterZubehorPageObject.verifyproductImageChages (C:\Users\2368592\Cen end market test automation practice fix\cen-endmarkets-test\frontend\pages\CEN\plpPageObjects\Glo\de\heaterZubehorPageObject.ts:166:33)
        at C:\Users\2368592\Cen end market test automation practice fix\cen-endmarkets-test\frontend\tests\integration\CEN\regression\Glo\de\plp\HeaterPage_Validation.spec.ts:58:7

    attachment #1: screenshot (image/png) ──────────────────────────────────────────────────────────
    test-results\frontend-tests-integration-93ede-s-Accordingly-On-Heater-PLP-GLO-DE\test-failed-1.png
    ────────────────────────────────────────────────────────────────────────────────────────────────

    Error Context: test-results\frontend-tests-integration-93ede-s-Accordingly-On-Heater-PLP-GLO-DE\error-context.md

    attachment #3: trace (application/zip) ─────────────────────────────────────────────────────────
    test-results\frontend-tests-integration-93ede-s-Accordingly-On-Heater-PLP-GLO-DE\trace.zip
    Usage:

        npx playwright show-trace test-results\frontend-tests-integration-93ede-s-Accordingly-On-Heater-PLP-GLO-DE\trace.zip

    ────────────────────────────────────────────────────────────────────────────────────────────────
]]>
</failure>
<system-out>
<![CDATA[
[[ATTACHMENT|..\test-results\frontend-tests-integration-93ede-s-Accordingly-On-Heater-PLP-GLO-DE\test-failed-1.png]]

[[ATTACHMENT|..\test-results\frontend-tests-integration-93ede-s-Accordingly-On-Heater-PLP-GLO-DE\error-context.md]]

[[ATTACHMENT|..\test-results\frontend-tests-integration-93ede-s-Accordingly-On-Heater-PLP-GLO-DE\trace.zip]]
]]>
</system-out>
</testcase>
</testsuite>
<testsuite name="frontend\tests\integration\CEN\regression\Glo\de\plp\ShopPage_Validation.spec.ts" timestamp="2026-02-18T15:54:26.256Z" hostname="GLO_DE" tests="13" failures="0" skipped="0" time="404.616" errors="0">
<testcase name="Validate_ProductDetails_On_Heater_PLP_And_Successful_AddToCart_Functionality › Verify_Shop_Page_Heading_Description_ProductList_Description_Price_Review" classname="frontend\tests\integration\CEN\regression\Glo\de\plp\ShopPage_Validation.spec.ts" time="18.698">
<system-out>
<![CDATA[
[[ATTACHMENT|..\test-results\frontend-tests-integration-e81c2-st-Description-Price-Review-GLO-DE\test-finished-1.png]]

[[ATTACHMENT|..\test-results\frontend-tests-integration-e81c2-st-Description-Price-Review-GLO-DE\trace.zip]]
]]>
</system-out>
</testcase>
<testcase name="Validate_ProductDetails_On_Heater_PLP_And_Successful_AddToCart_Functionality › Verify product has image, Name, Description, Price, Review, Button to add to cart" classname="frontend\tests\integration\CEN\regression\Glo\de\plp\ShopPage_Validation.spec.ts" time="39.925">
<system-out>
<![CDATA[
[[ATTACHMENT|..\test-results\frontend-tests-integration-0edaa-eview-Button-to-add-to-cart-GLO-DE\test-finished-1.png]]

[[ATTACHMENT|..\test-results\frontend-tests-integration-0edaa-eview-Button-to-add-to-cart-GLO-DE\trace.zip]]
]]>
</system-out>
</testcase>
<testcase name="Validate_ProductDetails_On_Heater_PLP_And_Successful_AddToCart_Functionality › Verify_Product_Added_To_Cart_Is_Available_In_Minicart_With_Correct_Quantity" classname="frontend\tests\integration\CEN\regression\Glo\de\plp\ShopPage_Validation.spec.ts" time="35.374">
<system-out>
<![CDATA[
[[ATTACHMENT|..\test-results\frontend-tests-integration-5b01f-icart-With-Correct-Quantity-GLO-DE\test-finished-1.png]]

[[ATTACHMENT|..\test-results\frontend-tests-integration-5b01f-icart-With-Correct-Quantity-GLO-DE\trace.zip]]
]]>
</system-out>
</testcase>
<testcase name="Validate_ProductDetails_On_Heater_PLP_And_Successful_AddToCart_Functionality › Verify_Product_In_Tabak_Sticks_Added_To_Cart_Is_Available_In_Minicart_With_Correct_Quantity" classname="frontend\tests\integration\CEN\regression\Glo\de\plp\ShopPage_Validation.spec.ts" time="37.546">
<system-out>
<![CDATA[
[[ATTACHMENT|..\test-results\frontend-tests-integration-bd25f-icart-With-Correct-Quantity-GLO-DE\test-finished-1.png]]

[[ATTACHMENT|..\test-results\frontend-tests-integration-bd25f-icart-With-Correct-Quantity-GLO-DE\trace.zip]]
]]>
</system-out>
</testcase>
<testcase name="Validate_ProductDetails_On_Heater_PLP_And_Successful_AddToCart_Functionality › Verify_Product_In_Veo_Sticks_Added_To_Cart_Is_Available_In_Minicart_With_Correct_Quantity" classname="frontend\tests\integration\CEN\regression\Glo\de\plp\ShopPage_Validation.spec.ts" time="36.748">
<system-out>
<![CDATA[
[[ATTACHMENT|..\test-results\frontend-tests-integration-dd146-icart-With-Correct-Quantity-GLO-DE\test-finished-1.png]]

[[ATTACHMENT|..\test-results\frontend-tests-integration-dd146-icart-With-Correct-Quantity-GLO-DE\trace.zip]]
]]>
</system-out>
</testcase>
<testcase name="Validate_ProductDetails_On_Heater_PLP_And_Successful_AddToCart_Functionality › Verify_Product_In_Zubehor_Sticks_Added_To_Cart_Is_Available_In_Minicart_With_Correct_Quantity" classname="frontend\tests\integration\CEN\regression\Glo\de\plp\ShopPage_Validation.spec.ts" time="38.24">
<system-out>
<![CDATA[
[[ATTACHMENT|..\test-results\frontend-tests-integration-73b76-icart-With-Correct-Quantity-GLO-DE\test-finished-1.png]]

[[ATTACHMENT|..\test-results\frontend-tests-integration-73b76-icart-With-Correct-Quantity-GLO-DE\trace.zip]]
]]>
</system-out>
</testcase>
<testcase name="Validate_ProductDetails_On_Heater_PLP_And_Successful_AddToCart_Functionality › Verify_Switching_Different_Colors_Verify_Product_Image_In_PLP_Page_Changes_Accordingly_On_Heater_PLP" classname="frontend\tests\integration\CEN\regression\Glo\de\plp\ShopPage_Validation.spec.ts" time="24.61">
<system-out>
<![CDATA[
[[ATTACHMENT|..\test-results\frontend-tests-integration-12996-s-Accordingly-On-Heater-PLP-GLO-DE\test-finished-1.png]]

[[ATTACHMENT|..\test-results\frontend-tests-integration-12996-s-Accordingly-On-Heater-PLP-GLO-DE\trace.zip]]
]]>
</system-out>
</testcase>
<testcase name="Validate_ProductDetails_On_Heater_PLP_And_Successful_AddToCart_Functionality › Verify heater category has a button below it Mehr Entdecken which on click navigate user to respective product category PLP page" classname="frontend\tests\integration\CEN\regression\Glo\de\plp\ShopPage_Validation.spec.ts" time="24.889">
<system-out>
<![CDATA[
[[ATTACHMENT|..\test-results\frontend-tests-integration-d4550-e-product-category-PLP-page-GLO-DE\test-finished-1.png]]

[[ATTACHMENT|..\test-results\frontend-tests-integration-d4550-e-product-category-PLP-page-GLO-DE\trace.zip]]
]]>
</system-out>
</testcase>
<testcase name="Validate_ProductDetails_On_Heater_PLP_And_Successful_AddToCart_Functionality › Verify Tabak Sticks category has a button below it Mehr Entdecken which on click navigate user to respective product category PLP page" classname="frontend\tests\integration\CEN\regression\Glo\de\plp\ShopPage_Validation.spec.ts" time="24.234">
<system-out>
<![CDATA[
[[ATTACHMENT|..\test-results\frontend-tests-integration-8bd14-e-product-category-PLP-page-GLO-DE\test-finished-1.png]]

[[ATTACHMENT|..\test-results\frontend-tests-integration-8bd14-e-product-category-PLP-page-GLO-DE\trace.zip]]
]]>
</system-out>
</testcase>
<testcase name="Validate_ProductDetails_On_Heater_PLP_And_Successful_AddToCart_Functionality › Verify Veo Sticks category has a button below it Mehr Entdecken which on click navigate user to respective product category PLP page" classname="frontend\tests\integration\CEN\regression\Glo\de\plp\ShopPage_Validation.spec.ts" time="28.245">
<system-out>
<![CDATA[
[[ATTACHMENT|..\test-results\frontend-tests-integration-06888-e-product-category-PLP-page-GLO-DE\test-finished-1.png]]

[[ATTACHMENT|..\test-results\frontend-tests-integration-06888-e-product-category-PLP-page-GLO-DE\trace.zip]]
]]>
</system-out>
</testcase>
<testcase name="Validate_ProductDetails_On_Heater_PLP_And_Successful_AddToCart_Functionality › Verify Zubehor category has a button below it Mehr Entdecken which on click navigate user to respective product category PLP page" classname="frontend\tests\integration\CEN\regression\Glo\de\plp\ShopPage_Validation.spec.ts" time="22.346">
<system-out>
<![CDATA[
[[ATTACHMENT|..\test-results\frontend-tests-integration-00b07-e-product-category-PLP-page-GLO-DE\test-finished-1.png]]

[[ATTACHMENT|..\test-results\frontend-tests-integration-00b07-e-product-category-PLP-page-GLO-DE\trace.zip]]
]]>
</system-out>
</testcase>
<testcase name="Validate_ProductDetails_On_Heater_PLP_And_Successful_AddToCart_Functionality › Verify for TABAK STICKS the categories PACKUNG and GEBINDE are displayed and user is able to switch between them and add product to cart" classname="frontend\tests\integration\CEN\regression\Glo\de\plp\ShopPage_Validation.spec.ts" time="37.663">
<system-out>
<![CDATA[
[[ATTACHMENT|..\test-results\frontend-tests-integration-3b47b-hem-and-add-product-to-cart-GLO-DE\test-finished-1.png]]

[[ATTACHMENT|..\test-results\frontend-tests-integration-3b47b-hem-and-add-product-to-cart-GLO-DE\trace.zip]]
]]>
</system-out>
</testcase>
<testcase name="Validate_ProductDetails_On_Heater_PLP_And_Successful_AddToCart_Functionality › Verify for Veo STICKS the categories PACKUNG and GEBINDE are displayed and user is able to switch between them and add product to cart" classname="frontend\tests\integration\CEN\regression\Glo\de\plp\ShopPage_Validation.spec.ts" time="36.098">
<system-out>
<![CDATA[
[[ATTACHMENT|..\test-results\frontend-tests-integration-7499d-hem-and-add-product-to-cart-GLO-DE\test-finished-1.png]]

[[ATTACHMENT|..\test-results\frontend-tests-integration-7499d-hem-and-add-product-to-cart-GLO-DE\trace.zip]]
]]>
</system-out>
</testcase>
</testsuite>
[...]


       at frontend\pages\CEN\signUpPageObjects\Glo\de\signInDE.ts:43

      41 |
      42 |     async clickOnCreateAccount(): Promise<void> {
    > 43 |         await this.createAccountBtn.click();
         |                                     ^
      44 |     }
      45 | }
        at SignInDE.clickOnCreateAccount (C:\Users\2368592\Cen end market test automation practice fix\cen-endmarkets-test\frontend\pages\CEN\signUpPageObjects\Glo\de\signInDE.ts:43:37)
        at body (C:\Users\2368592\Cen end market test automation practice fix\cen-endmarkets-test\frontend\tests\integration\CEN\regression\Glo\de\signUp\accountSignup_manualAddress_InspirationClub.spec.ts:75:39)
        at body (C:\Users\2368592\Cen end market test automation practice fix\cen-endmarkets-test\node_modules\allure-js-commons\src\facade.ts:113:48)
        at call (C:\Users\2368592\Cen end market test automation practice fix\cen-endmarkets-test\node_modules\allure-playwright\src\runtime.ts:13:56)
        at Generator._invoke (C:\Users\2368592\Cen end market test automation practice fix\cen-endmarkets-test\node_modules\allure-playwright\src\runtime.ts:2:1)
        at Generator.next (C:\Users\2368592\Cen end market test automation practice fix\cen-endmarkets-test\node_modules\allure-playwright\src\runtime.ts:2:1)
        at asyncGeneratorStep (C:\Users\2368592\Cen end market test automation practice fix\cen-endmarkets-test\node_modules\allure-playwright\src\runtime.ts:2:1)
        at _next (C:\Users\2368592\Cen end market test automation practice fix\cen-endmarkets-test\node_modules\allure-playwright\src\runtime.ts:2:1)
        at C:\Users\2368592\Cen end market test automation practice fix\cen-endmarkets-test\node_modules\allure-playwright\src\runtime.ts:2:1
        at C:\Users\2368592\Cen end market test automation practice fix\cen-endmarkets-test\node_modules\allure-playwright\src\runtime.ts:2:1
        at call (C:\Users\2368592\Cen end market test automation practice fix\cen-endmarkets-test\node_modules\allure-playwright\src\runtime.ts:13:23)
        at Generator._invoke (C:\Users\2368592\Cen end market test automation practice fix\cen-endmarkets-test\node_modules\allure-playwright\src\runtime.ts:2:1)
        at Generator.next (C:\Users\2368592\Cen end market test automation practice fix\cen-endmarkets-test\node_modules\allure-playwright\src\runtime.ts:2:1)
        at asyncGeneratorStep (C:\Users\2368592\Cen end market test automation practice fix\cen-endmarkets-test\node_modules\allure-playwright\src\runtime.ts:2:1)
        at _next (C:\Users\2368592\Cen end market test automation practice fix\cen-endmarkets-test\node_modules\allure-playwright\src\runtime.ts:2:1)
        at C:\Users\2368592\Cen end market test automation practice fix\cen-endmarkets-test\node_modules\allure-playwright\src\runtime.ts:2:1
        at AllurePlaywrightTestRuntime.apply (C:\Users\2368592\Cen end market test automation practice fix\cen-endmarkets-test\node_modules\allure-playwright\src\runtime.ts:2:1)
        at AllurePlaywrightTestRuntime.step (C:\Users\2368592\Cen end market test automation practice fix\cen-endmarkets-test\node_modules\allure-playwright\src\runtime.ts:12:13)
        at callRuntimeMethod (C:\Users\2368592\Cen end market test automation practice fix\cen-endmarkets-test\node_modules\allure-js-commons\src\facade.ts:21:27)
        at Object.step (C:\Users\2368592\Cen end market test automation practice fix\cen-endmarkets-test\node_modules\allure-js-commons\src\facade.ts:113:10)
        at Object.step (C:\Users\2368592\Cen end market test automation practice fix\cen-endmarkets-test\node_modules\allure-playwright\src\legacy.ts:147:48)
        at C:\Users\2368592\Cen end market test automation practice fix\cen-endmarkets-test\frontend\tests\integration\CEN\regression\Glo\de\signUp\accountSignup_manualAddress_InspirationClub.spec.ts:74:22

    attachment #1: screenshot (image/png) ──────────────────────────────────────────────────────────
    test-results\frontend-tests-integration-77d76-spiration-club-subscription-GLO-DE\test-failed-1.png
    ────────────────────────────────────────────────────────────────────────────────────────────────

    Error Context: test-results\frontend-tests-integration-77d76-spiration-club-subscription-GLO-DE\error-context.md

    attachment #3: trace (application/zip) ─────────────────────────────────────────────────────────
    test-results\frontend-tests-integration-77d76-spiration-club-subscription-GLO-DE\trace.zip
    Usage:

        npx playwright show-trace test-results\frontend-tests-integration-77d76-spiration-club-subscription-GLO-DE\trace.zip

    ────────────────────────────────────────────────────────────────────────────────────────────────
]]>
</failure>
<system-out>
<![CDATA[
[[ATTACHMENT|..\test-results\frontend-tests-integration-77d76-spiration-club-subscription-GLO-DE\test-failed-1.png]]

[[ATTACHMENT|..\test-results\frontend-tests-integration-77d76-spiration-club-subscription-GLO-DE\error-context.md]]

[[ATTACHMENT|..\test-results\frontend-tests-integration-77d76-spiration-club-subscription-GLO-DE\trace.zip]]
]]>
</system-out>
</testcase>
</testsuite>
<testsuite name="frontend\tests\integration\CEN\regression\Glo\de\signUp\accountSignup_manualAddress_newsletter.spec.ts" timestamp="2026-02-18T15:54:26.256Z" hostname="GLO_DE" tests="1" failures="0" skipped="0" time="62.331" errors="0">
<testcase name="verify account signup with manual address and newsletter subscription › verify account signup with manual address and inspiration club subscription" classname="frontend\tests\integration\CEN\regression\Glo\de\signUp\accountSignup_manualAddress_newsletter.spec.ts" time="62.331">
<system-out>
<![CDATA[
[[ATTACHMENT|..\test-results\frontend-tests-integration-19be4-spiration-club-subscription-GLO-DE\test-finished-1.png]]

[[ATTACHMENT|..\test-results\frontend-tests-integration-19be4-spiration-club-subscription-GLO-DE\trace.zip]]
]]>
</system-out>
</testcase>
</testsuite>
<testsuite name="frontend\tests\integration\CEN\regression\Glo\de\signUp\accountSignup.spec.ts" timestamp="2026-02-18T15:54:26.256Z" hostname="GLO_DE" tests="6" failures="3" skipped="0" time="466.309" errors="0">
<testcase name="verify account signup › Validate error message for mobile numberfield" classname="frontend\tests\integration\CEN\regression\Glo\de\signUp\accountSignup.spec.ts" time="34.242">
<system-out>
<![CDATA[
[[ATTACHMENT|..\test-results\frontend-tests-integration-7985e-sage-for-mobile-numberfield-GLO-DE\test-finished-1.png]]

[[ATTACHMENT|..\test-results\frontend-tests-integration-7985e-sage-for-mobile-numberfield-GLO-DE\trace.zip]]
]]>
</system-out>
</testcase>
<testcase name="verify account signup › Validate the blank fields for email and password" classname="frontend\tests\integration\CEN\regression\Glo\de\signUp\accountSignup.spec.ts" time="109.037">
<failure message="accountSignup.spec.ts:61:9 Validate the blank fields for email and password" type="FAILURE">
<![CDATA[  [GLO_DE] › frontend\tests\integration\CEN\regression\Glo\de\signUp\accountSignup.spec.ts:61:9 › verify account signup › Validate the blank fields for email and password @intergration @signup @pass › Enter random text in Address field and select address from dropdown  

    TimeoutError: locator.click: Timeout 80000ms exceeded.
    Call log:
      - waiting for locator('li[data-testid*=\'default-list-item\']')


       at frontend\pages\CEN\signUpPageObjects\Glo\de\addressDE.ts:107

      105 |         await this.telephoneTextField.fill(testData.telephone);
      106 |         await this.addressSearch.fill(Constants.SignupPage.searchPlace); 
    > 107 |         await this.selectAddress.click();
          |                                  ^
      108 |     }
      109 |     async enterCredentials(opts: { email: string; password: string; confirmPassword: string }): Promise<void> {
      110 |     await this.email.fill(opts.email);
        at AddressDE.enterAddressFromDropDown (C:\Users\2368592\Cen end market test automation practice fix\cen-endmarkets-test\frontend\pages\CEN\signUpPageObjects\Glo\de\addressDE.ts:107:34)
        at C:\Users\2368592\Cen end market test automation practice fix\cen-endmarkets-test\frontend\tests\integration\CEN\regression\Glo\de\signUp\accountSignup.spec.ts:70:13

    attachment #1: screenshot (image/png) ──────────────────────────────────────────────────────────
    test-results\frontend-tests-integration-74792-elds-for-email-and-password-GLO-DE\test-failed-1.png
    ────────────────────────────────────────────────────────────────────────────────────────────────

    Error Context: test-results\frontend-tests-integration-74792-elds-for-email-and-password-GLO-DE\error-context.md

    attachment #3: trace (application/zip) ─────────────────────────────────────────────────────────
    test-results\frontend-tests-integration-74792-elds-for-email-and-password-GLO-DE\trace.zip
    Usage:

        npx playwright show-trace test-results\frontend-tests-integration-74792-elds-for-email-and-password-GLO-DE\trace.zip

    ────────────────────────────────────────────────────────────────────────────────────────────────
]]>
</failure>
<system-out>
<![CDATA[
[[ATTACHMENT|..\test-results\frontend-tests-integration-74792-elds-for-email-and-password-GLO-DE\test-failed-1.png]]

[[ATTACHMENT|..\test-results\frontend-tests-integration-74792-elds-for-email-and-password-GLO-DE\error-context.md]]

[[ATTACHMENT|..\test-results\frontend-tests-integration-74792-elds-for-email-and-password-GLO-DE\trace.zip]]
]]>
</system-out>
</testcase>
<testcase name="verify account signup › Validate the  password format" classname="frontend\tests\integration\CEN\regression\Glo\de\signUp\accountSignup.spec.ts" time="110.477">
<failure message="accountSignup.spec.ts:89:9 Validate the  password format" type="FAILURE">
<![CDATA[  [GLO_DE] › frontend\tests\integration\CEN\regression\Glo\de\signUp\accountSignup.spec.ts:89:9 › verify account signup › Validate the  password format @intergration @signup @pass › Enter random text in Address field and select address from dropdown  

    TimeoutError: locator.click: Timeout 80000ms exceeded.
    Call log:
      - waiting for locator('li[data-testid*=\'default-list-item\']')


       at frontend\pages\CEN\signUpPageObjects\Glo\de\addressDE.ts:107

      105 |         await this.telephoneTextField.fill(testData.telephone);
      106 |         await this.addressSearch.fill(Constants.SignupPage.searchPlace); 
    > 107 |         await this.selectAddress.click();
          |                                  ^
      108 |     }
      109 |     async enterCredentials(opts: { email: string; password: string; confirmPassword: string }): Promise<void> {
      110 |     await this.email.fill(opts.email);
        at AddressDE.enterAddressFromDropDown (C:\Users\2368592\Cen end market test automation practice fix\cen-endmarkets-test\frontend\pages\CEN\signUpPageObjects\Glo\de\addressDE.ts:107:34)
        at C:\Users\2368592\Cen end market test automation practice fix\cen-endmarkets-test\frontend\tests\integration\CEN\regression\Glo\de\signUp\accountSignup.spec.ts:98:13

    attachment #1: screenshot (image/png) ──────────────────────────────────────────────────────────
    test-results\frontend-tests-integration-2c4a7-alidate-the-password-format-GLO-DE\test-failed-1.png
    ────────────────────────────────────────────────────────────────────────────────────────────────

    Error Context: test-results\frontend-tests-integration-2c4a7-alidate-the-password-format-GLO-DE\error-context.md

    attachment #3: trace (application/zip) ─────────────────────────────────────────────────────────
    test-results\frontend-tests-integration-2c4a7-alidate-the-password-format-GLO-DE\trace.zip
    Usage:

        npx playwright show-trace test-results\frontend-tests-integration-2c4a7-alidate-the-password-format-GLO-DE\trace.zip

    ────────────────────────────────────────────────────────────────────────────────────────────────
]]>
</failure>
<system-out>
<![CDATA[
[[ATTACHMENT|..\test-results\frontend-tests-integration-2c4a7-alidate-the-password-format-GLO-DE\test-failed-1.png]]

[[ATTACHMENT|..\test-results\frontend-tests-integration-2c4a7-alidate-the-password-format-GLO-DE\error-context.md]]

[[ATTACHMENT|..\test-results\frontend-tests-integration-2c4a7-alidate-the-password-format-GLO-DE\trace.zip]]
]]>
</system-out>
</testcase>
<testcase name="verify account signup › Validate incorrect password message" classname="frontend\tests\integration\CEN\regression\Glo\de\signUp\accountSignup.spec.ts" time="112.749">
<failure message="accountSignup.spec.ts:112:9 Validate incorrect password message" type="FAILURE">
<![CDATA[  [GLO_DE] › frontend\tests\integration\CEN\regression\Glo\de\signUp\accountSignup.spec.ts:112:9 › verify account signup › Validate incorrect password message @intergration @signup › Enter random text in Address field and select address from dropdown  

    TimeoutError: locator.click: Timeout 80000ms exceeded.
    Call log:
      - waiting for locator('li[data-testid*=\'default-list-item\']')


       at frontend\pages\CEN\signUpPageObjects\Glo\de\addressDE.ts:107

      105 |         await this.telephoneTextField.fill(testData.telephone);
      106 |         await this.addressSearch.fill(Constants.SignupPage.searchPlace); 
    > 107 |         await this.selectAddress.click();
          |                                  ^
      108 |     }
      109 |     async enterCredentials(opts: { email: string; password: string; confirmPassword: string }): Promise<void> {
      110 |     await this.email.fill(opts.email);
        at AddressDE.enterAddressFromDropDown (C:\Users\2368592\Cen end market test automation practice fix\cen-endmarkets-test\frontend\pages\CEN\signUpPageObjects\Glo\de\addressDE.ts:107:34)
        at C:\Users\2368592\Cen end market test automation practice fix\cen-endmarkets-test\frontend\tests\integration\CEN\regression\Glo\de\signUp\accountSignup.spec.ts:121:13

    attachment #1: screenshot (image/png) ──────────────────────────────────────────────────────────
    test-results\frontend-tests-integration-da521--incorrect-password-message-GLO-DE\test-failed-1.png
    ────────────────────────────────────────────────────────────────────────────────────────────────

    Error Context: test-results\frontend-tests-integration-da521--incorrect-password-message-GLO-DE\error-context.md

    attachment #3: trace (application/zip) ─────────────────────────────────────────────────────────
    test-results\frontend-tests-integration-da521--incorrect-password-message-GLO-DE\trace.zip
    Usage:

        npx playwright show-trace test-results\frontend-tests-integration-da521--incorrect-password-message-GLO-DE\trace.zip

    ────────────────────────────────────────────────────────────────────────────────────────────────
]]>
</failure>
<system-out>
<![CDATA[
[[ATTACHMENT|..\test-results\frontend-tests-integration-da521--incorrect-password-message-GLO-DE\test-failed-1.png]]

[[ATTACHMENT|..\test-results\frontend-tests-integration-da521--incorrect-password-message-GLO-DE\error-context.md]]

[[ATTACHMENT|..\test-results\frontend-tests-integration-da521--incorrect-password-message-GLO-DE\trace.zip]]
]]>
</system-out>
</testcase>
<testcase name="verify account signup › verify account signup without newsletter and subscription" classname="frontend\tests\integration\CEN\regression\Glo\de\signUp\accountSignup.spec.ts" time="61.452">
<system-out>
<![CDATA[
[[ATTACHMENT|..\test-results\frontend-tests-integration-6524c-newsletter-and-subscription-GLO-DE\test-finished-2.png]]

[[ATTACHMENT|..\test-results\frontend-tests-integration-6524c-newsletter-and-subscription-GLO-DE\test-finished-1.png]]

[[ATTACHMENT|..\test-results\frontend-tests-integration-6524c-newsletter-and-subscription-GLO-DE\trace.zip]]
]]>
</system-out>
</testcase>
<testcase name="verify account signup › Desktop_GloDe_Verify phone number validation in user registration page" classname="frontend\tests\integration\CEN\regression\Glo\de\signUp\accountSignup.spec.ts" time="38.352">
<system-out>
<![CDATA[
[[ATTACHMENT|..\test-results\frontend-tests-integration-2e0d4-n-in-user-registration-page-GLO-DE\test-finished-1.png]]

[[ATTACHMENT|..\test-results\frontend-tests-integration-2e0d4-n-in-user-registration-page-GLO-DE\trace.zip]]
]]>
</system-out>
</testcase>
</testsuite>
<testsuite name="frontend\tests\integration\CEN\regression\Glo\de\storeLocator\storeLocator.spec.ts" timestamp="2026-02-18T15:54:26.256Z" hostname="GLO_DE" tests="1" failures="0" skipped="0" time="18.32" errors="0">
<testcase name="Verify Store Locator › Verify Store Locator Validation" classname="frontend\tests\integration\CEN\regression\Glo\de\storeLocator\storeLocator.spec.ts" time="18.32">
<system-out>
<![CDATA[
[[ATTACHMENT|..\test-results\frontend-tests-integration-56f67-fy-Store-Locator-Validation-GLO-DE\test-finished-1.png]]

[[ATTACHMENT|..\test-results\frontend-tests-integration-56f67-fy-Store-Locator-Validation-GLO-DE\trace.zip]]
]]>
</system-out>
</testcase>
</testsuite>
<testsuite name="frontend\tests\integration\CEN\regression\Glo\de\welcomeOffer\welcomeOffer.spec.ts" timestamp="2026-02-18T15:54:26.256Z" hostname="GLO_DE" tests="1" failures="1" skipped="0" time="60.349" errors="0">
<testcase name="verify welcome offer › Verify welcome offer for new user" classname="frontend\tests\integration\CEN\regression\Glo\de\welcomeOffer\welcomeOffer.spec.ts" time="60.349">
<failure message="welcomeOffer.spec.ts:45:7 Verify welcome offer for new user" type="FAILURE">
<![CDATA[  [GLO_DE] › frontend\tests\integration\CEN\regression\Glo\de\welcomeOffer\welcomeOffer.spec.ts:45:7 › verify welcome offer › Verify welcome offer for new user @intergration @welcomeOffer › Scroll down to step 1 and select a Device color 

    TypeError: Cannot read properties of undefined (reading 'click')

       at frontend\pages\CEN\welcomeOfferPage.ts:179

      177 |         const colours = await this.colours.all();
      178 |         const index = Math.floor(Math.random() * ((colours.length - 1) - 0 + 1)) + 0;
    > 179 |         await colours[index].click();
          |                              ^
      180 |     }
      181 |     async selectFirstPack(){
      182 |         const options = await this.pack1.locator('option').all();
        at WelcomeOfferPage.stepOneSelectColour (C:\Users\2368592\Cen end market test automation practice fix\cen-endmarkets-test\frontend\pages\CEN\welcomeOfferPage.ts:179:30)
        at C:\Users\2368592\Cen end market test automation practice fix\cen-endmarkets-test\frontend\tests\integration\CEN\regression\Glo\de\welcomeOffer\welcomeOffer.spec.ts:67:7

    attachment #1: screenshot (image/png) ──────────────────────────────────────────────────────────
    test-results\frontend-tests-integration-49ea2--welcome-offer-for-new-user-GLO-DE\test-failed-1.png
    ────────────────────────────────────────────────────────────────────────────────────────────────

    Error Context: test-results\frontend-tests-integration-49ea2--welcome-offer-for-new-user-GLO-DE\error-context.md

    attachment #3: trace (application/zip) ─────────────────────────────────────────────────────────
    test-results\frontend-tests-integration-49ea2--welcome-offer-for-new-user-GLO-DE\trace.zip
    Usage:

        npx playwright show-trace test-results\frontend-tests-integration-49ea2--welcome-offer-for-new-user-GLO-DE\trace.zip

    ────────────────────────────────────────────────────────────────────────────────────────────────
]]>
</failure>
<system-out>
<![CDATA[
[[ATTACHMENT|..\test-results\frontend-tests-integration-49ea2--welcome-offer-for-new-user-GLO-DE\test-failed-1.png]]

[[ATTACHMENT|..\test-results\frontend-tests-integration-49ea2--welcome-offer-for-new-user-GLO-DE\error-context.md]]

[[ATTACHMENT|..\test-results\frontend-tests-integration-49ea2--welcome-offer-for-new-user-GLO-DE\trace.zip]]
]]>
</system-out>
</testcase>
</testsuite>
</testsuites>
