<testsuites id="" name="" tests="136" failures="46" skipped="1" errors="0" time="8258.313027">
<testsuite name="frontend\tests\integration\CEN\regression\Common\authentication\acceptAllCookiesAndAllowAgeRestriction.spec.ts" timestamp="2026-02-18T15:54:26.256Z" hostname="GLO_DE" tests="2" failures="0" skipped="0" time="66.4" errors="0">
<testcase name="Verify_accept_all_cookies_Allow_entry_age_18 › Verify_Cookies_Acceptance_And_Cookie Buttons displayed" classname="frontend\tests\integration\CEN\regression\Common\authentication\acceptAllCookiesAndAllowAgeRestriction.spec.ts" time="43.783">
<system-out>
<![CDATA[
[[ATTACHMENT|..\test-results\frontend-tests-integration-13bf0-nd-Cookie-Buttons-displayed-GLO-DE\test-finished-1.png]]

[[ATTACHMENT|..\test-results\frontend-tests-integration-13bf0-nd-Cookie-Buttons-displayed-GLO-DE\trace.zip]]
]]>
</system-out>
</testcase>
<testcase name="Verify_accept_all_cookies_Allow_entry_age_18 › Verify_Cookies_Acceptance_And_Age_Restriction_Under_18" classname="frontend\tests\integration\CEN\regression\Common\authentication\acceptAllCookiesAndAllowAgeRestriction.spec.ts" time="22.617">
<system-out>
<![CDATA[
[[ATTACHMENT|..\test-results\frontend-tests-integration-c7d32-nd-Age-Restriction-Under-18-GLO-DE\test-finished-1.png]]

[[ATTACHMENT|..\test-results\frontend-tests-integration-c7d32-nd-Age-Restriction-Under-18-GLO-DE\trace.zip]]
]]>
</system-out>
</testcase>
</testsuite>
<testsuite name="frontend\tests\integration\CEN\regression\Common\authentication\acceptCookiesAndVerifyAgeRestrictionUnder18.spec.ts" timestamp="2026-02-18T15:54:26.256Z" hostname="GLO_DE" tests="2" failures="0" skipped="0" time="61.434" errors="0">
<testcase name="Verify_Cookies_Acceptance_And_Age_Restriction_Under_18 › Verify_Cookies_Acceptance_And_Age_Restriction_Under_18" classname="frontend\tests\integration\CEN\regression\Common\authentication\acceptCookiesAndVerifyAgeRestrictionUnder18.spec.ts" time="41.304">
<system-out>
<![CDATA[
[[ATTACHMENT|..\test-results\frontend-tests-integration-27ec2-nd-Age-Restriction-Under-18-GLO-DE\test-finished-1.png]]

[[ATTACHMENT|..\test-results\frontend-tests-integration-27ec2-nd-Age-Restriction-Under-18-GLO-DE\trace.zip]]
]]>
</system-out>
</testcase>
<testcase name="Verify_Cookies_Acceptance_And_Age_Restriction_Under_18 › verify the Cookies are selected as expected in homepage" classname="frontend\tests\integration\CEN\regression\Common\authentication\acceptCookiesAndVerifyAgeRestrictionUnder18.spec.ts" time="20.13">
<system-out>
<![CDATA[
[[ATTACHMENT|..\test-results\frontend-tests-integration-7369d-ted-as-expected-in-homepage-GLO-DE\test-finished-1.png]]

[[ATTACHMENT|..\test-results\frontend-tests-integration-7369d-ted-as-expected-in-homepage-GLO-DE\trace.zip]]
]]>
</system-out>
</testcase>
</testsuite>
<testsuite name="frontend\tests\integration\CEN\regression\Common\blogs\blogCommonValidation.spec.ts" timestamp="2026-02-18T15:54:26.256Z" hostname="GLO_DE" tests="1" failures="0" skipped="0" time="27.385" errors="0">
<testcase name="verify BlogPage › Verify blog pages pagination" classname="frontend\tests\integration\CEN\regression\Common\blogs\blogCommonValidation.spec.ts" time="27.385">
<system-out>
<![CDATA[
[[ATTACHMENT|..\test-results\frontend-tests-integration-866b5-erify-blog-pages-pagination-GLO-DE\test-finished-1.png]]

[[ATTACHMENT|..\test-results\frontend-tests-integration-866b5-erify-blog-pages-pagination-GLO-DE\trace.zip]]
]]>
</system-out>
</testcase>
</testsuite>
<testsuite name="frontend\tests\integration\CEN\regression\Common\homePage\homepage_VisualValidation.spec.ts" timestamp="2026-02-18T15:54:26.256Z" hostname="GLO_DE" tests="2" failures="0" skipped="0" time="40.433" errors="0">
<testcase name="Validate_HomePage_Loads_With_Correct_Section_And_Elements › Verify_Homepage_Title_And_Header_Section" classname="frontend\tests\integration\CEN\regression\Common\homePage\homepage_VisualValidation.spec.ts" time="22.361">
<system-out>
<![CDATA[
[[ATTACHMENT|..\test-results\frontend-tests-integration-f3117-ge-Title-And-Header-Section-GLO-DE\test-finished-1.png]]

[[ATTACHMENT|..\test-results\frontend-tests-integration-f3117-ge-Title-And-Header-Section-GLO-DE\trace.zip]]
]]>
</system-out>
</testcase>
<testcase name="Validate_HomePage_Loads_With_Correct_Section_And_Elements › Verify_Homepage_Footer_Section" classname="frontend\tests\integration\CEN\regression\Common\homePage\homepage_VisualValidation.spec.ts" time="18.072">
<system-out>
<![CDATA[
[[ATTACHMENT|..\test-results\frontend-tests-integration-a841b-ify-Homepage-Footer-Section-GLO-DE\test-finished-1.png]]

[[ATTACHMENT|..\test-results\frontend-tests-integration-a841b-ify-Homepage-Footer-Section-GLO-DE\trace.zip]]
]]>
</system-out>
</testcase>
</testsuite>
<testsuite name="frontend\tests\integration\CEN\regression\Common\loginLogout\loginAndLogout.spec.ts" timestamp="2026-02-18T15:54:26.256Z" hostname="GLO_DE" tests="5" failures="0" skipped="0" time="90.823" errors="0">
<testcase name="verify login and logout › Verify email and password fields " classname="frontend\tests\integration\CEN\regression\Common\loginLogout\loginAndLogout.spec.ts" time="13.879">
<system-out>
<![CDATA[
[[ATTACHMENT|..\test-results\frontend-tests-integration-ea1a2--email-and-password-fields--GLO-DE\test-finished-1.png]]

[[ATTACHMENT|..\test-results\frontend-tests-integration-ea1a2--email-and-password-fields--GLO-DE\trace.zip]]
]]>
</system-out>
</testcase>
<testcase name="verify login and logout › Verify error message with blanks values " classname="frontend\tests\integration\CEN\regression\Common\loginLogout\loginAndLogout.spec.ts" time="12.652">
<system-out>
<![CDATA[
[[ATTACHMENT|..\test-results\frontend-tests-integration-f2aef-message-with-blanks-values--GLO-DE\test-finished-1.png]]

[[ATTACHMENT|..\test-results\frontend-tests-integration-f2aef-message-with-blanks-values--GLO-DE\trace.zip]]
]]>
</system-out>
</testcase>
<testcase name="verify login and logout › Verify incorrect email format message " classname="frontend\tests\integration\CEN\regression\Common\loginLogout\loginAndLogout.spec.ts" time="10.41">
<system-out>
<![CDATA[
[[ATTACHMENT|..\test-results\frontend-tests-integration-c57a3-rrect-email-format-message--GLO-DE\test-finished-1.png]]

[[ATTACHMENT|..\test-results\frontend-tests-integration-c57a3-rrect-email-format-message--GLO-DE\trace.zip]]
]]>
</system-out>
</testcase>
<testcase name="verify login and logout › Verify incorrect password validation" classname="frontend\tests\integration\CEN\regression\Common\loginLogout\loginAndLogout.spec.ts" time="21.637">
<system-out>
<![CDATA[
[[ATTACHMENT|..\test-results\frontend-tests-integration-f9f21-correct-password-validation-GLO-DE\test-finished-1.png]]

[[ATTACHMENT|..\test-results\frontend-tests-integration-f9f21-correct-password-validation-GLO-DE\trace.zip]]
]]>
</system-out>
</testcase>
<testcase name="verify login and logout › Verify login with valid credentials and logout " classname="frontend\tests\integration\CEN\regression\Common\loginLogout\loginAndLogout.spec.ts" time="32.245">
<system-out>
<![CDATA[
[[ATTACHMENT|..\test-results\frontend-tests-integration-6eaca-lid-credentials-and-logout--GLO-DE\test-finished-1.png]]

[[ATTACHMENT|..\test-results\frontend-tests-integration-6eaca-lid-credentials-and-logout--GLO-DE\trace.zip]]
]]>
</system-out>
</testcase>
</testsuite>
<testsuite name="frontend\tests\integration\CEN\regression\Glo\de\30dayTrial\Trial.spec.ts" timestamp="2026-02-18T15:54:26.256Z" hostname="GLO_DE" tests="1" failures="1" skipped="0" time="190.282" errors="0">
<testcase name="verify 30 days trial › Verify the sending 30 days trial " classname="frontend\tests\integration\CEN\regression\Glo\de\30dayTrial\Trial.spec.ts" time="190.282">
<failure message="Trial.spec.ts:65:9 Verify the sending 30 days trial " type="FAILURE">
<![CDATA[  [GLO_DE] › frontend\tests\integration\CEN\regression\Glo\de\30dayTrial\Trial.spec.ts:65:9 › verify 30 days trial › Verify the sending 30 days trial  @intergration @signup › Click on buy now button 

    TimeoutError: page.waitForSelector: Timeout 80000ms exceeded.
    Call log:
      - waiting for locator('h3[data-test-id=\'order-success-heading\']') to be visible


       at frontend\pages\CEN\checkOutPageObjects\Glo\de\checkoutpageDE.ts:232

      230 |         await this.buyNowButton.scrollIntoViewIfNeeded();
      231 |         await this.buyNowButton.click();
    > 232 |         await this.page.waitForSelector(this.checkOutPageSelectors.orderSuccessMessageLabel);
          |                         ^
      233 |     }
      234 |
      235 |     async acceptTrialCondition() {
        at CheckOutPageDE.clickOnBuyNowButton (C:\Users\2368592\Cen end market test automation practice fix\cen-endmarkets-test\frontend\pages\CEN\checkOutPageObjects\Glo\de\checkoutpageDE.ts:232:25)
        at C:\Users\2368592\Cen end market test automation practice fix\cen-endmarkets-test\frontend\tests\integration\CEN\regression\Glo\de\30dayTrial\Trial.spec.ts:86:13

    attachment #1: screenshot (image/png) ──────────────────────────────────────────────────────────
    test-results\frontend-tests-integration-47ac3--the-sending-30-days-trial--GLO-DE\test-failed-1.png
    ────────────────────────────────────────────────────────────────────────────────────────────────

    Error Context: test-results\frontend-tests-integration-47ac3--the-sending-30-days-trial--GLO-DE\error-context.md

    attachment #3: trace (application/zip) ─────────────────────────────────────────────────────────
    test-results\frontend-tests-integration-47ac3--the-sending-30-days-trial--GLO-DE\trace.zip
    Usage:

        npx playwright show-trace test-results\frontend-tests-integration-47ac3--the-sending-30-days-trial--GLO-DE\trace.zip

    ────────────────────────────────────────────────────────────────────────────────────────────────
]]>
</failure>
<system-out>
<![CDATA[
[[ATTACHMENT|..\test-results\frontend-tests-integration-47ac3--the-sending-30-days-trial--GLO-DE\test-failed-1.png]]

[[ATTACHMENT|..\test-results\frontend-tests-integration-47ac3--the-sending-30-days-trial--GLO-DE\error-context.md]]

[[ATTACHMENT|..\test-results\frontend-tests-integration-47ac3--the-sending-30-days-trial--GLO-DE\trace.zip]]
]]>
</system-out>
</testcase>
</testsuite>
<testsuite name="frontend\tests\integration\CEN\regression\Glo\de\Backorder\Verify_backorders_for_single_out_of_stock_product.spec.ts" timestamp="2026-02-18T15:54:26.256Z" hostname="GLO_DE" tests="1" failures="1" skipped="0" time="135.079" errors="0">
<testcase name="Verify backorders for single out of stock products › Verify backorder product" classname="frontend\tests\integration\CEN\regression\Glo\de\Backorder\Verify_backorders_for_single_out_of_stock_product.spec.ts" time="135.079">
<failure message="Verify_backorders_for_single_out_of_stock_product.spec.ts:62:7 Verify backorder product" type="FAILURE">
<![CDATA[  [GLO_DE] › frontend\tests\integration\CEN\regression\Glo\de\Backorder\Verify_backorders_for_single_out_of_stock_product.spec.ts:62:7 › Verify backorders for single out of stock products › Verify backorder product @integration @orderplacement @pass @delta 

    TimeoutError: locator.waitFor: Timeout 80000ms exceeded.
    Call log:
      - waiting for locator('button[data-test-id=\'minicart-close-button\'], span[class*=\'miniCart-minicartToggle\']') to be visible
        6 × locator resolved to hidden <button type="button" title="Schließen" data-action="close" class="action close" id="btn-minicart-close" data-test-id="minicart-close-button" data-bind="attr: { title: $t('Close') },↵            click: closeMinicart()">…</button>
        - waiting for" https://mc-uat.myglo.com/de/de/glo-zubehoer/glo-mini-power-bank/" navigation to finish...
        - navigated to "https://mc-uat.myglo.com/de/de/glo-zubehoer/glo-mini-power-bank/"
        137 × locator resolved to hidden <button type="button" title="Schließen" data-action="close" class="action close" id="btn-minicart-close" data-test-id="minicart-close-button" data-bind="attr: { title: $t('Close') },↵            click: closeMinicart()">…</button>


       at frontend\pages\CEN\plpPageObjects\Glo\de\backOrderPageObject.ts:112

      110 |             // await this.page.waitForTimeout(2000);
      111 |             //     //TILL THIS
    > 112 |             await this.miniCart.miniCartCommon.closeMinicartButton.waitFor({ state: 'visible' });
          |                                                                    ^
      113 |             await this.miniCart.miniCartCommon.closeMinicartButton.scrollIntoViewIfNeeded();
      114 |             await this.miniCart.miniCartCommon.clickOnCloseButton();
      115 |
        at BackOrderPageObject.addBackorderProductToCart (C:\Users\2368592\Cen end market test automation practice fix\cen-endmarkets-test\frontend\pages\CEN\plpPageObjects\Glo\de\backOrderPageObject.ts:112:68)
        at C:\Users\2368592\Cen end market test automation practice fix\cen-endmarkets-test\frontend\tests\integration\CEN\regression\Glo\de\Backorder\Verify_backorders_for_single_out_of_stock_product.spec.ts:43:31

    attachment #1: screenshot (image/png) ──────────────────────────────────────────────────────────
    test-results\frontend-tests-integration-e83f2-ts-Verify-backorder-product-GLO-DE\test-failed-1.png
    ────────────────────────────────────────────────────────────────────────────────────────────────

    Error Context: test-results\frontend-tests-integration-e83f2-ts-Verify-backorder-product-GLO-DE\error-context.md

    attachment #3: trace (application/zip) ─────────────────────────────────────────────────────────
    test-results\frontend-tests-integration-e83f2-ts-Verify-backorder-product-GLO-DE\trace.zip
    Usage:

        npx playwright show-trace test-results\frontend-tests-integration-e83f2-ts-Verify-backorder-product-GLO-DE\trace.zip

    ────────────────────────────────────────────────────────────────────────────────────────────────
]]>
</failure>
<system-out>
<![CDATA[
[[ATTACHMENT|..\test-results\frontend-tests-integration-e83f2-ts-Verify-backorder-product-GLO-DE\test-failed-1.png]]

[[ATTACHMENT|..\test-results\frontend-tests-integration-e83f2-ts-Verify-backorder-product-GLO-DE\error-context.md]]

[[ATTACHMENT|..\test-results\frontend-tests-integration-e83f2-ts-Verify-backorder-product-GLO-DE\trace.zip]]
]]>
</system-out>
</testcase>
</testsuite>
<testsuite name="frontend\tests\integration\CEN\regression\Glo\de\billingAddressUpdate\billingAddressUpdate.spec.ts" timestamp="2026-02-18T15:54:26.256Z" hostname="GLO_DE" tests="1" failures="0" skipped="0" time="42.657" errors="0">
<testcase name="Verify shipping address update not affecting Billing Address for Existing user › Verify shipping address update not affecting Billing Address" classname="frontend\tests\integration\CEN\regression\Glo\de\billingAddressUpdate\billingAddressUpdate.spec.ts" time="42.657">
<system-out>
<![CDATA[
[[ATTACHMENT|..\test-results\frontend-tests-integration-88ae8-t-affecting-Billing-Address-GLO-DE\test-finished-1.png]]

[[ATTACHMENT|..\test-results\frontend-tests-integration-88ae8-t-affecting-Billing-Address-GLO-DE\trace.zip]]
]]>
</system-out>
</testcase>
</testsuite>
<testsuite name="frontend\tests\integration\CEN\regression\Glo\de\blogs\meetGlo.spec.ts" timestamp="2026-02-18T15:54:26.256Z" hostname="GLO_DE" tests="4" failures="0" skipped="0" time="91.593" errors="0">
<testcase name="verify meet GLO › Verify blog pages categories" classname="frontend\tests\integration\CEN\regression\Glo\de\blogs\meetGlo.spec.ts" time="30.242">
<system-out>
<![CDATA[
[[ATTACHMENT|..\test-results\frontend-tests-integration-04564-erify-blog-pages-categories-GLO-DE\test-finished-1.png]]

[[ATTACHMENT|..\test-results\frontend-tests-integration-04564-erify-blog-pages-categories-GLO-DE\trace.zip]]
]]>
</system-out>
</testcase>
<testcase name="verify meet GLO › Verify blog content in Wissenswertes category and validation" classname="frontend\tests\integration\CEN\regression\Glo\de\blogs\meetGlo.spec.ts" time="20.104">
<system-out>
<![CDATA[
[[ATTACHMENT|..\test-results\frontend-tests-integration-e6114-tes-category-and-validation-GLO-DE\test-finished-1.png]]

[[ATTACHMENT|..\test-results\frontend-tests-integration-e6114-tes-category-and-validation-GLO-DE\trace.zip]]
]]>
</system-out>
</testcase>
<testcase name="verify meet GLO › Verify blog content in How To Glo category and validation" classname="frontend\tests\integration\CEN\regression\Glo\de\blogs\meetGlo.spec.ts" time="21.319">
<system-out>
<![CDATA[
[[ATTACHMENT|..\test-results\frontend-tests-integration-29570-Glo-category-and-validation-GLO-DE\test-finished-1.png]]

[[ATTACHMENT|..\test-results\frontend-tests-integration-29570-Glo-category-and-validation-GLO-DE\trace.zip]]
]]>
</system-out>
</testcase>
<testcase name="verify meet GLO › Verify blog content in Produkt category and validation" classname="frontend\tests\integration\CEN\regression\Glo\de\blogs\meetGlo.spec.ts" time="19.928">
<system-out>
<![CDATA[
[[ATTACHMENT|..\test-results\frontend-tests-integration-ee179-ukt-category-and-validation-GLO-DE\test-finished-1.png]]

[[ATTACHMENT|..\test-results\frontend-tests-integration-ee179-ukt-category-and-validation-GLO-DE\trace.zip]]
]]>
</system-out>
</testcase>
</testsuite>
<testsuite name="frontend\tests\integration\CEN\regression\Glo\de\cart\cart_Validation.spec.ts" timestamp="2026-02-18T15:54:26.256Z" hostname="GLO_DE" tests="9" failures="2" skipped="0" time="618.891" errors="0">
<testcase name="Verify_Cart_Validation › Verify product added to cart is available in Minicart with correct quantity" classname="frontend\tests\integration\CEN\regression\Glo\de\cart\cart_Validation.spec.ts" time="54.274">
<system-out>
<![CDATA[
[[ATTACHMENT|..\test-results\frontend-tests-integration-29aac-icart-with-correct-quantity-GLO-DE\test-finished-1.png]]

[[ATTACHMENT|..\test-results\frontend-tests-integration-29aac-icart-with-correct-quantity-GLO-DE\trace.zip]]
]]>
</system-out>
</testcase>
<testcase name="Verify_Cart_Validation › Increase and decrease quantity by clicking + or - symbols" classname="frontend\tests\integration\CEN\regression\Glo\de\cart\cart_Validation.spec.ts" time="61.509">
<system-out>
<![CDATA[
[[ATTACHMENT|..\test-results\frontend-tests-integration-8ed8b-ty-by-clicking-or---symbols-GLO-DE\test-finished-1.png]]

[[ATTACHMENT|..\test-results\frontend-tests-integration-8ed8b-ty-by-clicking-or---symbols-GLO-DE\trace.zip]]
]]>
</system-out>
</testcase>
<testcase name="Verify_Cart_Validation › Decrease quantity by clicking - symbol" classname="frontend\tests\integration\CEN\regression\Glo\de\cart\cart_Validation.spec.ts" time="69.555">
<system-out>
<![CDATA[
[[ATTACHMENT|..\test-results\frontend-tests-integration-0cc66-antity-by-clicking---symbol-GLO-DE\test-finished-1.png]]

[[ATTACHMENT|..\test-results\frontend-tests-integration-0cc66-antity-by-clicking---symbol-GLO-DE\trace.zip]]
]]>
</system-out>
</testcase>
<testcase name="Verify_Cart_Validation › verify PDP page opens up from the cart page." classname="frontend\tests\integration\CEN\regression\Glo\de\cart\cart_Validation.spec.ts" time="119.898">
<failure message="cart_Validation.spec.ts:96:9 verify PDP page opens up from the cart page." type="FAILURE">
<![CDATA[  [GLO_DE] › frontend\tests\integration\CEN\regression\Glo\de\cart\cart_Validation.spec.ts:96:9 › Verify_Cart_Validation › verify PDP page opens up from the cart page. @integration @homepage @cart @pass › Click on check out button in mini cart to navigate to cart page 

    TimeoutError: locator.click: Timeout 80000ms exceeded.
    Call log:
      - waiting for locator('[data-test-id=\'minicart-checkout-button\']')


       at frontend\pages\CEN\miniCartpageObjects\Glo\de\miniCart.ts:90

      88 |     async clickOnCheckoutButton(): Promise<void> {
      89 |         await this.openMinicart();
    > 90 |         await this.checkoutMiniCartButton.click();
         |                                           ^
      91 |     }
      92 |
      93 |     async getTotalProductCountFromHeader(): Promise<string> {
        at MiniCartDE.clickOnCheckoutButton (C:\Users\2368592\Cen end market test automation practice fix\cen-endmarkets-test\frontend\pages\CEN\miniCartpageObjects\Glo\de\miniCart.ts:90:43)
        at C:\Users\2368592\Cen end market test automation practice fix\cen-endmarkets-test\frontend\tests\integration\CEN\regression\Glo\de\cart\cart_Validation.spec.ts:99:13

    attachment #1: screenshot (image/png) ──────────────────────────────────────────────────────────
    test-results\frontend-tests-integration-244e4-pens-up-from-the-cart-page--GLO-DE\test-failed-1.png
    ────────────────────────────────────────────────────────────────────────────────────────────────

    Error Context: test-results\frontend-tests-integration-244e4-pens-up-from-the-cart-page--GLO-DE\error-context.md

    attachment #3: trace (application/zip) ─────────────────────────────────────────────────────────
    test-results\frontend-tests-integration-244e4-pens-up-from-the-cart-page--GLO-DE\trace.zip
    Usage:

        npx playwright show-trace test-results\frontend-tests-integration-244e4-pens-up-from-the-cart-page--GLO-DE\trace.zip

    ────────────────────────────────────────────────────────────────────────────────────────────────
]]>
</failure>
<system-out>
<![CDATA[
[[ATTACHMENT|..\test-results\frontend-tests-integration-244e4-pens-up-from-the-cart-page--GLO-DE\test-failed-1.png]]

[[ATTACHMENT|..\test-results\frontend-tests-integration-244e4-pens-up-from-the-cart-page--GLO-DE\error-context.md]]

[[ATTACHMENT|..\test-results\frontend-tests-integration-244e4-pens-up-from-the-cart-page--GLO-DE\trace.zip]]
]]>
</system-out>
</testcase>
<testcase name="Verify_Cart_Validation › Verify adding products from Cross sell list to cart" classname="frontend\tests\integration\CEN\regression\Glo\de\cart\cart_Validation.spec.ts" time="57.775">
<failure message="cart_Validation.spec.ts:108:9 Verify adding products from Cross sell list to cart" type="FAILURE">
<![CDATA[  [GLO_DE] › frontend\tests\integration\CEN\regression\Glo\de\cart\cart_Validation.spec.ts:108:9 › Verify_Cart_Validation › Verify adding products from Cross sell list to cart @integration @cart @pass › Validate product detail in Cart Page 

    TypeError: Cannot read properties of undefined (reading 'textContent')

       at frontend\pages\CEN\cartPageObjects\Glo\de\cartpage.ts:121

      119 |             else {
      120 |                 const productDetail: ProductDetailsDTO = {
    > 121 |                     productName: (await productNames[i].textContent())?.trim(),
          |                                                         ^
      122 |                     price: (await productPrices[i].textContent())?.trim(),
      123 |                     colorOption: undefined,
      124 |                     productCount: (await productQty[i].getAttribute('value'))
        at CartPageDE.getProductDetails (C:\Users\2368592\Cen end market test automation practice fix\cen-endmarkets-test\frontend\pages\CEN\cartPageObjects\Glo\de\cartpage.ts:121:57)
        at C:\Users\2368592\Cen end market test automation practice fix\cen-endmarkets-test\frontend\tests\integration\CEN\regression\Glo\de\cart\cart_Validation.spec.ts:120:20

    attachment #1: screenshot (image/png) ──────────────────────────────────────────────────────────
    test-results\frontend-tests-integration-95795-rom-Cross-sell-list-to-cart-GLO-DE\test-failed-1.png
    ────────────────────────────────────────────────────────────────────────────────────────────────

    Error Context: test-results\frontend-tests-integration-95795-rom-Cross-sell-list-to-cart-GLO-DE\error-context.md

    attachment #3: trace (application/zip) ─────────────────────────────────────────────────────────
    test-results\frontend-tests-integration-95795-rom-Cross-sell-list-to-cart-GLO-DE\trace.zip
    Usage:

        npx playwright show-trace test-results\frontend-tests-integration-95795-rom-Cross-sell-list-to-cart-GLO-DE\trace.zip

    ────────────────────────────────────────────────────────────────────────────────────────────────
]]>
</failure>
<system-out>
<![CDATA[
[[ATTACHMENT|..\test-results\frontend-tests-integration-95795-rom-Cross-sell-list-to-cart-GLO-DE\test-failed-1.png]]

[[ATTACHMENT|..\test-results\frontend-tests-integration-95795-rom-Cross-sell-list-to-cart-GLO-DE\error-context.md]]

[[ATTACHMENT|..\test-results\frontend-tests-integration-95795-rom-Cross-sell-list-to-cart-GLO-DE\trace.zip]]
]]>
</system-out>
</testcase>
<testcase name="Verify_Cart_Validation › Verify price break up details" classname="frontend\tests\integration\CEN\regression\Glo\de\cart\cart_Validation.spec.ts" time="76.448">
<system-out>
<![CDATA[
[[ATTACHMENT|..\test-results\frontend-tests-integration-89307-rify-price-break-up-details-GLO-DE\test-finished-1.png]]

[[ATTACHMENT|..\test-results\frontend-tests-integration-89307-rify-price-break-up-details-GLO-DE\trace.zip]]
]]>
</system-out>
</testcase>
<testcase name="Verify_Cart_Validation › Verify checkout from cart" classname="frontend\tests\integration\CEN\regression\Glo\de\cart\cart_Validation.spec.ts" time="56.278">
<system-out>
<![CDATA[
[[ATTACHMENT|..\test-results\frontend-tests-integration-83111-n-Verify-checkout-from-cart-GLO-DE\test-finished-1.png]]

[[ATTACHMENT|..\test-results\frontend-tests-integration-83111-n-Verify-checkout-from-cart-GLO-DE\trace.zip]]
]]>
</system-out>
</testcase>
<testcase name="Verify_Cart_Validation › Verify whether button ZUR KASSE is displayed below price breakdown" classname="frontend\tests\integration\CEN\regression\Glo\de\cart\cart_Validation.spec.ts" time="58.858">
<system-out>
<![CDATA[
[[ATTACHMENT|..\test-results\frontend-tests-integration-aa6f9-layed-below-price-breakdown-GLO-DE\test-finished-1.png]]

[[ATTACHMENT|..\test-results\frontend-tests-integration-aa6f9-layed-below-price-breakdown-GLO-DE\trace.zip]]
]]>
</system-out>
</testcase>
<testcase name="Verify_Cart_Validation › Verify adding product to cart from PLP and validate product added to cart displayed successfully in cart page." classname="frontend\tests\integration\CEN\regression\Glo\de\cart\cart_Validation.spec.ts" time="64.296">
<system-out>
<![CDATA[
[[ATTACHMENT|..\test-results\frontend-tests-integration-f637f--successfully-in-cart-page--GLO-DE\test-finished-1.png]]

[[ATTACHMENT|..\test-results\frontend-tests-integration-f637f--successfully-in-cart-page--GLO-DE\trace.zip]]
]]>
</system-out>
</testcase>
</testsuite>
<testsuite name="frontend\tests\integration\CEN\regression\Glo\de\contactForm\contactForm.spec.ts" timestamp="2026-02-18T15:54:26.256Z" hostname="GLO_DE" tests="1" failures="0" skipped="0" time="17.305" errors="0">
<testcase name="Verify contact form › Verify sending message in contact form " classname="frontend\tests\integration\CEN\regression\Glo\de\contactForm\contactForm.spec.ts" time="17.305">
<system-out>
<![CDATA[
[[ATTACHMENT|..\test-results\frontend-tests-integration-0ab5d-ng-message-in-contact-form--GLO-DE\test-finished-1.png]]

[[ATTACHMENT|..\test-results\frontend-tests-integration-0ab5d-ng-message-in-contact-form--GLO-DE\trace.zip]]
]]>
</system-out>
</testcase>
</testsuite>
<testsuite name="frontend\tests\integration\CEN\regression\Glo\de\Couponcode\applyDiscountCode.spec.ts" timestamp="2026-02-18T15:54:26.256Z" hostname="GLO_DE" tests="1" failures="1" skipped="0" time="119.155" errors="0">
<testcase name="Validate_Successful_order_Placement_using_CreditCard_PaymentMethod › Add coupon to the cart product" classname="frontend\tests\integration\CEN\regression\Glo\de\Couponcode\applyDiscountCode.spec.ts" time="119.155">
<failure message="applyDiscountCode.spec.ts:58:7 Add coupon to the cart product" type="FAILURE">
<![CDATA[  [GLO_DE] › frontend\tests\integration\CEN\regression\Glo\de\Couponcode\applyDiscountCode.spec.ts:58:7 › Validate_Successful_order_Placement_using_CreditCard_PaymentMethod › Add coupon to the cart product @integration @orderplacement @pass @delta 

    TimeoutError: locator.click: Timeout 80000ms exceeded.
    Call log:
      - waiting for locator('a[data-test-id=\'minicart-button\'], div button[aria-label*=\'Toggle mini cart\']:nth-child(1)')
        - locator resolved to <a class="action showcart active" data-test-id="minicart-button" data-bind="scope: 'minicart_content'" href="https://mc-uat.myglo.com/de/de/checkout/cart/">…</a>
      - attempting click action
        2 × waiting for element to be visible, enabled and stable
          - element is visible, enabled and stable
          - scrolling into view if needed
          - done scrolling
          - <div class="block">…</div> from <div tabindex="-1" role="dialog" aria-describedby="ui-id-8" class="ui-dialog ui-corner-all ui-widget ui-widget-content ui-front mage-dropdown-dialog">…</div> subtree intercepts pointer events
        - retrying click action
        - waiting 20ms
        2 × waiting for element to be visible, enabled and stable
          - element is visible, enabled and stable
          - scrolling into view if needed
          - done scrolling
          - <div class="block">…</div> from <div tabindex="-1" role="dialog" aria-describedby="ui-id-8" class="ui-dialog ui-corner-all ui-widget ui-widget-content ui-front mage-dropdown-dialog">…</div> subtree intercepts pointer events
        - retrying click action
          - waiting 100ms
        141 × waiting for element to be visible, enabled and stable
            - element is visible, enabled and stable
            - scrolling into view if needed
            - done scrolling
            - <div class="block">…</div> from <div tabindex="-1" role="dialog" aria-describedby="ui-id-8" class="ui-dialog ui-corner-all ui-widget ui-widget-content ui-front mage-dropdown-dialog">…</div> subtree intercepts pointer events
          - retrying click action
            - waiting 500ms


       at frontend\pages\CEN\miniCartpageObjects\common\miniCart.ts:45

      43 |         await this.openMinicartButton.waitFor({ state: 'visible'});
      44 |         await this.page.waitForSelector(this.miniCartCommonSelectors.openMinicartButton);
    > 45 |         await this.openMinicartButton.click();
         |                                       ^
      46 |     }
      47 |
      48 |     async openProductFromMiniCart(): Promise<string> {
        at MiniCartDE.openMinicart (C:\Users\2368592\Cen end market test automation practice fix\cen-endmarkets-test\frontend\pages\CEN\miniCartpageObjects\common\miniCart.ts:45:39)
        at MiniCartDE.emptyMiniCart (C:\Users\2368592\Cen end market test automation practice fix\cen-endmarkets-test\frontend\pages\CEN\miniCartpageObjects\Glo\de\miniCart.ts:188:17)
        at C:\Users\2368592\Cen end market test automation practice fix\cen-endmarkets-test\frontend\tests\integration\CEN\regression\Glo\de\Couponcode\applyDiscountCode.spec.ts:39:5

    attachment #1: screenshot (image/png) ──────────────────────────────────────────────────────────
    test-results\frontend-tests-integration-bb3b2--coupon-to-the-cart-product-GLO-DE\test-failed-1.png
    ────────────────────────────────────────────────────────────────────────────────────────────────

    Error Context: test-results\frontend-tests-integration-bb3b2--coupon-to-the-cart-product-GLO-DE\error-context.md

    attachment #3: trace (application/zip) ─────────────────────────────────────────────────────────
    test-results\frontend-tests-integration-bb3b2--coupon-to-the-cart-product-GLO-DE\trace.zip
    Usage:

        npx playwright show-trace test-results\frontend-tests-integration-bb3b2--coupon-to-the-cart-product-GLO-DE\trace.zip

    ────────────────────────────────────────────────────────────────────────────────────────────────
]]>
</failure>
<system-out>
<![CDATA[
[[ATTACHMENT|..\test-results\frontend-tests-integration-bb3b2--coupon-to-the-cart-product-GLO-DE\test-failed-1.png]]

[[ATTACHMENT|..\test-results\frontend-tests-integration-bb3b2--coupon-to-the-cart-product-GLO-DE\error-context.md]]

[[ATTACHMENT|..\test-results\frontend-tests-integration-bb3b2--coupon-to-the-cart-product-GLO-DE\trace.zip]]
]]>
</system-out>
</testcase>
</testsuite>
<testsuite name="frontend\tests\integration\CEN\regression\Glo\de\deleteAccount\deleteAccount.spec.ts" timestamp="2026-02-18T15:54:26.256Z" hostname="GLO_DE" tests="1" failures="0" skipped="0" time="89.17" errors="0">
<testcase name="verify delete account › Verify delete existing user account" classname="frontend\tests\integration\CEN\regression\Glo\de\deleteAccount\deleteAccount.spec.ts" time="89.17">
<system-out>
<![CDATA[Die Konto-Anmeldung war nicht korrekt oder dein Konto ist vorübergehend deaktiviert. Bitte warte und versuche es später erneut.

[[ATTACHMENT|..\test-results\frontend-tests-integration-afd57-elete-existing-user-account-GLO-DE\test-finished-1.png]]

[[ATTACHMENT|..\test-results\frontend-tests-integration-afd57-elete-existing-user-account-GLO-DE\trace.zip]]
]]>
</system-out>
</testcase>
</testsuite>
<testsuite name="frontend\tests\integration\CEN\regression\Glo\de\error404\error404.spec.ts" timestamp="2026-02-18T15:54:26.256Z" hostname="GLO_DE" tests="1" failures="0" skipped="0" time="21.444" errors="0">
<testcase name="verify login and logout › Verify 404 page" classname="frontend\tests\integration\CEN\regression\Glo\de\error404\error404.spec.ts" time="21.444">
<system-out>
<![CDATA[
[[ATTACHMENT|..\test-results\frontend-tests-integration-ed893--and-logout-Verify-404-page-GLO-DE\test-finished-1.png]]

[[ATTACHMENT|..\test-results\frontend-tests-integration-ed893--and-logout-Verify-404-page-GLO-DE\trace.zip]]
]]>
</system-out>
</testcase>
</testsuite>
<testsuite name="frontend\tests\integration\CEN\regression\Glo\de\forgotPassword\forgotPassword.spec.ts" timestamp="2026-02-18T15:54:26.256Z" hostname="GLO_DE" tests="1" failures="1" skipped="0" time="114.021" errors="0">
<testcase name="verify forgot password › Verify forgot password " classname="frontend\tests\integration\CEN\regression\Glo\de\forgotPassword\forgotPassword.spec.ts" time="114.021">
<failure message="forgotPassword.spec.ts:36:9 Verify forgot password " type="FAILURE">
<![CDATA[  [GLO_DE] › frontend\tests\integration\CEN\regression\Glo\de\forgotPassword\forgotPassword.spec.ts:36:9 › verify forgot password › Verify forgot password  @intergration @signup › Register new user and verify the account 

    TimeoutError: locator.click: Timeout 80000ms exceeded.
    Call log:
      - waiting for locator('//button[@data-test-id=\'create-user-button\']|//span[text()=\'Erstelle deinen Account\']/..')
        - locator resolved to <button type="submit" disabled="disabled" title="Ein Konto erstellen" data-test-id="create-user-button" class="action submit primary btn-lg">…</button>
      - attempting click action
        2 × waiting for element to be visible, enabled and stable
          - element is not enabled
        - retrying click action
        - waiting 20ms
        2 × waiting for element to be visible, enabled and stable
          - element is not enabled
        - retrying click action
          - waiting 100ms
        151 × waiting for element to be visible, enabled and stable
            - element is not enabled
          - retrying click action
            - waiting 500ms


       at frontend\pages\CEN\signUpPageObjects\Glo\de\signInDE.ts:43

      41 |
      42 |     async clickOnCreateAccount(): Promise<void> {
    > 43 |         await this.createAccountBtn.click();
         |                                     ^
      44 |     }
      45 | }
        at SignInDE.clickOnCreateAccount (C:\Users\2368592\Cen end market test automation practice fix\cen-endmarkets-test\frontend\pages\CEN\signUpPageObjects\Glo\de\signInDE.ts:43:37)
        at C:\Users\2368592\Cen end market test automation practice fix\cen-endmarkets-test\frontend\tests\integration\CEN\regression\Glo\de\forgotPassword\forgotPassword.spec.ts:45:39

    attachment #1: screenshot (image/png) ──────────────────────────────────────────────────────────
    test-results\frontend-tests-integration-e7118-ord-Verify-forgot-password--GLO-DE\test-failed-1.png
    ────────────────────────────────────────────────────────────────────────────────────────────────

    Error Context: test-results\frontend-tests-integration-e7118-ord-Verify-forgot-password--GLO-DE\error-context.md

    attachment #3: trace (application/zip) ─────────────────────────────────────────────────────────
    test-results\frontend-tests-integration-e7118-ord-Verify-forgot-password--GLO-DE\trace.zip
    Usage:

        npx playwright show-trace test-results\frontend-tests-integration-e7118-ord-Verify-forgot-password--GLO-DE\trace.zip

    ────────────────────────────────────────────────────────────────────────────────────────────────
]]>
</failure>
<system-out>
<![CDATA[
[[ATTACHMENT|..\test-results\frontend-tests-integration-e7118-ord-Verify-forgot-password--GLO-DE\test-failed-1.png]]

[[ATTACHMENT|..\test-results\frontend-tests-integration-e7118-ord-Verify-forgot-password--GLO-DE\error-context.md]]

[[ATTACHMENT|..\test-results\frontend-tests-integration-e7118-ord-Verify-forgot-password--GLO-DE\trace.zip]]
]]>
</system-out>
</testcase>
</testsuite>
<testsuite name="frontend\tests\integration\CEN\regression\Glo\de\guestLogin\guestLoginCheckout.spec.ts" timestamp="2026-02-18T15:54:26.256Z" hostname="GLO_DE" tests="1" failures="1" skipped="0" time="107.922" errors="0">
<testcase name="verify Guest login checkout › Verify logging as guest and add products and verify products" classname="frontend\tests\integration\CEN\regression\Glo\de\guestLogin\guestLoginCheckout.spec.ts" time="107.922">
<failure message="guestLoginCheckout.spec.ts:49:7 Verify logging as guest and add products and verify products" type="FAILURE">
<![CDATA[  [GLO_DE] › frontend\tests\integration\CEN\regression\Glo\de\guestLogin\guestLoginCheckout.spec.ts:49:7 › verify Guest login checkout › Verify logging as guest and add products and verify products @intergration @guestLogin › Click on check out button in mini cart to navigate login page 

    TimeoutError: locator.click: Timeout 80000ms exceeded.
    Call log:
      - waiting for locator('a[data-test-id=\'minicart-button\'], div button[aria-label*=\'Toggle mini cart\']:nth-child(1)')
        - locator resolved to <a class="action showcart active" data-test-id="minicart-button" data-bind="scope: 'minicart_content'" href="https://mc-uat.myglo.com/de/de/checkout/cart/">…</a>
      - attempting click action
        2 × waiting for element to be visible, enabled and stable
          - element is visible, enabled and stable
          - scrolling into view if needed
          - done scrolling
          - <div class="block">…</div> from <div tabindex="-1" role="dialog" aria-describedby="ui-id-8" class="ui-dialog ui-corner-all ui-widget ui-widget-content ui-front mage-dropdown-dialog">…</div> subtree intercepts pointer events
        - retrying click action
        - waiting 20ms
        2 × waiting for element to be visible, enabled and stable
          - element is visible, enabled and stable
          - scrolling into view if needed
          - done scrolling
          - <div class="block">…</div> from <div tabindex="-1" role="dialog" aria-describedby="ui-id-8" class="ui-dialog ui-corner-all ui-widget ui-widget-content ui-front mage-dropdown-dialog">…</div> subtree intercepts pointer events
        - retrying click action
          - waiting 100ms
        141 × waiting for element to be visible, enabled and stable
            - element is visible, enabled and stable
            - scrolling into view if needed
            - done scrolling
            - <div class="block">…</div> from <div tabindex="-1" role="dialog" aria-describedby="ui-id-8" class="ui-dialog ui-corner-all ui-widget ui-widget-content ui-front mage-dropdown-dialog">…</div> subtree intercepts pointer events
          - retrying click action
            - waiting 500ms


       at frontend\pages\CEN\miniCartpageObjects\common\miniCart.ts:45

      43 |         await this.openMinicartButton.waitFor({ state: 'visible'});
      44 |         await this.page.waitForSelector(this.miniCartCommonSelectors.openMinicartButton);
    > 45 |         await this.openMinicartButton.click();
         |                                       ^
      46 |     }
      47 |
      48 |     async openProductFromMiniCart(): Promise<string> {
        at MiniCartDE.openMinicart (C:\Users\2368592\Cen end market test automation practice fix\cen-endmarkets-test\frontend\pages\CEN\miniCartpageObjects\common\miniCart.ts:45:39)
        at MiniCartDE.clickOnCheckoutButton (C:\Users\2368592\Cen end market test automation practice fix\cen-endmarkets-test\frontend\pages\CEN\miniCartpageObjects\Glo\de\miniCart.ts:89:9)
        at C:\Users\2368592\Cen end market test automation practice fix\cen-endmarkets-test\frontend\tests\integration\CEN\regression\Glo\de\guestLogin\guestLoginCheckout.spec.ts:52:7

    attachment #1: screenshot (image/png) ──────────────────────────────────────────────────────────
    test-results\frontend-tests-integration-57d7a-roducts-and-verify-products-GLO-DE\test-failed-1.png
    ────────────────────────────────────────────────────────────────────────────────────────────────

    Error Context: test-results\frontend-tests-integration-57d7a-roducts-and-verify-products-GLO-DE\error-context.md

    attachment #3: trace (application/zip) ─────────────────────────────────────────────────────────
    test-results\frontend-tests-integration-57d7a-roducts-and-verify-products-GLO-DE\trace.zip
    Usage:

        npx playwright show-trace test-results\frontend-tests-integration-57d7a-roducts-and-verify-products-GLO-DE\trace.zip

    ────────────────────────────────────────────────────────────────────────────────────────────────
]]>
</failure>
<system-out>
<![CDATA[
[[ATTACHMENT|..\test-results\frontend-tests-integration-57d7a-roducts-and-verify-products-GLO-DE\test-failed-1.png]]

[[ATTACHMENT|..\test-results\frontend-tests-integration-57d7a-roducts-and-verify-products-GLO-DE\error-context.md]]

[[ATTACHMENT|..\test-results\frontend-tests-integration-57d7a-roducts-and-verify-products-GLO-DE\trace.zip]]
]]>
</system-out>
</testcase>
</testsuite>
<testsuite name="frontend\tests\integration\CEN\regression\Glo\de\hav\verify_hav_timestamp_existing_user.spec.ts" timestamp="2026-02-18T15:54:26.256Z" hostname="GLO_DE" tests="1" failures="1" skipped="0" time="168.385" errors="0">
<testcase name="GloDE_Verify HAV timestamp on Order Details, Order Grid and Sales Report_New user (No renewal HAV timestamp) › GloDE_Verify HAV timestamp on Order Details for new user" classname="frontend\tests\integration\CEN\regression\Glo\de\hav\verify_hav_timestamp_existing_user.spec.ts" time="168.385">
<failure message="verify_hav_timestamp_existing_user.spec.ts:39:7 GloDE_Verify HAV timestamp on Order Details for new user" type="FAILURE">
<![CDATA[  [GLO_DE] › frontend\tests\integration\CEN\regression\Glo\de\hav\verify_hav_timestamp_existing_user.spec.ts:39:7 › GloDE_Verify HAV timestamp on Order Details, Order Grid and Sales Report_New user (No renewal HAV timestamp) › GloDE_Verify HAV timestamp on Order Details for new user @intergration @guestLogin 

    TimeoutError: page.waitForSelector: Timeout 80000ms exceeded.
    Call log:
      - waiting for locator('h3[data-test-id=\'order-success-heading\']') to be visible


       at frontend\pages\CEN\checkOutPageObjects\Glo\de\checkoutpageDE.ts:232

      230 |         await this.buyNowButton.scrollIntoViewIfNeeded();
      231 |         await this.buyNowButton.click();
    > 232 |         await this.page.waitForSelector(this.checkOutPageSelectors.orderSuccessMessageLabel);
          |                         ^
      233 |     }
      234 |
      235 |     async acceptTrialCondition() {
        at CheckOutPageDE.clickOnBuyNowButton (C:\Users\2368592\Cen end market test automation practice fix\cen-endmarkets-test\frontend\pages\CEN\checkOutPageObjects\Glo\de\checkoutpageDE.ts:232:25)
        at C:\Users\2368592\Cen end market test automation practice fix\cen-endmarkets-test\frontend\tests\integration\CEN\regression\Glo\de\hav\verify_hav_timestamp_existing_user.spec.ts:54:5

    attachment #1: screenshot (image/png) ──────────────────────────────────────────────────────────
    test-results\frontend-tests-integration-b19b8--Order-Details-for-new-user-GLO-DE\test-failed-1.png
    ────────────────────────────────────────────────────────────────────────────────────────────────

    Error Context: test-results\frontend-tests-integration-b19b8--Order-Details-for-new-user-GLO-DE\error-context.md

    attachment #3: trace (application/zip) ─────────────────────────────────────────────────────────
    test-results\frontend-tests-integration-b19b8--Order-Details-for-new-user-GLO-DE\trace.zip
    Usage:

        npx playwright show-trace test-results\frontend-tests-integration-b19b8--Order-Details-for-new-user-GLO-DE\trace.zip

    ────────────────────────────────────────────────────────────────────────────────────────────────
]]>
</failure>
<system-out>
<![CDATA[
[[ATTACHMENT|..\test-results\frontend-tests-integration-b19b8--Order-Details-for-new-user-GLO-DE\test-failed-1.png]]

[[ATTACHMENT|..\test-results\frontend-tests-integration-b19b8--Order-Details-for-new-user-GLO-DE\error-context.md]]

[[ATTACHMENT|..\test-results\frontend-tests-integration-b19b8--Order-Details-for-new-user-GLO-DE\trace.zip]]
]]>
</system-out>
</testcase>
</testsuite>
<testsuite name="frontend\tests\integration\CEN\regression\Glo\de\headerOptions\headerOptionsValidation.spec.ts" timestamp="2026-02-18T15:54:26.256Z" hostname="GLO_DE" tests="1" failures="0" skipped="0" time="29.592" errors="0">
<testcase name="Verify header buttons › Verify home page header section" classname="frontend\tests\integration\CEN\regression\Glo\de\headerOptions\headerOptionsValidation.spec.ts" time="29.592">
<system-out>
<![CDATA[
[[ATTACHMENT|..\test-results\frontend-tests-integration-4a9ee-fy-home-page-header-section-GLO-DE\test-finished-1.png]]

[[ATTACHMENT|..\test-results\frontend-tests-integration-4a9ee-fy-home-page-header-section-GLO-DE\trace.zip]]
]]>
</system-out>
</testcase>
</testsuite>
<testsuite name="frontend\tests\integration\CEN\regression\Glo\de\homePage\homepage_FooterValidation.spec.ts" timestamp="2026-02-18T15:54:26.256Z" hostname="GLO_DE" tests="1" failures="1" skipped="0" time="16.338" errors="0">
<testcase name="verify page footer section › Verify page footer section with navigate links and text" classname="frontend\tests\integration\CEN\regression\Glo\de\homePage\homepage_FooterValidation.spec.ts" time="16.338">
<failure message="homepage_FooterValidation.spec.ts:12:9 Verify page footer section with navigate links and text" type="FAILURE">
<![CDATA[  [GLO_DE] › frontend\tests\integration\CEN\regression\Glo\de\homePage\homepage_FooterValidation.spec.ts:12:9 › verify page footer section › Verify page footer section with navigate links and text @intergration @homePage › Navigate to footer section and verify text 

    Error: expect(locator).toHaveText(expected) failed

    Locator: locator('//div[@id=\'employer_label\']//span[1]')
    Expected: "Wir suchen Dich!"
    Timeout: 5000ms
    Error: element(s) not found

    Call log:
      - Expect "toHaveText" with timeout 5000ms
      - waiting for locator('//div[@id=\'employer_label\']//span[1]')


      12 |     test('Verify page footer section with navigate links and text', { tag: ["@intergration", "@homePage"] }, async ({ allure,  homePage}) => {
      13 |         await allure.step(`Navigate to footer section and verify text`, async () => {
    > 14 |           await expect(homePage.headerAndFooterDE.footerText).toHaveText(Constants.HomePage.footerText);
         |                                                               ^
      15 |           });
      16 |         // // await allure.step('Click on footer to expand and verify text', async() =>{
      17 |         // //   await homePage.headerAndFooterDE.clickToExpandFooter();
        at body (C:\Users\2368592\Cen end market test automation practice fix\cen-endmarkets-test\frontend\tests\integration\CEN\regression\Glo\de\homePage\homepage_FooterValidation.spec.ts:14:63)
        at body (C:\Users\2368592\Cen end market test automation practice fix\cen-endmarkets-test\node_modules\allure-js-commons\src\facade.ts:113:48)
        at call (C:\Users\2368592\Cen end market test automation practice fix\cen-endmarkets-test\node_modules\allure-playwright\src\runtime.ts:13:56)
        at Generator._invoke (C:\Users\2368592\Cen end market test automation practice fix\cen-endmarkets-test\node_modules\allure-playwright\src\runtime.ts:2:1)
        at Generator.next (C:\Users\2368592\Cen end market test automation practice fix\cen-endmarkets-test\node_modules\allure-playwright\src\runtime.ts:2:1)
        at asyncGeneratorStep (C:\Users\2368592\Cen end market test automation practice fix\cen-endmarkets-test\node_modules\allure-playwright\src\runtime.ts:2:1)
        at _next (C:\Users\2368592\Cen end market test automation practice fix\cen-endmarkets-test\node_modules\allure-playwright\src\runtime.ts:2:1)
        at C:\Users\2368592\Cen end market test automation practice fix\cen-endmarkets-test\node_modules\allure-playwright\src\runtime.ts:2:1
        at C:\Users\2368592\Cen end market test automation practice fix\cen-endmarkets-test\node_modules\allure-playwright\src\runtime.ts:2:1
        at call (C:\Users\2368592\Cen end market test automation practice fix\cen-endmarkets-test\node_modules\allure-playwright\src\runtime.ts:13:23)
        at Generator._invoke (C:\Users\2368592\Cen end market test automation practice fix\cen-endmarkets-test\node_modules\allure-playwright\src\runtime.ts:2:1)
        at Generator.next (C:\Users\2368592\Cen end market test automation practice fix\cen-endmarkets-test\node_modules\allure-playwright\src\runtime.ts:2:1)
        at asyncGeneratorStep (C:\Users\2368592\Cen end market test automation practice fix\cen-endmarkets-test\node_modules\allure-playwright\src\runtime.ts:2:1)
        at _next (C:\Users\2368592\Cen end market test automation practice fix\cen-endmarkets-test\node_modules\allure-playwright\src\runtime.ts:2:1)
        at C:\Users\2368592\Cen end market test automation practice fix\cen-endmarkets-test\node_modules\allure-playwright\src\runtime.ts:2:1
        at AllurePlaywrightTestRuntime.apply (C:\Users\2368592\Cen end market test automation practice fix\cen-endmarkets-test\node_modules\allure-playwright\src\runtime.ts:2:1)
        at AllurePlaywrightTestRuntime.step (C:\Users\2368592\Cen end market test automation practice fix\cen-endmarkets-test\node_modules\allure-playwright\src\runtime.ts:12:13)
        at callRuntimeMethod (C:\Users\2368592\Cen end market test automation practice fix\cen-endmarkets-test\node_modules\allure-js-commons\src\facade.ts:21:27)
        at Object.step (C:\Users\2368592\Cen end market test automation practice fix\cen-endmarkets-test\node_modules\allure-js-commons\src\facade.ts:113:10)
        at Object.step (C:\Users\2368592\Cen end market test automation practice fix\cen-endmarkets-test\node_modules\allure-playwright\src\legacy.ts:147:48)
        at C:\Users\2368592\Cen end market test automation practice fix\cen-endmarkets-test\frontend\tests\integration\CEN\regression\Glo\de\homePage\homepage_FooterValidation.spec.ts:13:22

    attachment #1: screenshot (image/png) ──────────────────────────────────────────────────────────
    test-results\frontend-tests-integration-680db-ith-navigate-links-and-text-GLO-DE\test-failed-1.png
    ────────────────────────────────────────────────────────────────────────────────────────────────

    Error Context: test-results\frontend-tests-integration-680db-ith-navigate-links-and-text-GLO-DE\error-context.md

    attachment #3: trace (application/zip) ─────────────────────────────────────────────────────────
    test-results\frontend-tests-integration-680db-ith-navigate-links-and-text-GLO-DE\trace.zip
    Usage:

        npx playwright show-trace test-results\frontend-tests-integration-680db-ith-navigate-links-and-text-GLO-DE\trace.zip

    ────────────────────────────────────────────────────────────────────────────────────────────────
]]>
</failure>
<system-out>
<![CDATA[
[[ATTACHMENT|..\test-results\frontend-tests-integration-680db-ith-navigate-links-and-text-GLO-DE\test-failed-1.png]]

[[ATTACHMENT|..\test-results\frontend-tests-integration-680db-ith-navigate-links-and-text-GLO-DE\error-context.md]]

[[ATTACHMENT|..\test-results\frontend-tests-integration-680db-ith-navigate-links-and-text-GLO-DE\trace.zip]]
]]>
</system-out>
</testcase>
</testsuite>
<testsuite name="frontend\tests\integration\CEN\regression\Glo\de\homePage\homepage_VisualValidation.spec.ts" timestamp="2026-02-18T15:54:26.256Z" hostname="GLO_DE" tests="6" failures="1" skipped="0" time="344.539" errors="0">
<testcase name="Validate_HomePage_Loads_With_Correct_Section_And_Elements › Verify_Bestseller_Section_In_Homepage" classname="frontend\tests\integration\CEN\regression\Glo\de\homePage\homepage_VisualValidation.spec.ts" time="252.171">
<failure message="homepage_VisualValidation.spec.ts:20:7 Verify_Bestseller_Section_In_Homepage" type="FAILURE">
<![CDATA[  [GLO_DE] › frontend\tests\integration\CEN\regression\Glo\de\homePage\homepage_VisualValidation.spec.ts:20:7 › Validate_HomePage_Loads_With_Correct_Section_And_Elements › Verify_Bestseller_Section_In_Homepage @integration @homepage @pass › Verify BestSeller title 

    Error: expect(locator).toBeVisible() failed

    Locator: locator('xpath=(//h2[@data-test-name=\'page-Bestsellers-title\'])[1]')
    Expected: visible
    Timeout: 240000ms
    Error: element(s) not found

    Call log:
      - Expect "toBeVisible" with timeout 240000ms
      - waiting for locator('xpath=(//h2[@data-test-name=\'page-Bestsellers-title\'])[1]')


      20 |   test('Verify_Bestseller_Section_In_Homepage', { tag: ["@integration", "@homepage", "@pass"] }, async ({ allure, homePage }) => {
      21 |     await allure.step('Verify BestSeller title', async () => {
    > 22 |       await expect(homePage.bestSellers.bestSellerLabel).toBeVisible({ timeout: config.timeout, visible: true });
         |                                                          ^
      23 |     });
      24 |     await allure.step('Verify the ProductList in BestSeller sesction', async () => {
      25 |       await Promise.all((await homePage.bestSellers.bestSellerProductNameLink.all()).map(async (productName, i) => {
        at body (C:\Users\2368592\Cen end market test automation practice fix\cen-endmarkets-test\frontend\tests\integration\CEN\regression\Glo\de\homePage\homepage_VisualValidation.spec.ts:22:58)
        at body (C:\Users\2368592\Cen end market test automation practice fix\cen-endmarkets-test\node_modules\allure-js-commons\src\facade.ts:113:48)
        at call (C:\Users\2368592\Cen end market test automation practice fix\cen-endmarkets-test\node_modules\allure-playwright\src\runtime.ts:13:56)
        at Generator._invoke (C:\Users\2368592\Cen end market test automation practice fix\cen-endmarkets-test\node_modules\allure-playwright\src\runtime.ts:2:1)
        at Generator.next (C:\Users\2368592\Cen end market test automation practice fix\cen-endmarkets-test\node_modules\allure-playwright\src\runtime.ts:2:1)
        at asyncGeneratorStep (C:\Users\2368592\Cen end market test automation practice fix\cen-endmarkets-test\node_modules\allure-playwright\src\runtime.ts:2:1)
        at _next (C:\Users\2368592\Cen end market test automation practice fix\cen-endmarkets-test\node_modules\allure-playwright\src\runtime.ts:2:1)
        at C:\Users\2368592\Cen end market test automation practice fix\cen-endmarkets-test\node_modules\allure-playwright\src\runtime.ts:2:1
        at C:\Users\2368592\Cen end market test automation practice fix\cen-endmarkets-test\node_modules\allure-playwright\src\runtime.ts:2:1
        at call (C:\Users\2368592\Cen end market test automation practice fix\cen-endmarkets-test\node_modules\allure-playwright\src\runtime.ts:13:23)
        at Generator._invoke (C:\Users\2368592\Cen end market test automation practice fix\cen-endmarkets-test\node_modules\allure-playwright\src\runtime.ts:2:1)
        at Generator.next (C:\Users\2368592\Cen end market test automation practice fix\cen-endmarkets-test\node_modules\allure-playwright\src\runtime.ts:2:1)
        at asyncGeneratorStep (C:\Users\2368592\Cen end market test automation practice fix\cen-endmarkets-test\node_modules\allure-playwright\src\runtime.ts:2:1)
        at _next (C:\Users\2368592\Cen end market test automation practice fix\cen-endmarkets-test\node_modules\allure-playwright\src\runtime.ts:2:1)
        at C:\Users\2368592\Cen end market test automation practice fix\cen-endmarkets-test\node_modules\allure-playwright\src\runtime.ts:2:1
        at AllurePlaywrightTestRuntime.apply (C:\Users\2368592\Cen end market test automation practice fix\cen-endmarkets-test\node_modules\allure-playwright\src\runtime.ts:2:1)
        at AllurePlaywrightTestRuntime.step (C:\Users\2368592\Cen end market test automation practice fix\cen-endmarkets-test\node_modules\allure-playwright\src\runtime.ts:12:13)
        at C:\Users\2368592\Cen end market test automation practice fix\cen-endmarkets-test\node_modules\allure-js-commons\src\facade.ts:26:31
        at C:\Users\2368592\Cen end market test automation practice fix\cen-endmarkets-test\frontend\tests\integration\CEN\regression\Glo\de\homePage\homepage_VisualValidation.spec.ts:21:5

    attachment #1: screenshot (image/png) ──────────────────────────────────────────────────────────
    test-results\frontend-tests-integration-9b548-tseller-Section-In-Homepage-GLO-DE\test-failed-1.png
    ────────────────────────────────────────────────────────────────────────────────────────────────

    Error Context: test-results\frontend-tests-integration-9b548-tseller-Section-In-Homepage-GLO-DE\error-context.md

    attachment #3: trace (application/zip) ─────────────────────────────────────────────────────────
    test-results\frontend-tests-integration-9b548-tseller-Section-In-Homepage-GLO-DE\trace.zip
    Usage:

        npx playwright show-trace test-results\frontend-tests-integration-9b548-tseller-Section-In-Homepage-GLO-DE\trace.zip

    ────────────────────────────────────────────────────────────────────────────────────────────────
]]>
</failure>
<system-out>
<![CDATA[
[[ATTACHMENT|..\test-results\frontend-tests-integration-9b548-tseller-Section-In-Homepage-GLO-DE\test-failed-1.png]]

[[ATTACHMENT|..\test-results\frontend-tests-integration-9b548-tseller-Section-In-Homepage-GLO-DE\error-context.md]]

[[ATTACHMENT|..\test-results\frontend-tests-integration-9b548-tseller-Section-In-Homepage-GLO-DE\trace.zip]]
]]>
</system-out>
</testcase>
<testcase name="Validate_HomePage_Loads_With_Correct_Section_And_Elements › Verify_No_Duplicate_Products_In_Bestseller_Section_In_Homepage" classname="frontend\tests\integration\CEN\regression\Glo\de\homePage\homepage_VisualValidation.spec.ts" time="12.56">
<system-out>
<![CDATA[
[[ATTACHMENT|..\test-results\frontend-tests-integration-359ac-tseller-Section-In-Homepage-GLO-DE\test-finished-1.png]]

[[ATTACHMENT|..\test-results\frontend-tests-integration-359ac-tseller-Section-In-Homepage-GLO-DE\trace.zip]]
]]>
</system-out>
</testcase>
<testcase name="Validate_HomePage_Loads_With_Correct_Section_And_Elements › Verify_Shop_Section_In_Homepage" classname="frontend\tests\integration\CEN\regression\Glo\de\homePage\homepage_VisualValidation.spec.ts" time="12.514">
<system-out>
<![CDATA[
[[ATTACHMENT|..\test-results\frontend-tests-integration-19960-fy-Shop-Section-In-Homepage-GLO-DE\test-finished-1.png]]

[[ATTACHMENT|..\test-results\frontend-tests-integration-19960-fy-Shop-Section-In-Homepage-GLO-DE\trace.zip]]
]]>
</system-out>
</testcase>
<testcase name="Validate_HomePage_Loads_With_Correct_Section_And_Elements › Verify_Blog_Section_In_Homepage " classname="frontend\tests\integration\CEN\regression\Glo\de\homePage\homepage_VisualValidation.spec.ts" time="10.742">
<system-out>
<![CDATA[
[[ATTACHMENT|..\test-results\frontend-tests-integration-f792a-y-Blog-Section-In-Homepage--GLO-DE\test-finished-1.png]]

[[ATTACHMENT|..\test-results\frontend-tests-integration-f792a-y-Blog-Section-In-Homepage--GLO-DE\trace.zip]]
]]>
</system-out>
</testcase>
<testcase name="Validate_HomePage_Loads_With_Correct_Section_And_Elements › Verify_Adding_Product_BestSellers_To_Mini_Cart_And_Validate_Product_Added_To_Cart_Displayed_In_Mini_Cart." classname="frontend\tests\integration\CEN\regression\Glo\de\homePage\homepage_VisualValidation.spec.ts" time="27.785">
<system-out>
<![CDATA[
[[ATTACHMENT|..\test-results\frontend-tests-integration-c8db6-art-Displayed-In-Mini-Cart--GLO-DE\test-finished-1.png]]

[[ATTACHMENT|..\test-results\frontend-tests-integration-c8db6-art-Displayed-In-Mini-Cart--GLO-DE\trace.zip]]
]]>
</system-out>
</testcase>
<testcase name="Validate_HomePage_Loads_With_Correct_Section_And_Elements › Verify_Adding_Product_BestSellers_To_Cart_And_Validate_Product_Added_To_Cart_Displayed_In_Cart" classname="frontend\tests\integration\CEN\regression\Glo\de\homePage\homepage_VisualValidation.spec.ts" time="28.767">
<system-out>
<![CDATA[
[[ATTACHMENT|..\test-results\frontend-tests-integration-38e16-d-To-Cart-Displayed-In-Cart-GLO-DE\test-finished-1.png]]

[[ATTACHMENT|..\test-results\frontend-tests-integration-38e16-d-To-Cart-Displayed-In-Cart-GLO-DE\trace.zip]]
]]>
</system-out>
</testcase>
</testsuite>
<testsuite name="frontend\tests\integration\CEN\regression\Glo\de\inspirationClub\inspirationClubSubscription.spec.ts" timestamp="2026-02-18T15:54:26.256Z" hostname="GLO_DE" tests="1" failures="1" skipped="0" time="54.263" errors="0">
<testcase name="verify Inspiration club subscription › verify inspiration club subscription" classname="frontend\tests\integration\CEN\regression\Glo\de\inspirationClub\inspirationClubSubscription.spec.ts" time="54.263">
<failure message="inspirationClubSubscription.spec.ts:35:9 verify inspiration club subscription" type="FAILURE">
<![CDATA[  [GLO_DE] › frontend\tests\integration\CEN\regression\Glo\de\inspirationClub\inspirationClubSubscription.spec.ts:35:9 › verify Inspiration club subscription › verify inspiration club subscription @intergration @signup › Register a user 

    TypeError: email.split is not a function

       at frontend\pages\CEN\mailinatorPageObject.ts:144

      142 |        // await this.page.locator(this.mailinatorSelectors.backToInbox).click();
      143 |        const mailinatorPage = await this.page.context().newPage();
    > 144 |         const userId = email.split("@")[0];
          |                              ^
      145 |         await mailinatorPage.goto(config.mailinatorLink + userId);
      146 |         await mailinatorPage.waitForLoadState('load');
      147 |         await mailinatorPage.locator(this.mailinatorSelectors.welcomeEmail).click();
        at MailinatorPage.verifyRegistrationSucessfullMail (C:\Users\2368592\Cen end market test automation practice fix\cen-endmarkets-test\frontend\pages\CEN\mailinatorPageObject.ts:144:30)
        at C:\Users\2368592\Cen end market test automation practice fix\cen-endmarkets-test\frontend\tests\integration\CEN\regression\Glo\de\inspirationClub\inspirationClubSubscription.spec.ts:44:13

    attachment #1: screenshot (image/png) ──────────────────────────────────────────────────────────
    test-results\frontend-tests-integration-e6f6e-spiration-club-subscription-GLO-DE\test-failed-3.png
    ────────────────────────────────────────────────────────────────────────────────────────────────

    attachment #2: screenshot (image/png) ──────────────────────────────────────────────────────────
    test-results\frontend-tests-integration-e6f6e-spiration-club-subscription-GLO-DE\test-failed-2.png
    ────────────────────────────────────────────────────────────────────────────────────────────────

    attachment #3: screenshot (image/png) ──────────────────────────────────────────────────────────
    test-results\frontend-tests-integration-e6f6e-spiration-club-subscription-GLO-DE\test-failed-1.png
    ────────────────────────────────────────────────────────────────────────────────────────────────

    Error Context: test-results\frontend-tests-integration-e6f6e-spiration-club-subscription-GLO-DE\error-context.md

    attachment #5: trace (application/zip) ─────────────────────────────────────────────────────────
    test-results\frontend-tests-integration-e6f6e-spiration-club-subscription-GLO-DE\trace.zip
    Usage:

        npx playwright show-trace test-results\frontend-tests-integration-e6f6e-spiration-club-subscription-GLO-DE\trace.zip

    ────────────────────────────────────────────────────────────────────────────────────────────────
]]>
</failure>
<system-out>
<![CDATA[
[[ATTACHMENT|..\test-results\frontend-tests-integration-e6f6e-spiration-club-subscription-GLO-DE\test-failed-3.png]]

[[ATTACHMENT|..\test-results\frontend-tests-integration-e6f6e-spiration-club-subscription-GLO-DE\test-failed-2.png]]

[[ATTACHMENT|..\test-results\frontend-tests-integration-e6f6e-spiration-club-subscription-GLO-DE\test-failed-1.png]]

[[ATTACHMENT|..\test-results\frontend-tests-integration-e6f6e-spiration-club-subscription-GLO-DE\error-context.md]]

[[ATTACHMENT|..\test-results\frontend-tests-integration-e6f6e-spiration-club-subscription-GLO-DE\trace.zip]]
]]>
</system-out>
</testcase>
</testsuite>
<testsuite name="frontend\tests\integration\CEN\regression\Glo\de\magento\Magento_Validation.spec.ts" timestamp="2026-02-18T15:54:26.256Z" hostname="GLO_DE" tests="1" failures="1" skipped="0" time="168.192" errors="0">
<testcase name="Verify order details including product list, pricing details are displayed  in Magento › Verify_Order_Details_Including_OrderId_Products_Price_Details_In_Magento" classname="frontend\tests\integration\CEN\regression\Glo\de\magento\Magento_Validation.spec.ts" time="168.192">
<failure message="Magento_Validation.spec.ts:67:7 Verify_Order_Details_Including_OrderId_Products_Price_Details_In_Magento" type="FAILURE">
<![CDATA[  [GLO_DE] › frontend\tests\integration\CEN\regression\Glo\de\magento\Magento_Validation.spec.ts:67:7 › Verify order details including product list, pricing details are displayed  in Magento › Verify_Order_Details_Including_OrderId_Products_Price_Details_In_Magento @integration @minicart 

    TimeoutError: page.waitForSelector: Timeout 80000ms exceeded.
    Call log:
      - waiting for locator('h3[data-test-id=\'order-success-heading\']') to be visible


       at frontend\pages\CEN\checkOutPageObjects\Glo\de\checkoutpageDE.ts:232

      230 |         await this.buyNowButton.scrollIntoViewIfNeeded();
      231 |         await this.buyNowButton.click();
    > 232 |         await this.page.waitForSelector(this.checkOutPageSelectors.orderSuccessMessageLabel);
          |                         ^
      233 |     }
      234 |
      235 |     async acceptTrialCondition() {
        at CheckOutPageDE.clickOnBuyNowButton (C:\Users\2368592\Cen end market test automation practice fix\cen-endmarkets-test\frontend\pages\CEN\checkOutPageObjects\Glo\de\checkoutpageDE.ts:232:25)
        at C:\Users\2368592\Cen end market test automation practice fix\cen-endmarkets-test\frontend\tests\integration\CEN\regression\Glo\de\magento\Magento_Validation.spec.ts:61:7

    attachment #1: screenshot (image/png) ──────────────────────────────────────────────────────────
    test-results\frontend-tests-integration-6af43-ts-Price-Details-In-Magento-GLO-DE\test-failed-1.png
    ────────────────────────────────────────────────────────────────────────────────────────────────

    Error Context: test-results\frontend-tests-integration-6af43-ts-Price-Details-In-Magento-GLO-DE\error-context.md

    attachment #3: trace (application/zip) ─────────────────────────────────────────────────────────
    test-results\frontend-tests-integration-6af43-ts-Price-Details-In-Magento-GLO-DE\trace.zip
    Usage:

        npx playwright show-trace test-results\frontend-tests-integration-6af43-ts-Price-Details-In-Magento-GLO-DE\trace.zip

    ────────────────────────────────────────────────────────────────────────────────────────────────
]]>
</failure>
<system-out>
<![CDATA[
[[ATTACHMENT|..\test-results\frontend-tests-integration-6af43-ts-Price-Details-In-Magento-GLO-DE\test-failed-1.png]]

[[ATTACHMENT|..\test-results\frontend-tests-integration-6af43-ts-Price-Details-In-Magento-GLO-DE\error-context.md]]

[[ATTACHMENT|..\test-results\frontend-tests-integration-6af43-ts-Price-Details-In-Magento-GLO-DE\trace.zip]]
]]>
</system-out>
</testcase>
</testsuite>
<testsuite name="frontend\tests\integration\CEN\regression\Glo\de\maximumQuantity\maximumQuantityValidation.spec.ts" timestamp="2026-02-18T15:54:26.256Z" hostname="GLO_DE" tests="1" failures="1" skipped="0" time="40.412" errors="0">
<testcase name="Verify_valid_error_message_is_displayed_when_product_is_out_of_stock › Verify_valid_error_message_is_displayed_when_product_is_out_of_stock" classname="frontend\tests\integration\CEN\regression\Glo\de\maximumQuantity\maximumQuantityValidation.spec.ts" time="40.412">
<failure message="maximumQuantityValidation.spec.ts:23:7 Verify_valid_error_message_is_displayed_when_product_is_out_of_stock" type="FAILURE">
<![CDATA[  [GLO_DE] › frontend\tests\integration\CEN\regression\Glo\de\maximumQuantity\maximumQuantityValidation.spec.ts:23:7 › Verify_valid_error_message_is_displayed_when_product_is_out_of_stock › Verify_valid_error_message_is_displayed_when_product_is_out_of_stock @integration @maximumQuantity › Validate max quantity error message dispalyed 

    Error: expect(locator).toHaveText(expected) failed

    Locator: locator('//div[@id=\'qty-error\']/font/font')
    Expected: "Das Maximum, welches Sie kaufen können ist 10000."
    Timeout: 10000ms
    Error: element(s) not found

    Call log:
      - Expect "toHaveText" with timeout 10000ms
      - waiting for locator('//div[@id=\'qty-error\']/font/font')


      35 |
      36 |        await allure.step('Validate max quantity error message dispalyed', async () => {
    > 37 |         await expect(pdpPage.pdpPageCommon.maxQtyErrorMessage).toHaveText(Constants.PDPPage.ErrorMessage.maxQuantity,{timeout:10000});
         |                                                                ^
      38 |        });
      39 |   });
      40 | });
        at body (C:\Users\2368592\Cen end market test automation practice fix\cen-endmarkets-test\frontend\tests\integration\CEN\regression\Glo\de\maximumQuantity\maximumQuantityValidation.spec.ts:37:64)
        at body (C:\Users\2368592\Cen end market test automation practice fix\cen-endmarkets-test\node_modules\allure-js-commons\src\facade.ts:113:48)
        at call (C:\Users\2368592\Cen end market test automation practice fix\cen-endmarkets-test\node_modules\allure-playwright\src\runtime.ts:13:56)
        at Generator._invoke (C:\Users\2368592\Cen end market test automation practice fix\cen-endmarkets-test\node_modules\allure-playwright\src\runtime.ts:2:1)
        at Generator.next (C:\Users\2368592\Cen end market test automation practice fix\cen-endmarkets-test\node_modules\allure-playwright\src\runtime.ts:2:1)
        at asyncGeneratorStep (C:\Users\2368592\Cen end market test automation practice fix\cen-endmarkets-test\node_modules\allure-playwright\src\runtime.ts:2:1)
        at _next (C:\Users\2368592\Cen end market test automation practice fix\cen-endmarkets-test\node_modules\allure-playwright\src\runtime.ts:2:1)
        at C:\Users\2368592\Cen end market test automation practice fix\cen-endmarkets-test\node_modules\allure-playwright\src\runtime.ts:2:1
        at C:\Users\2368592\Cen end market test automation practice fix\cen-endmarkets-test\node_modules\allure-playwright\src\runtime.ts:2:1
        at call (C:\Users\2368592\Cen end market test automation practice fix\cen-endmarkets-test\node_modules\allure-playwright\src\runtime.ts:13:23)
        at Generator._invoke (C:\Users\2368592\Cen end market test automation practice fix\cen-endmarkets-test\node_modules\allure-playwright\src\runtime.ts:2:1)
        at Generator.next (C:\Users\2368592\Cen end market test automation practice fix\cen-endmarkets-test\node_modules\allure-playwright\src\runtime.ts:2:1)
        at asyncGeneratorStep (C:\Users\2368592\Cen end market test automation practice fix\cen-endmarkets-test\node_modules\allure-playwright\src\runtime.ts:2:1)
        at _next (C:\Users\2368592\Cen end market test automation practice fix\cen-endmarkets-test\node_modules\allure-playwright\src\runtime.ts:2:1)
        at C:\Users\2368592\Cen end market test automation practice fix\cen-endmarkets-test\node_modules\allure-playwright\src\runtime.ts:2:1
        at AllurePlaywrightTestRuntime.apply (C:\Users\2368592\Cen end market test automation practice fix\cen-endmarkets-test\node_modules\allure-playwright\src\runtime.ts:2:1)
        at AllurePlaywrightTestRuntime.step (C:\Users\2368592\Cen end market test automation practice fix\cen-endmarkets-test\node_modules\allure-playwright\src\runtime.ts:12:13)
        at callRuntimeMethod (C:\Users\2368592\Cen end market test automation practice fix\cen-endmarkets-test\node_modules\allure-js-commons\src\facade.ts:21:27)
        at Object.step (C:\Users\2368592\Cen end market test automation practice fix\cen-endmarkets-test\node_modules\allure-js-commons\src\facade.ts:113:10)
        at Object.step (C:\Users\2368592\Cen end market test automation practice fix\cen-endmarkets-test\node_modules\allure-playwright\src\legacy.ts:147:48)
        at C:\Users\2368592\Cen end market test automation practice fix\cen-endmarkets-test\frontend\tests\integration\CEN\regression\Glo\de\maximumQuantity\maximumQuantityValidation.spec.ts:36:21

    attachment #1: screenshot (image/png) ──────────────────────────────────────────────────────────
    test-results\frontend-tests-integration-5a635-hen-product-is-out-of-stock-GLO-DE\test-failed-1.png
    ────────────────────────────────────────────────────────────────────────────────────────────────

    Error Context: test-results\frontend-tests-integration-5a635-hen-product-is-out-of-stock-GLO-DE\error-context.md

    attachment #3: trace (application/zip) ─────────────────────────────────────────────────────────
    test-results\frontend-tests-integration-5a635-hen-product-is-out-of-stock-GLO-DE\trace.zip
    Usage:

        npx playwright show-trace test-results\frontend-tests-integration-5a635-hen-product-is-out-of-stock-GLO-DE\trace.zip

    ────────────────────────────────────────────────────────────────────────────────────────────────
]]>
</failure>
<system-out>
<![CDATA[
[[ATTACHMENT|..\test-results\frontend-tests-integration-5a635-hen-product-is-out-of-stock-GLO-DE\test-failed-1.png]]

[[ATTACHMENT|..\test-results\frontend-tests-integration-5a635-hen-product-is-out-of-stock-GLO-DE\error-context.md]]

[[ATTACHMENT|..\test-results\frontend-tests-integration-5a635-hen-product-is-out-of-stock-GLO-DE\trace.zip]]
]]>
</system-out>
</testcase>
</testsuite>
<testsuite name="frontend\tests\integration\CEN\regression\Glo\de\minicart\minicart_Validation.spec.ts" timestamp="2026-02-18T15:54:26.256Z" hostname="GLO_DE" tests="8" failures="1" skipped="0" time="326.997" errors="0">
<testcase name="Validate_Mini_Cart_Functionality › Verify_Product_Added_To_Minicart_Is_Available_In_Minicart_With_Correct_Quantity" classname="frontend\tests\integration\CEN\regression\Glo\de\minicart\minicart_Validation.spec.ts" time="36.437">
<system-out>
<![CDATA[
[[ATTACHMENT|..\test-results\frontend-tests-integration-9ff93-icart-With-Correct-Quantity-GLO-DE\test-finished-1.png]]

[[ATTACHMENT|..\test-results\frontend-tests-integration-9ff93-icart-With-Correct-Quantity-GLO-DE\trace.zip]]
]]>
</system-out>
</testcase>
<testcase name="Validate_Mini_Cart_Functionality › Verify_Multiple_Product_Added_To_Minicart_Is_Available_With_correct quantity" classname="frontend\tests\integration\CEN\regression\Glo\de\minicart\minicart_Validation.spec.ts" time="37.583">
<system-out>
<![CDATA[
[[ATTACHMENT|..\test-results\frontend-tests-integration-fcdb1-lable-With-correct-quantity-GLO-DE\test-finished-1.png]]

[[ATTACHMENT|..\test-results\frontend-tests-integration-fcdb1-lable-With-correct-quantity-GLO-DE\trace.zip]]
]]>
</system-out>
</testcase>
<testcase name="Validate_Mini_Cart_Functionality › Verify_Navigating_To_PDP_Page_From_Mini_Cart" classname="frontend\tests\integration\CEN\regression\Glo\de\minicart\minicart_Validation.spec.ts" time="35.096">
<system-out>
<![CDATA[
[[ATTACHMENT|..\test-results\frontend-tests-integration-77f47--To-PDP-Page-From-Mini-Cart-GLO-DE\test-finished-1.png]]

[[ATTACHMENT|..\test-results\frontend-tests-integration-77f47--To-PDP-Page-From-Mini-Cart-GLO-DE\trace.zip]]
]]>
</system-out>
</testcase>
<testcase name="Validate_Mini_Cart_Functionality › Verify_Product_Added_To_Minicart_Is_Available_In_Minicart_With_Expected_Quantity" classname="frontend\tests\integration\CEN\regression\Glo\de\minicart\minicart_Validation.spec.ts" time="45.699">
<system-out>
<![CDATA[
[[ATTACHMENT|..\test-results\frontend-tests-integration-46598-cart-With-Expected-Quantity-GLO-DE\test-finished-1.png]]

[[ATTACHMENT|..\test-results\frontend-tests-integration-46598-cart-With-Expected-Quantity-GLO-DE\trace.zip]]
]]>
</system-out>
</testcase>
<testcase name="Validate_Mini_Cart_Functionality › Verify_Total_Number_Of_Products_In_Mini_Cart" classname="frontend\tests\integration\CEN\regression\Glo\de\minicart\minicart_Validation.spec.ts" time="41.604">
<system-out>
<![CDATA[
[[ATTACHMENT|..\test-results\frontend-tests-integration-11721-er-Of-Products-In-Mini-Cart-GLO-DE\test-finished-1.png]]

[[ATTACHMENT|..\test-results\frontend-tests-integration-11721-er-Of-Products-In-Mini-Cart-GLO-DE\trace.zip]]
]]>
</system-out>
</testcase>
<testcase name="Validate_Mini_Cart_Functionality › Verify_Increase_Product_Quantity_From_Mini_Cart" classname="frontend\tests\integration\CEN\regression\Glo\de\minicart\minicart_Validation.spec.ts" time="49.129">
<system-out>
<![CDATA[
[[ATTACHMENT|..\test-results\frontend-tests-integration-6de45-uct-Quantity-From-Mini-Cart-GLO-DE\test-finished-1.png]]

[[ATTACHMENT|..\test-results\frontend-tests-integration-6de45-uct-Quantity-From-Mini-Cart-GLO-DE\trace.zip]]
]]>
</system-out>
</testcase>
<testcase name="Validate_Mini_Cart_Functionality › Verify_Decrease_Product_Quantity_From_Mini_Cart" classname="frontend\tests\integration\CEN\regression\Glo\de\minicart\minicart_Validation.spec.ts" time="46.149">
<failure message="minicart_Validation.spec.ts:130:9 Verify_Decrease_Product_Quantity_From_Mini_Cart" type="FAILURE">
<![CDATA[  [GLO_DE] › frontend\tests\integration\CEN\regression\Glo\de\minicart\minicart_Validation.spec.ts:130:9 › Validate_Mini_Cart_Functionality › Verify_Decrease_Product_Quantity_From_Mini_Cart @integration @minicart › decrease the product from the minicart 

    Error: locator.click: Element is not visible
    Call log:
      - waiting for locator('//a[text()=\'glo™ Hyper Pro\']/parent::strong/following-sibling::div//a[@data-test-id=\'minicart-decrease-product-count\']')
        - locator resolved to <a data-cart-item="25889795" class="qty-block qty-minus" id="qty-minus-cart-item-25889795" data-test-id="minicart-decrease-product-count" data-bind="attr: {↵                            id: 'qty-minus-cart-item-'+item_id,↵                            'data-cart-item': item_id↵                        }">-↵                    </a>
      - attempting click action
        - scrolling into view if needed


       at frontend\pages\CEN\miniCartpageObjects\Glo\de\miniCart.ts:131

[...]


       at frontend\pages\CEN\signUpPageObjects\Glo\de\signInDE.ts:43

      41 |
      42 |     async clickOnCreateAccount(): Promise<void> {
    > 43 |         await this.createAccountBtn.click();
         |                                     ^
      44 |     }
      45 | }
        at SignInDE.clickOnCreateAccount (C:\Users\2368592\Cen end market test automation practice fix\cen-endmarkets-test\frontend\pages\CEN\signUpPageObjects\Glo\de\signInDE.ts:43:37)
        at body (C:\Users\2368592\Cen end market test automation practice fix\cen-endmarkets-test\frontend\tests\integration\CEN\regression\Glo\de\signUp\accountSignup_manualAddress_InspirationClub.spec.ts:75:39)
        at body (C:\Users\2368592\Cen end market test automation practice fix\cen-endmarkets-test\node_modules\allure-js-commons\src\facade.ts:113:48)
        at call (C:\Users\2368592\Cen end market test automation practice fix\cen-endmarkets-test\node_modules\allure-playwright\src\runtime.ts:13:56)
        at Generator._invoke (C:\Users\2368592\Cen end market test automation practice fix\cen-endmarkets-test\node_modules\allure-playwright\src\runtime.ts:2:1)
        at Generator.next (C:\Users\2368592\Cen end market test automation practice fix\cen-endmarkets-test\node_modules\allure-playwright\src\runtime.ts:2:1)
        at asyncGeneratorStep (C:\Users\2368592\Cen end market test automation practice fix\cen-endmarkets-test\node_modules\allure-playwright\src\runtime.ts:2:1)
        at _next (C:\Users\2368592\Cen end market test automation practice fix\cen-endmarkets-test\node_modules\allure-playwright\src\runtime.ts:2:1)
        at C:\Users\2368592\Cen end market test automation practice fix\cen-endmarkets-test\node_modules\allure-playwright\src\runtime.ts:2:1
        at C:\Users\2368592\Cen end market test automation practice fix\cen-endmarkets-test\node_modules\allure-playwright\src\runtime.ts:2:1
        at call (C:\Users\2368592\Cen end market test automation practice fix\cen-endmarkets-test\node_modules\allure-playwright\src\runtime.ts:13:23)
        at Generator._invoke (C:\Users\2368592\Cen end market test automation practice fix\cen-endmarkets-test\node_modules\allure-playwright\src\runtime.ts:2:1)
        at Generator.next (C:\Users\2368592\Cen end market test automation practice fix\cen-endmarkets-test\node_modules\allure-playwright\src\runtime.ts:2:1)
        at asyncGeneratorStep (C:\Users\2368592\Cen end market test automation practice fix\cen-endmarkets-test\node_modules\allure-playwright\src\runtime.ts:2:1)
        at _next (C:\Users\2368592\Cen end market test automation practice fix\cen-endmarkets-test\node_modules\allure-playwright\src\runtime.ts:2:1)
        at C:\Users\2368592\Cen end market test automation practice fix\cen-endmarkets-test\node_modules\allure-playwright\src\runtime.ts:2:1
        at AllurePlaywrightTestRuntime.apply (C:\Users\2368592\Cen end market test automation practice fix\cen-endmarkets-test\node_modules\allure-playwright\src\runtime.ts:2:1)
        at AllurePlaywrightTestRuntime.step (C:\Users\2368592\Cen end market test automation practice fix\cen-endmarkets-test\node_modules\allure-playwright\src\runtime.ts:12:13)
        at callRuntimeMethod (C:\Users\2368592\Cen end market test automation practice fix\cen-endmarkets-test\node_modules\allure-js-commons\src\facade.ts:21:27)
        at Object.step (C:\Users\2368592\Cen end market test automation practice fix\cen-endmarkets-test\node_modules\allure-js-commons\src\facade.ts:113:10)
        at Object.step (C:\Users\2368592\Cen end market test automation practice fix\cen-endmarkets-test\node_modules\allure-playwright\src\legacy.ts:147:48)
        at C:\Users\2368592\Cen end market test automation practice fix\cen-endmarkets-test\frontend\tests\integration\CEN\regression\Glo\de\signUp\accountSignup_manualAddress_InspirationClub.spec.ts:74:22

    attachment #1: screenshot (image/png) ──────────────────────────────────────────────────────────
    test-results\frontend-tests-integration-77d76-spiration-club-subscription-GLO-DE\test-failed-1.png
    ────────────────────────────────────────────────────────────────────────────────────────────────

    Error Context: test-results\frontend-tests-integration-77d76-spiration-club-subscription-GLO-DE\error-context.md

    attachment #3: trace (application/zip) ─────────────────────────────────────────────────────────
    test-results\frontend-tests-integration-77d76-spiration-club-subscription-GLO-DE\trace.zip
    Usage:

        npx playwright show-trace test-results\frontend-tests-integration-77d76-spiration-club-subscription-GLO-DE\trace.zip

    ────────────────────────────────────────────────────────────────────────────────────────────────
]]>
</failure>
<system-out>
<![CDATA[
[[ATTACHMENT|..\test-results\frontend-tests-integration-77d76-spiration-club-subscription-GLO-DE\test-failed-1.png]]

[[ATTACHMENT|..\test-results\frontend-tests-integration-77d76-spiration-club-subscription-GLO-DE\error-context.md]]

[[ATTACHMENT|..\test-results\frontend-tests-integration-77d76-spiration-club-subscription-GLO-DE\trace.zip]]
]]>
</system-out>
</testcase>
</testsuite>
<testsuite name="frontend\tests\integration\CEN\regression\Glo\de\signUp\accountSignup_manualAddress_newsletter.spec.ts" timestamp="2026-02-18T15:54:26.256Z" hostname="GLO_DE" tests="1" failures="0" skipped="0" time="62.331" errors="0">
<testcase name="verify account signup with manual address and newsletter subscription › verify account signup with manual address and inspiration club subscription" classname="frontend\tests\integration\CEN\regression\Glo\de\signUp\accountSignup_manualAddress_newsletter.spec.ts" time="62.331">
<system-out>
<![CDATA[
[[ATTACHMENT|..\test-results\frontend-tests-integration-19be4-spiration-club-subscription-GLO-DE\test-finished-1.png]]

[[ATTACHMENT|..\test-results\frontend-tests-integration-19be4-spiration-club-subscription-GLO-DE\trace.zip]]
]]>
</system-out>
</testcase>
</testsuite>
<testsuite name="frontend\tests\integration\CEN\regression\Glo\de\signUp\accountSignup.spec.ts" timestamp="2026-02-18T15:54:26.256Z" hostname="GLO_DE" tests="6" failures="3" skipped="0" time="466.309" errors="0">
<testcase name="verify account signup › Validate error message for mobile numberfield" classname="frontend\tests\integration\CEN\regression\Glo\de\signUp\accountSignup.spec.ts" time="34.242">
<system-out>
<![CDATA[
[[ATTACHMENT|..\test-results\frontend-tests-integration-7985e-sage-for-mobile-numberfield-GLO-DE\test-finished-1.png]]

[[ATTACHMENT|..\test-results\frontend-tests-integration-7985e-sage-for-mobile-numberfield-GLO-DE\trace.zip]]
]]>
</system-out>
</testcase>
<testcase name="verify account signup › Validate the blank fields for email and password" classname="frontend\tests\integration\CEN\regression\Glo\de\signUp\accountSignup.spec.ts" time="109.037">
<failure message="accountSignup.spec.ts:61:9 Validate the blank fields for email and password" type="FAILURE">
<![CDATA[  [GLO_DE] › frontend\tests\integration\CEN\regression\Glo\de\signUp\accountSignup.spec.ts:61:9 › verify account signup › Validate the blank fields for email and password @intergration @signup @pass › Enter random text in Address field and select address from dropdown  

    TimeoutError: locator.click: Timeout 80000ms exceeded.
    Call log:
      - waiting for locator('li[data-testid*=\'default-list-item\']')


       at frontend\pages\CEN\signUpPageObjects\Glo\de\addressDE.ts:107

      105 |         await this.telephoneTextField.fill(testData.telephone);
      106 |         await this.addressSearch.fill(Constants.SignupPage.searchPlace); 
    > 107 |         await this.selectAddress.click();
          |                                  ^
      108 |     }
      109 |     async enterCredentials(opts: { email: string; password: string; confirmPassword: string }): Promise<void> {
      110 |     await this.email.fill(opts.email);
        at AddressDE.enterAddressFromDropDown (C:\Users\2368592\Cen end market test automation practice fix\cen-endmarkets-test\frontend\pages\CEN\signUpPageObjects\Glo\de\addressDE.ts:107:34)
        at C:\Users\2368592\Cen end market test automation practice fix\cen-endmarkets-test\frontend\tests\integration\CEN\regression\Glo\de\signUp\accountSignup.spec.ts:70:13

    attachment #1: screenshot (image/png) ──────────────────────────────────────────────────────────
    test-results\frontend-tests-integration-74792-elds-for-email-and-password-GLO-DE\test-failed-1.png
    ────────────────────────────────────────────────────────────────────────────────────────────────

    Error Context: test-results\frontend-tests-integration-74792-elds-for-email-and-password-GLO-DE\error-context.md

    attachment #3: trace (application/zip) ─────────────────────────────────────────────────────────
    test-results\frontend-tests-integration-74792-elds-for-email-and-password-GLO-DE\trace.zip
    Usage:

        npx playwright show-trace test-results\frontend-tests-integration-74792-elds-for-email-and-password-GLO-DE\trace.zip

    ────────────────────────────────────────────────────────────────────────────────────────────────
]]>
</failure>
<system-out>
<![CDATA[
[[ATTACHMENT|..\test-results\frontend-tests-integration-74792-elds-for-email-and-password-GLO-DE\test-failed-1.png]]

[[ATTACHMENT|..\test-results\frontend-tests-integration-74792-elds-for-email-and-password-GLO-DE\error-context.md]]

[[ATTACHMENT|..\test-results\frontend-tests-integration-74792-elds-for-email-and-password-GLO-DE\trace.zip]]
]]>
</system-out>
</testcase>
<testcase name="verify account signup › Validate the  password format" classname="frontend\tests\integration\CEN\regression\Glo\de\signUp\accountSignup.spec.ts" time="110.477">
<failure message="accountSignup.spec.ts:89:9 Validate the  password format" type="FAILURE">
<![CDATA[  [GLO_DE] › frontend\tests\integration\CEN\regression\Glo\de\signUp\accountSignup.spec.ts:89:9 › verify account signup › Validate the  password format @intergration @signup @pass › Enter random text in Address field and select address from dropdown  

    TimeoutError: locator.click: Timeout 80000ms exceeded.
    Call log:
      - waiting for locator('li[data-testid*=\'default-list-item\']')


       at frontend\pages\CEN\signUpPageObjects\Glo\de\addressDE.ts:107

      105 |         await this.telephoneTextField.fill(testData.telephone);
      106 |         await this.addressSearch.fill(Constants.SignupPage.searchPlace); 
    > 107 |         await this.selectAddress.click();
          |                                  ^
      108 |     }
      109 |     async enterCredentials(opts: { email: string; password: string; confirmPassword: string }): Promise<void> {
      110 |     await this.email.fill(opts.email);
        at AddressDE.enterAddressFromDropDown (C:\Users\2368592\Cen end market test automation practice fix\cen-endmarkets-test\frontend\pages\CEN\signUpPageObjects\Glo\de\addressDE.ts:107:34)
        at C:\Users\2368592\Cen end market test automation practice fix\cen-endmarkets-test\frontend\tests\integration\CEN\regression\Glo\de\signUp\accountSignup.spec.ts:98:13

    attachment #1: screenshot (image/png) ──────────────────────────────────────────────────────────
    test-results\frontend-tests-integration-2c4a7-alidate-the-password-format-GLO-DE\test-failed-1.png
    ────────────────────────────────────────────────────────────────────────────────────────────────

    Error Context: test-results\frontend-tests-integration-2c4a7-alidate-the-password-format-GLO-DE\error-context.md

    attachment #3: trace (application/zip) ─────────────────────────────────────────────────────────
    test-results\frontend-tests-integration-2c4a7-alidate-the-password-format-GLO-DE\trace.zip
    Usage:

        npx playwright show-trace test-results\frontend-tests-integration-2c4a7-alidate-the-password-format-GLO-DE\trace.zip

    ────────────────────────────────────────────────────────────────────────────────────────────────
]]>
</failure>
<system-out>
<![CDATA[
[[ATTACHMENT|..\test-results\frontend-tests-integration-2c4a7-alidate-the-password-format-GLO-DE\test-failed-1.png]]

[[ATTACHMENT|..\test-results\frontend-tests-integration-2c4a7-alidate-the-password-format-GLO-DE\error-context.md]]

[[ATTACHMENT|..\test-results\frontend-tests-integration-2c4a7-alidate-the-password-format-GLO-DE\trace.zip]]
]]>
</system-out>
</testcase>
<testcase name="verify account signup › Validate incorrect password message" classname="frontend\tests\integration\CEN\regression\Glo\de\signUp\accountSignup.spec.ts" time="112.749">
<failure message="accountSignup.spec.ts:112:9 Validate incorrect password message" type="FAILURE">
<![CDATA[  [GLO_DE] › frontend\tests\integration\CEN\regression\Glo\de\signUp\accountSignup.spec.ts:112:9 › verify account signup › Validate incorrect password message @intergration @signup › Enter random text in Address field and select address from dropdown  

    TimeoutError: locator.click: Timeout 80000ms exceeded.
    Call log:
      - waiting for locator('li[data-testid*=\'default-list-item\']')


       at frontend\pages\CEN\signUpPageObjects\Glo\de\addressDE.ts:107

      105 |         await this.telephoneTextField.fill(testData.telephone);
      106 |         await this.addressSearch.fill(Constants.SignupPage.searchPlace); 
    > 107 |         await this.selectAddress.click();
          |                                  ^
      108 |     }
      109 |     async enterCredentials(opts: { email: string; password: string; confirmPassword: string }): Promise<void> {
      110 |     await this.email.fill(opts.email);
        at AddressDE.enterAddressFromDropDown (C:\Users\2368592\Cen end market test automation practice fix\cen-endmarkets-test\frontend\pages\CEN\signUpPageObjects\Glo\de\addressDE.ts:107:34)
        at C:\Users\2368592\Cen end market test automation practice fix\cen-endmarkets-test\frontend\tests\integration\CEN\regression\Glo\de\signUp\accountSignup.spec.ts:121:13

    attachment #1: screenshot (image/png) ──────────────────────────────────────────────────────────
    test-results\frontend-tests-integration-da521--incorrect-password-message-GLO-DE\test-failed-1.png
    ────────────────────────────────────────────────────────────────────────────────────────────────

    Error Context: test-results\frontend-tests-integration-da521--incorrect-password-message-GLO-DE\error-context.md

    attachment #3: trace (application/zip) ─────────────────────────────────────────────────────────
    test-results\frontend-tests-integration-da521--incorrect-password-message-GLO-DE\trace.zip
    Usage:

        npx playwright show-trace test-results\frontend-tests-integration-da521--incorrect-password-message-GLO-DE\trace.zip

    ────────────────────────────────────────────────────────────────────────────────────────────────
]]>
</failure>
<system-out>
<![CDATA[
[[ATTACHMENT|..\test-results\frontend-tests-integration-da521--incorrect-password-message-GLO-DE\test-failed-1.png]]

[[ATTACHMENT|..\test-results\frontend-tests-integration-da521--incorrect-password-message-GLO-DE\error-context.md]]

[[ATTACHMENT|..\test-results\frontend-tests-integration-da521--incorrect-password-message-GLO-DE\trace.zip]]
]]>
</system-out>
</testcase>
<testcase name="verify account signup › verify account signup without newsletter and subscription" classname="frontend\tests\integration\CEN\regression\Glo\de\signUp\accountSignup.spec.ts" time="61.452">
<system-out>
<![CDATA[
[[ATTACHMENT|..\test-results\frontend-tests-integration-6524c-newsletter-and-subscription-GLO-DE\test-finished-2.png]]

[[ATTACHMENT|..\test-results\frontend-tests-integration-6524c-newsletter-and-subscription-GLO-DE\test-finished-1.png]]

[[ATTACHMENT|..\test-results\frontend-tests-integration-6524c-newsletter-and-subscription-GLO-DE\trace.zip]]
]]>
</system-out>
</testcase>
<testcase name="verify account signup › Desktop_GloDe_Verify phone number validation in user registration page" classname="frontend\tests\integration\CEN\regression\Glo\de\signUp\accountSignup.spec.ts" time="38.352">
<system-out>
<![CDATA[
[[ATTACHMENT|..\test-results\frontend-tests-integration-2e0d4-n-in-user-registration-page-GLO-DE\test-finished-1.png]]

[[ATTACHMENT|..\test-results\frontend-tests-integration-2e0d4-n-in-user-registration-page-GLO-DE\trace.zip]]
]]>
</system-out>
</testcase>
</testsuite>
<testsuite name="frontend\tests\integration\CEN\regression\Glo\de\storeLocator\storeLocator.spec.ts" timestamp="2026-02-18T15:54:26.256Z" hostname="GLO_DE" tests="1" failures="0" skipped="0" time="18.32" errors="0">
<testcase name="Verify Store Locator › Verify Store Locator Validation" classname="frontend\tests\integration\CEN\regression\Glo\de\storeLocator\storeLocator.spec.ts" time="18.32">
<system-out>
<![CDATA[
[[ATTACHMENT|..\test-results\frontend-tests-integration-56f67-fy-Store-Locator-Validation-GLO-DE\test-finished-1.png]]

[[ATTACHMENT|..\test-results\frontend-tests-integration-56f67-fy-Store-Locator-Validation-GLO-DE\trace.zip]]
]]>
</system-out>
</testcase>
</testsuite>
<testsuite name="frontend\tests\integration\CEN\regression\Glo\de\welcomeOffer\welcomeOffer.spec.ts" timestamp="2026-02-18T15:54:26.256Z" hostname="GLO_DE" tests="1" failures="1" skipped="0" time="60.349" errors="0">
<testcase name="verify welcome offer › Verify welcome offer for new user" classname="frontend\tests\integration\CEN\regression\Glo\de\welcomeOffer\welcomeOffer.spec.ts" time="60.349">
<failure message="welcomeOffer.spec.ts:45:7 Verify welcome offer for new user" type="FAILURE">
<![CDATA[  [GLO_DE] › frontend\tests\integration\CEN\regression\Glo\de\welcomeOffer\welcomeOffer.spec.ts:45:7 › verify welcome offer › Verify welcome offer for new user @intergration @welcomeOffer › Scroll down to step 1 and select a Device color 

    TypeError: Cannot read properties of undefined (reading 'click')

       at frontend\pages\CEN\welcomeOfferPage.ts:179

      177 |         const colours = await this.colours.all();
      178 |         const index = Math.floor(Math.random() * ((colours.length - 1) - 0 + 1)) + 0;
    > 179 |         await colours[index].click();
          |                              ^
      180 |     }
      181 |     async selectFirstPack(){
      182 |         const options = await this.pack1.locator('option').all();
        at WelcomeOfferPage.stepOneSelectColour (C:\Users\2368592\Cen end market test automation practice fix\cen-endmarkets-test\frontend\pages\CEN\welcomeOfferPage.ts:179:30)
        at C:\Users\2368592\Cen end market test automation practice fix\cen-endmarkets-test\frontend\tests\integration\CEN\regression\Glo\de\welcomeOffer\welcomeOffer.spec.ts:67:7

    attachment #1: screenshot (image/png) ──────────────────────────────────────────────────────────
    test-results\frontend-tests-integration-49ea2--welcome-offer-for-new-user-GLO-DE\test-failed-1.png
    ────────────────────────────────────────────────────────────────────────────────────────────────

    Error Context: test-results\frontend-tests-integration-49ea2--welcome-offer-for-new-user-GLO-DE\error-context.md

    attachment #3: trace (application/zip) ─────────────────────────────────────────────────────────
    test-results\frontend-tests-integration-49ea2--welcome-offer-for-new-user-GLO-DE\trace.zip
    Usage:

        npx playwright show-trace test-results\frontend-tests-integration-49ea2--welcome-offer-for-new-user-GLO-DE\trace.zip

    ────────────────────────────────────────────────────────────────────────────────────────────────
]]>
</failure>
<system-out>
<![CDATA[
[[ATTACHMENT|..\test-results\frontend-tests-integration-49ea2--welcome-offer-for-new-user-GLO-DE\test-failed-1.png]]

[[ATTACHMENT|..\test-results\frontend-tests-integration-49ea2--welcome-offer-for-new-user-GLO-DE\error-context.md]]

[[ATTACHMENT|..\test-results\frontend-tests-integration-49ea2--welcome-offer-for-new-user-GLO-DE\trace.zip]]
]]>
</system-out>
</testcase>
</testsuite>
</testsuites>